<?xml version="1.0" encoding="UTF-8"?>
<!-- Generated by org.testng.reporters.JUnitReportReporter -->
<testsuite skipped="0" hostname="DESKTOP-75OLIUH" name="com.facebook.pages.TestCases" tests="1" failures="0" timestamp="10 Oct 2017 21:31:05 GMT" time="14.452" errors="0">
  <testcase name="FacebookLogin" time="14.452" classname="com.facebook.pages.TestCases"/>
</testsuite> <!-- com.facebook.pages.TestCases -->
