<?xml version="1.0" encoding="UTF-8"?>
<!-- Generated by org.testng.reporters.JUnitReportReporter -->
<testsuite skipped="0" hostname="DESKTOP-75OLIUH" name="FirstClassWith2methods" tests="2" failures="0" timestamp="04 Oct 2017 02:53:03 GMT" time="61.485" errors="0">
  <testcase name="UsersAreAbleToSearch" time="61.136" classname="FirstClassWith2methods"/>
  <testcase name="test2" time="0.349" classname="FirstClassWith2methods"/>
</testsuite> <!-- FirstClassWith2methods -->
