<?xml version="1.0" encoding="UTF-8"?>
<!-- Generated by org.testng.reporters.JUnitReportReporter -->
<testsuite skipped="0" hostname="DESKTOP-75OLIUH" name="automationPractive.TestSetG" tests="1" failures="0" timestamp="31 Jan 2018 01:25:30 GMT" time="25.859" errors="0">
  <testcase name="test_701_display_WebTableCellValues" time="25.859" classname="automationPractive.TestSetG"/>
</testsuite> <!-- automationPractive.TestSetG -->
