<?xml version="1.0" encoding="UTF-8"?>
<!-- Generated by org.testng.reporters.JUnitReportReporter -->
<testsuite skipped="0" hostname="DESKTOP-75OLIUH" name="SecondClasssWith2Methods" tests="2" failures="0" timestamp="12 Jun 2018 02:26:33 GMT" time="55.953" errors="0">
  <testcase name="test2" time="0.309" classname="SecondClasssWith2Methods"/>
  <testcase name="UsersAreAbleToSearch" time="55.644" classname="SecondClasssWith2Methods"/>
</testsuite> <!-- SecondClasssWith2Methods -->
