<?xml version="1.0" encoding="UTF-8"?>
<!-- Generated by org.testng.reporters.JUnitReportReporter -->
<testsuite skipped="0" hostname="DESKTOP-75OLIUH" name="FirstClassWith2methods" tests="2" failures="0" timestamp="21 Dec 2017 03:16:46 GMT" time="62.406" errors="0">
  <testcase name="UsersAreAbleToSearch" time="61.942" classname="FirstClassWith2methods"/>
  <testcase name="test2" time="0.464" classname="FirstClassWith2methods"/>
</testsuite> <!-- FirstClassWith2methods -->
