<?xml version="1.0" encoding="UTF-8"?>
<!-- Generated by org.testng.reporters.JUnitReportReporter -->
<testsuite skipped="0" hostname="DESKTOP-75OLIUH" name="SecondClasssWith2Methods" tests="2" failures="0" timestamp="25 Oct 2017 00:27:33 GMT" time="62.342" errors="0">
  <testcase name="UsersAreAbleToSearch" time="61.838" classname="SecondClasssWith2Methods"/>
  <testcase name="test2" time="0.504" classname="SecondClasssWith2Methods"/>
</testsuite> <!-- SecondClasssWith2Methods -->
