<?xml version="1.0" encoding="UTF-8"?>
<!-- Generated by org.testng.reporters.JUnitReportReporter -->
<testsuite skipped="0" hostname="DESKTOP-75OLIUH" name="SecondClasssWith2Methods" tests="2" failures="0" timestamp="18 Jan 2018 20:27:56 GMT" time="62.734" errors="0">
  <testcase name="test2" time="0.483" classname="SecondClasssWith2Methods"/>
  <testcase name="UsersAreAbleToSearch" time="62.251" classname="SecondClasssWith2Methods"/>
</testsuite> <!-- SecondClasssWith2Methods -->
