<?xml version="1.0" encoding="UTF-8"?>
<!-- Generated by org.testng.reporters.JUnitReportReporter -->
<testsuite skipped="0" hostname="DESKTOP-75OLIUH" name="MC.TestSetF" tests="13" failures="0" timestamp="03 Feb 2018 21:15:10 GMT" time="692.765" errors="0">
  <testcase name="TC_405_MC_FF_A" time="59.822" classname="MC.TestSetF"/>
  <testcase name="TC_406_MC_FF_B" time="56.726" classname="MC.TestSetF"/>
  <testcase name="TC_402_MC_GC_A" time="48.293" classname="MC.TestSetF"/>
  <testcase name="TC_408_MC_ME_A" time="41.097" classname="MC.TestSetF"/>
  <testcase name="TC_403_MC_GC_B" time="47.691" classname="MC.TestSetF"/>
  <testcase name="TC_404_MC_GC_C" time="49.095" classname="MC.TestSetF"/>
  <testcase name="TC_412_DownAndUPonly_FF" time="73.544" classname="MC.TestSetF"/>
  <testcase name="TC_10_MC_ME_C" time="41.283" classname="MC.TestSetF"/>
  <testcase name="CalculateMortgatePayment_HardCodedValues" time="54.449" classname="MC.TestSetF"/>
  <testcase name="TC_411_DownAndUPonly_CHROME" time="62.794" classname="MC.TestSetF"/>
  <testcase name="TC_407_MC_FF_C" time="58.713" classname="MC.TestSetF"/>
  <testcase name="TC_409_MC_ME_B" time="40.848" classname="MC.TestSetF"/>
  <testcase name="TC_413_DownAndUPonly_ME" time="58.410" classname="MC.TestSetF"/>
</testsuite> <!-- MC.TestSetF -->
