<?xml version="1.0" encoding="UTF-8"?>
<!-- Generated by org.testng.reporters.JUnitReportReporter -->
<testsuite skipped="0" hostname="DESKTOP-75OLIUH" name="FirstClassWith2methods" tests="2" failures="0" timestamp="08 Mar 2018 23:38:43 GMT" time="66.719" errors="0">
  <testcase name="UsersAreAbleToSearch" time="66.256" classname="FirstClassWith2methods"/>
  <testcase name="test2" time="0.463" classname="FirstClassWith2methods"/>
</testsuite> <!-- FirstClassWith2methods -->
