<?xml version="1.0" encoding="UTF-8"?>
<!-- Generated by org.testng.reporters.JUnitReportReporter -->
<testsuite skipped="0" hostname="DESKTOP-75OLIUH" name="SecondClasssWith2Methods" tests="2" failures="0" timestamp="18 Oct 2017 16:39:46 GMT" time="66.536" errors="0">
  <testcase name="test2" time="0.355" classname="SecondClasssWith2Methods"/>
  <testcase name="UsersAreAbleToSearch" time="66.181" classname="SecondClasssWith2Methods"/>
</testsuite> <!-- SecondClasssWith2Methods -->
