<?xml version="1.0" encoding="UTF-8"?>
<!-- Generated by org.testng.reporters.JUnitReportReporter -->
<testsuite skipped="2" hostname="DESKTOP-75OLIUH" name="MarriottAll.MarriottAllTestSet" tests="7" failures="0" timestamp="26 Sep 2018 02:22:43 GMT" time="99.833" errors="0">
  <testcase name="TC_102_ParametarizationViaDataProvider" time="26.959" classname="MarriottAll.MarriottAllTestSet"/>
  <testcase name="TC_102_ParametarizationViaDataProvider" time="15.516" classname="MarriottAll.MarriottAllTestSet"/>
  <testcase name="TC_102_ParametarizationViaDataProvider" time="21.235" classname="MarriottAll.MarriottAllTestSet"/>
  <testcase name="TC_102_ParametarizationViaDataProvider" time="23.918" classname="MarriottAll.MarriottAllTestSet"/>
  <testcase name="TC_102_ParametarizationViaDataProvider" time="12.205" classname="MarriottAll.MarriottAllTestSet"/>
  <testcase name="TC_101_SelectByKeybordInput" classname="MarriottAll.MarriottAllTestSet">
    <skipped/>
  </testcase> <!-- TC_101_SelectByKeybordInput -->
  <testcase name="TC_102_TBD" classname="MarriottAll.MarriottAllTestSet">
    <skipped/>
  </testcase> <!-- TC_102_TBD -->
</testsuite> <!-- MarriottAll.MarriottAllTestSet -->
