<?xml version="1.0" encoding="UTF-8"?>
<!-- Generated by org.testng.reporters.JUnitReportReporter -->
<testsuite skipped="0" hostname="DESKTOP-75OLIUH" name="SecondClasssWith2Methods" tests="2" failures="0" timestamp="10 Oct 2017 18:51:33 GMT" time="76.190" errors="0">
  <testcase name="test2" time="0.407" classname="SecondClasssWith2Methods"/>
  <testcase name="UsersAreAbleToSearch" time="75.783" classname="SecondClasssWith2Methods"/>
</testsuite> <!-- SecondClasssWith2Methods -->
