<?xml version="1.0" encoding="UTF-8"?>
<!-- Generated by org.testng.reporters.JUnitReportReporter -->
<testsuite skipped="0" hostname="DESKTOP-75OLIUH" name="MyMath.TestSetMath" tests="2" failures="0" timestamp="24 Jul 2018 03:26:50 GMT" time="75.088" errors="0">
  <testcase name="TC_104_CheckStockOnAllPage" time="68.561" classname="MyMath.TestSetMath"/>
  <testcase name="TC_102" time="6.527" classname="MyMath.TestSetMath"/>
</testsuite> <!-- MyMath.TestSetMath -->
