<?xml version="1.0" encoding="UTF-8"?>
<!-- Generated by org.testng.reporters.JUnitReportReporter -->
<testsuite skipped="0" hostname="DESKTOP-75OLIUH" name="SecondClasssWith2Methods" tests="2" failures="0" timestamp="05 Mar 2018 16:22:39 GMT" time="62.217" errors="0">
  <testcase name="UsersAreAbleToSearch" time="61.257" classname="SecondClasssWith2Methods"/>
  <testcase name="test2" time="0.960" classname="SecondClasssWith2Methods"/>
</testsuite> <!-- SecondClasssWith2Methods -->
