<?xml version="1.0" encoding="UTF-8"?>
<!-- Generated by org.testng.reporters.JUnitReportReporter -->
<testsuite skipped="1" hostname="DESKTOP-75OLIUH" name="bing2.TestSet2_bing" tests="6" failures="0" timestamp="26 Sep 2018 02:22:43 GMT" time="522.295" errors="0">
  <testcase name="TC_SE_Firefox" time="68.977" classname="bing2.TestSet2_bing"/>
  <testcase name="TC_SE_ie" time="299.120" classname="bing2.TestSet2_bing"/>
  <testcase name="TC_101_TBD" time="20.685" classname="bing2.TestSet2_bing"/>
  <testcase name="TC_SE_CHROME" time="73.144" classname="bing2.TestSet2_bing"/>
  <testcase name="TC_SE_MicrosoftEdge" time="60.369" classname="bing2.TestSet2_bing"/>
  <testcase name="TC_SE_Opera" classname="bing2.TestSet2_bing">
    <skipped/>
  </testcase> <!-- TC_SE_Opera -->
</testsuite> <!-- bing2.TestSet2_bing -->
