<?xml version="1.0" encoding="UTF-8"?>
<!-- Generated by org.testng.reporters.JUnitReportReporter -->
<testsuite skipped="0" hostname="DESKTOP-75OLIUH" name="SecondClasssWith2Methods" tests="2" failures="0" timestamp="22 Dec 2017 02:13:12 GMT" time="68.366" errors="0">
  <testcase name="test2" time="0.563" classname="SecondClasssWith2Methods"/>
  <testcase name="UsersAreAbleToSearch" time="67.803" classname="SecondClasssWith2Methods"/>
</testsuite> <!-- SecondClasssWith2Methods -->
