<?xml version="1.0" encoding="UTF-8"?>
<!-- Generated by org.testng.reporters.JUnitReportReporter -->
<testsuite skipped="0" hostname="DESKTOP-75OLIUH" name="MC.TestSetF" tests="13" failures="0" timestamp="23 Jan 2018 03:31:42 GMT" time="673.248" errors="0">
  <testcase name="TC_406_MC_FF_B" time="51.084" classname="MC.TestSetF"/>
  <testcase name="TC_411_DownAndUPonly_CHROME" time="63.852" classname="MC.TestSetF"/>
  <testcase name="TC_407_MC_FF_C" time="52.320" classname="MC.TestSetF"/>
  <testcase name="TC_409_MC_ME_B" time="41.118" classname="MC.TestSetF"/>
  <testcase name="TC_413_DownAndUPonly_ME" time="57.956" classname="MC.TestSetF"/>
  <testcase name="CalculateMortgatePayment_HardCodedValues" time="54.513" classname="MC.TestSetF"/>
  <testcase name="TC_404_MC_GC_C" time="48.748" classname="MC.TestSetF"/>
  <testcase name="TC_403_MC_GC_B" time="49.547" classname="MC.TestSetF"/>
  <testcase name="TC_402_MC_GC_A" time="48.354" classname="MC.TestSetF"/>
  <testcase name="TC_405_MC_FF_A" time="56.789" classname="MC.TestSetF"/>
  <testcase name="TC_412_DownAndUPonly_FF" time="67.175" classname="MC.TestSetF"/>
  <testcase name="TC_408_MC_ME_A" time="40.749" classname="MC.TestSetF"/>
  <testcase name="TC_10_MC_ME_C" time="41.043" classname="MC.TestSetF"/>
</testsuite> <!-- MC.TestSetF -->
