<?xml version="1.0" encoding="UTF-8"?>
<!-- Generated by org.testng.reporters.JUnitReportReporter -->
<testsuite skipped="0" hostname="DESKTOP-75OLIUH" name="cat.TestSet_Cat" tests="6" failures="0" timestamp="15 Jul 2018 01:34:39 GMT" time="491.857" errors="0">
  <testcase name="TC_803_Pink" time="31.765" classname="cat.TestSet_Cat"/>
  <testcase name="TC_802_Red" time="29.138" classname="cat.TestSet_Cat"/>
  <testcase name="TC_804_Yellow" time="27.775" classname="cat.TestSet_Cat"/>
  <testcase name="TC_801_Green" time="28.243" classname="cat.TestSet_Cat"/>
  <testcase name="TC_805_TBD" time="350.281" classname="cat.TestSet_Cat"/>
  <testcase name="TC_806_TBD" time="24.655" classname="cat.TestSet_Cat"/>
</testsuite> <!-- cat.TestSet_Cat -->
