<?xml version="1.0" encoding="UTF-8"?>
<!-- Generated by org.testng.reporters.JUnitReportReporter -->
<testsuite skipped="0" hostname="DESKTOP-75OLIUH" name="SecondClasssWith2Methods" tests="2" failures="0" timestamp="28 Nov 2017 01:41:19 GMT" time="64.639" errors="0">
  <testcase name="test2" time="0.202" classname="SecondClasssWith2Methods"/>
  <testcase name="UsersAreAbleToSearch" time="64.437" classname="SecondClasssWith2Methods"/>
</testsuite> <!-- SecondClasssWith2Methods -->
