<?xml version="1.0" encoding="UTF-8"?>
<!-- Generated by org.testng.reporters.JUnitReportReporter -->
<testsuite skipped="0" hostname="DESKTOP-75OLIUH" name="Google.TestSet_Google" tests="7" failures="0" timestamp="07 Jul 2018 23:12:55 GMT" time="204.581" errors="0">
  <testcase name="TC_105_LoginWithCaptchaAndPhoneCode" time="33.251" classname="Google.TestSet_Google"/>
  <testcase name="TC_102_LuckyTexts" time="19.065" classname="Google.TestSet_Google"/>
  <testcase name="TC_103_HangOut" time="57.552" classname="Google.TestSet_Google"/>
  <testcase name="TC_101_SearchResultCount" time="30.375" classname="Google.TestSet_Google"/>
  <testcase name="TC_104_HAB" time="24.405" classname="Google.TestSet_Google"/>
  <testcase name="TC_106_TBD" time="28.643" classname="Google.TestSet_Google"/>
  <testcase name="TC_107_TBD" time="11.290" classname="Google.TestSet_Google"/>
</testsuite> <!-- Google.TestSet_Google -->
