<?xml version="1.0" encoding="UTF-8"?>
<!-- Generated by org.testng.reporters.JUnitReportReporter -->
<testsuite skipped="0" hostname="DESKTOP-75OLIUH" name="MC.TestSetF" tests="13" failures="0" timestamp="05 Dec 2017 02:33:50 GMT" time="644.931" errors="0">
  <testcase name="TC_406_MC_FF_B" time="50.706" classname="MC.TestSetF"/>
  <testcase name="TC_407_MC_FF_C" time="50.142" classname="MC.TestSetF"/>
  <testcase name="CalculateMortgatePayment_HardCodedValues" time="47.021" classname="MC.TestSetF"/>
  <testcase name="TC_403_MC_GC_B" time="46.571" classname="MC.TestSetF"/>
  <testcase name="TC_405_MC_FF_A" time="54.405" classname="MC.TestSetF"/>
  <testcase name="TC_402_MC_GC_A" time="46.406" classname="MC.TestSetF"/>
  <testcase name="TC_408_MC_ME_A" time="39.967" classname="MC.TestSetF"/>
  <testcase name="TC_413_DownAndUPonly_ME" time="56.713" classname="MC.TestSetF"/>
  <testcase name="TC_411_DownAndUPonly_CHROME" time="61.656" classname="MC.TestSetF"/>
  <testcase name="TC_404_MC_GC_C" time="45.476" classname="MC.TestSetF"/>
  <testcase name="TC_409_MC_ME_B" time="39.841" classname="MC.TestSetF"/>
  <testcase name="TC_10_MC_ME_C" time="40.575" classname="MC.TestSetF"/>
  <testcase name="TC_412_DownAndUPonly_FF" time="65.452" classname="MC.TestSetF"/>
</testsuite> <!-- MC.TestSetF -->
