<?xml version="1.0" encoding="UTF-8"?>
<!-- Generated by org.testng.reporters.JUnitReportReporter -->
<testsuite skipped="0" hostname="DESKTOP-75OLIUH" name="FirstClassWith2methods" tests="2" failures="0" timestamp="28 Sep 2017 21:49:00 GMT" time="56.234" errors="0">
  <testcase name="UsersAreAbleToSearch" time="55.828" classname="FirstClassWith2methods"/>
  <testcase name="test2" time="0.406" classname="FirstClassWith2methods"/>
</testsuite> <!-- FirstClassWith2methods -->
