<?xml version="1.0" encoding="UTF-8"?>
<!-- Generated by org.testng.reporters.JUnitReportReporter -->
<testsuite skipped="0" hostname="DESKTOP-75OLIUH" name="bbb.TestSetI" tests="2" failures="0" timestamp="22 Dec 2017 02:13:12 GMT" time="117.498" errors="0">
  <testcase name="TC_902" time="65.154" classname="bbb.TestSetI"/>
  <testcase name="TC_901" time="52.344" classname="bbb.TestSetI"/>
</testsuite> <!-- bbb.TestSetI -->
