<?xml version="1.0" encoding="UTF-8"?>
<!-- Generated by org.testng.reporters.JUnitReportReporter -->
<testsuite skipped="0" hostname="DESKTOP-75OLIUH" name="FromYouFlowers.FYF" tests="4" failures="0" timestamp="05 Jun 2018 06:20:19 GMT" time="223.030" errors="0">
  <testcase name="TC_04_PrintPropertyValueInTheConsole" time="16.756" classname="FromYouFlowers.FYF"/>
  <testcase name="TC_02_HighlightAllInputs" time="47.539" classname="FromYouFlowers.FYF"/>
  <testcase name="TC_03_SearchByColor" time="109.536" classname="FromYouFlowers.FYF"/>
  <testcase name="TC_101_MouseOver" time="49.199" classname="FromYouFlowers.FYF"/>
</testsuite> <!-- FromYouFlowers.FYF -->
