<?xml version="1.0" encoding="UTF-8"?>
<!-- Generated by org.testng.reporters.JUnitReportReporter -->
<testsuite skipped="1" hostname="DESKTOP-75OLIUH" name="hsbc.TestSetC" tests="4" failures="0" timestamp="17 Oct 2017 23:42:18 GMT" time="397.987" errors="0">
  <testcase name="displayMousOverDropdownList" time="25.413" classname="hsbc.TestSetC"/>
  <testcase name="CountryListOnOnlineBanking" time="346.847" classname="hsbc.TestSetC"/>
  <testcase name="scrollUpAndDown" time="25.727" classname="hsbc.TestSetC"/>
  <testcase name="CountryListOnOnlineBanking3Browsers" classname="hsbc.TestSetC">
    <skipped/>
  </testcase> <!-- CountryListOnOnlineBanking3Browsers -->
</testsuite> <!-- hsbc.TestSetC -->
