<?xml version="1.0" encoding="UTF-8"?>
<!-- Generated by org.testng.reporters.JUnitReportReporter -->
<testsuite skipped="0" hostname="DESKTOP-75OLIUH" name="SecondClasssWith2Methods" tests="2" failures="0" timestamp="26 Jul 2018 21:29:17 GMT" time="56.998" errors="0">
  <testcase name="test2" time="0.341" classname="SecondClasssWith2Methods"/>
  <testcase name="UsersAreAbleToSearch" time="56.657" classname="SecondClasssWith2Methods"/>
</testsuite> <!-- SecondClasssWith2Methods -->
