<?xml version="1.0" encoding="UTF-8"?>
<!-- Generated by org.testng.reporters.JUnitReportReporter -->
<testsuite skipped="5" hostname="DESKTOP-75OLIUH" name="Dividend.TestSedDividend" tests="6" failures="0" timestamp="23 Jun 2018 04:51:45 GMT" time="27.099" errors="0">
  <testcase name="TC_106_TBD" time="27.099" classname="Dividend.TestSedDividend"/>
  <testcase name="TC_104_CheckStockOnAllPage" classname="Dividend.TestSedDividend">
    <skipped/>
  </testcase> <!-- TC_104_CheckStockOnAllPage -->
  <testcase name="TC_105_Social_Sites_On_New_Tabs" classname="Dividend.TestSedDividend">
    <skipped/>
  </testcase> <!-- TC_105_Social_Sites_On_New_Tabs -->
  <testcase name="TC_103_CheckStockOnCurrentPage" classname="Dividend.TestSedDividend">
    <skipped/>
  </testcase> <!-- TC_103_CheckStockOnCurrentPage -->
  <testcase name="TC_101_TBD" classname="Dividend.TestSedDividend">
    <skipped/>
  </testcase> <!-- TC_101_TBD -->
  <testcase name="TC_102" classname="Dividend.TestSedDividend">
    <skipped/>
  </testcase> <!-- TC_102 -->
</testsuite> <!-- Dividend.TestSedDividend -->
