<?xml version="1.0" encoding="UTF-8"?>
<!-- Generated by org.testng.reporters.JUnitReportReporter -->
<testsuite skipped="0" hostname="DESKTOP-75OLIUH" name="SecondClasssWith2Methods" tests="2" failures="0" timestamp="25 Nov 2017 03:43:59 GMT" time="58.366" errors="0">
  <testcase name="test2" time="0.205" classname="SecondClasssWith2Methods"/>
  <testcase name="UsersAreAbleToSearch" time="58.161" classname="SecondClasssWith2Methods"/>
</testsuite> <!-- SecondClasssWith2Methods -->
