<?xml version="1.0" encoding="UTF-8"?>
<!-- Generated by org.testng.reporters.JUnitReportReporter -->
<testsuite skipped="0" hostname="DESKTOP-75OLIUH" name="ApplyFirst" tests="1" failures="0" timestamp="24 Jan 2018 02:27:46 GMT" time="0.082" errors="0">
  <testcase name="doThisBeforeAllTestsExecution" time="0.082" classname="ApplyFirst"/>
</testsuite> <!-- ApplyFirst -->
