<?xml version="1.0" encoding="UTF-8"?>
<!-- Generated by org.testng.reporters.JUnitReportReporter -->
<testsuite skipped="0" hostname="DESKTOP-75OLIUH" name="PlayWithTestNG_Two" tests="2" failures="0" timestamp="28 Sep 2017 02:40:48 GMT" time="54.390" errors="0">
  <testcase name="UsersAreAbleToSearch" time="54.389" classname="PlayWithTestNG_Two"/>
  <testcase name="test2" time="0.001" classname="PlayWithTestNG_Two"/>
</testsuite> <!-- PlayWithTestNG_Two -->
