<?xml version="1.0" encoding="UTF-8"?>
<!-- Generated by org.testng.reporters.JUnitReportReporter -->
<testsuite skipped="0" hostname="DESKTOP-75OLIUH" name="SecondClasssWith2Methods" tests="2" failures="0" timestamp="07 Jul 2018 23:12:55 GMT" time="55.003" errors="0">
  <testcase name="UsersAreAbleToSearch" time="54.641" classname="SecondClasssWith2Methods"/>
  <testcase name="test2" time="0.362" classname="SecondClasssWith2Methods"/>
</testsuite> <!-- SecondClasssWith2Methods -->
