<?xml version="1.0" encoding="UTF-8"?>
<!-- Generated by org.testng.reporters.JUnitReportReporter -->
<testsuite skipped="0" hostname="DESKTOP-75OLIUH" name="SecondClasssWith2Methods" tests="2" failures="0" timestamp="19 Oct 2017 16:49:40 GMT" time="58.733" errors="0">
  <testcase name="UsersAreAbleToSearch" time="58.329" classname="SecondClasssWith2Methods"/>
  <testcase name="test2" time="0.404" classname="SecondClasssWith2Methods"/>
</testsuite> <!-- SecondClasssWith2Methods -->
