<?xml version="1.0" encoding="UTF-8"?>
<!-- Generated by org.testng.reporters.JUnitReportReporter -->
<testsuite skipped="0" hostname="DESKTOP-75OLIUH" name="cat.TestSet_Cat" tests="6" failures="0" timestamp="02 Sep 2018 03:23:49 GMT" time="591.903" errors="0">
  <testcase name="TC_803_Pink" time="31.795" classname="cat.TestSet_Cat"/>
  <testcase name="TC_802_Red" time="52.363" classname="cat.TestSet_Cat"/>
  <testcase name="TC_804_Yellow" time="36.440" classname="cat.TestSet_Cat"/>
  <testcase name="TC_801_Green" time="35.749" classname="cat.TestSet_Cat"/>
  <testcase name="TC_805_TBD" time="402.558" classname="cat.TestSet_Cat"/>
  <testcase name="TC_806_TBD" time="32.998" classname="cat.TestSet_Cat"/>
</testsuite> <!-- cat.TestSet_Cat -->
