<?xml version="1.0" encoding="UTF-8"?>
<!-- Generated by org.testng.reporters.JUnitReportReporter -->
<testsuite skipped="0" hostname="DESKTOP-75OLIUH" name="MC.TestSetF" tests="13" failures="0" timestamp="01 Dec 2017 01:07:52 GMT" time="667.549" errors="0">
  <testcase name="TC_406_MC_FF_B" time="62.014" classname="MC.TestSetF"/>
  <testcase name="TC_412_DownAndUPonly_FF" time="65.871" classname="MC.TestSetF"/>
  <testcase name="CalculateMortgatePayment_HardCodedValues" time="48.893" classname="MC.TestSetF"/>
  <testcase name="TC_409_MC_ME_B" time="39.862" classname="MC.TestSetF"/>
  <testcase name="TC_402_MC_GC_A" time="47.471" classname="MC.TestSetF"/>
  <testcase name="TC_404_MC_GC_C" time="46.980" classname="MC.TestSetF"/>
  <testcase name="TC_408_MC_ME_A" time="39.983" classname="MC.TestSetF"/>
  <testcase name="TC_413_DownAndUPonly_ME" time="56.894" classname="MC.TestSetF"/>
  <testcase name="TC_10_MC_ME_C" time="40.894" classname="MC.TestSetF"/>
  <testcase name="TC_405_MC_FF_A" time="55.058" classname="MC.TestSetF"/>
  <testcase name="TC_411_DownAndUPonly_CHROME" time="63.199" classname="MC.TestSetF"/>
  <testcase name="TC_403_MC_GC_B" time="46.983" classname="MC.TestSetF"/>
  <testcase name="TC_407_MC_FF_C" time="53.447" classname="MC.TestSetF"/>
</testsuite> <!-- MC.TestSetF -->
