<?xml version="1.0" encoding="UTF-8"?>
<!-- Generated by org.testng.reporters.JUnitReportReporter -->
<testsuite skipped="0" hostname="DESKTOP-75OLIUH" name="MC.TestSetF" tests="13" failures="0" timestamp="27 Feb 2018 05:07:52 GMT" time="686.920" errors="0">
  <testcase name="TC_409_MC_ME_B" time="40.800" classname="MC.TestSetF"/>
  <testcase name="TC_10_MC_ME_C" time="41.540" classname="MC.TestSetF"/>
  <testcase name="TC_406_MC_FF_B" time="55.761" classname="MC.TestSetF"/>
  <testcase name="TC_408_MC_ME_A" time="41.187" classname="MC.TestSetF"/>
  <testcase name="TC_411_DownAndUPonly_CHROME" time="63.158" classname="MC.TestSetF"/>
  <testcase name="TC_405_MC_FF_A" time="58.181" classname="MC.TestSetF"/>
  <testcase name="TC_407_MC_FF_C" time="56.318" classname="MC.TestSetF"/>
  <testcase name="CalculateMortgatePayment_HardCodedValues" time="55.688" classname="MC.TestSetF"/>
  <testcase name="TC_403_MC_GC_B" time="47.318" classname="MC.TestSetF"/>
  <testcase name="TC_413_DownAndUPonly_ME" time="57.894" classname="MC.TestSetF"/>
  <testcase name="TC_404_MC_GC_C" time="49.535" classname="MC.TestSetF"/>
  <testcase name="TC_412_DownAndUPonly_FF" time="71.012" classname="MC.TestSetF"/>
  <testcase name="TC_402_MC_GC_A" time="48.528" classname="MC.TestSetF"/>
</testsuite> <!-- MC.TestSetF -->
