<?xml version="1.0" encoding="UTF-8"?>
<!-- Generated by org.testng.reporters.JUnitReportReporter -->
<testsuite skipped="0" hostname="DESKTOP-75OLIUH" name="MyMath.TestSetMath" tests="2" failures="0" timestamp="02 Sep 2018 03:23:49 GMT" time="292.328" errors="0">
  <testcase name="TC_104_CheckStockOnAllPage" time="289.992" classname="MyMath.TestSetMath"/>
  <testcase name="TC_102" time="2.336" classname="MyMath.TestSetMath"/>
</testsuite> <!-- MyMath.TestSetMath -->
