<?xml version="1.0" encoding="UTF-8"?>
<!-- Generated by org.testng.reporters.JUnitReportReporter -->
<testsuite skipped="0" hostname="DESKTOP-75OLIUH" name="SecondClasssWith2Methods" tests="2" failures="0" timestamp="01 Jun 2018 21:43:07 GMT" time="68.973" errors="0">
  <testcase name="UsersAreAbleToSearch" time="68.312" classname="SecondClasssWith2Methods"/>
  <testcase name="test2" time="0.661" classname="SecondClasssWith2Methods"/>
</testsuite> <!-- SecondClasssWith2Methods -->
