<?xml version="1.0" encoding="UTF-8"?>
<!-- Generated by org.testng.reporters.JUnitReportReporter -->
<testsuite skipped="0" hostname="DESKTOP-75OLIUH" name="SecondClasssWith2Methods" tests="2" failures="0" timestamp="04 Mar 2018 16:27:17 GMT" time="57.596" errors="0">
  <testcase name="UsersAreAbleToSearch" time="57.241" classname="SecondClasssWith2Methods"/>
  <testcase name="test2" time="0.355" classname="SecondClasssWith2Methods"/>
</testsuite> <!-- SecondClasssWith2Methods -->
