<?xml version="1.0" encoding="UTF-8"?>
<!-- Generated by org.testng.reporters.JUnitReportReporter -->
<testsuite skipped="0" hostname="DESKTOP-75OLIUH" name="cat.TestSet_Cat" tests="6" failures="0" timestamp="20 Sep 2018 06:34:13 GMT" time="661.981" errors="0">
  <testcase name="TC_803_Pink" time="37.038" classname="cat.TestSet_Cat"/>
  <testcase name="TC_802_Red" time="36.145" classname="cat.TestSet_Cat"/>
  <testcase name="TC_804_Yellow" time="29.092" classname="cat.TestSet_Cat"/>
  <testcase name="TC_801_Green" time="33.137" classname="cat.TestSet_Cat"/>
  <testcase name="TC_805_TBD" time="496.673" classname="cat.TestSet_Cat"/>
  <testcase name="TC_806_TBD" time="29.896" classname="cat.TestSet_Cat"/>
</testsuite> <!-- cat.TestSet_Cat -->
