<?xml version="1.0" encoding="UTF-8"?>
<!-- Generated by org.testng.reporters.JUnitReportReporter -->
<testsuite skipped="0" hostname="DESKTOP-75OLIUH" name="FirstClassWith2methods" tests="2" failures="0" timestamp="19 Mar 2018 04:10:04 GMT" time="78.863" errors="0">
  <testcase name="UsersAreAbleToSearch" time="78.198" classname="FirstClassWith2methods"/>
  <testcase name="test2" time="0.665" classname="FirstClassWith2methods"/>
</testsuite> <!-- FirstClassWith2methods -->
