<?xml version="1.0" encoding="UTF-8"?>
<!-- Generated by org.testng.reporters.JUnitReportReporter -->
<testsuite skipped="0" hostname="DESKTOP-75OLIUH" name="MyMath.TestSetMath" tests="2" failures="0" timestamp="27 Sep 2018 05:19:42 GMT" time="271.247" errors="0">
  <testcase name="TC_104_CheckStockOnAllPage" time="268.899" classname="MyMath.TestSetMath"/>
  <testcase name="TC_102" time="2.348" classname="MyMath.TestSetMath"/>
</testsuite> <!-- MyMath.TestSetMath -->
