<?xml version="1.0" encoding="UTF-8"?>
<!-- Generated by org.testng.reporters.JUnitReportReporter -->
<testsuite skipped="0" hostname="DESKTOP-75OLIUH" name="bing.TestSetBing" tests="6" failures="0" timestamp="13 May 2018 21:45:32 GMT" time="464.378" errors="0">
  <testcase name="TC_103_ExpectedMessageDisplay" time="28.515" classname="bing.TestSetBing"/>
  <testcase name="TC_101_searchOnBingHomePage" time="71.947" classname="bing.TestSetBing"/>
  <testcase name="TC_102_ViewImages" time="148.093" classname="bing.TestSetBing"/>
  <testcase name="TC_106_MicrosoftAppsForAndroid" time="53.550" classname="bing.TestSetBing"/>
  <testcase name="TC_105_MicrosoftAppsForIphone" time="56.388" classname="bing.TestSetBing"/>
  <testcase name="TC_104_MicrosoftAppsForWindows" time="105.885" classname="bing.TestSetBing"/>
</testsuite> <!-- bing.TestSetBing -->
