<?xml version="1.0" encoding="UTF-8"?>
<!-- Generated by org.testng.reporters.JUnitReportReporter -->
<testsuite skipped="0" hostname="DESKTOP-75OLIUH" name="ApplyFirst" tests="1" failures="0" timestamp="14 Apr 2018 04:51:53 GMT" time="0.044" errors="0">
  <testcase name="doThisBeforeAllTestsExecution" time="0.044" classname="ApplyFirst"/>
</testsuite> <!-- ApplyFirst -->
