<?xml version="1.0" encoding="UTF-8"?>
<!-- Generated by org.testng.reporters.JUnitReportReporter -->
<testsuite skipped="0" hostname="DESKTOP-75OLIUH" name="MC.TestSetF" tests="13" failures="0" timestamp="13 May 2018 21:45:33 GMT" time="750.614" errors="0">
  <testcase name="TC_413_DownAndUPonly_ME" time="59.236" classname="MC.TestSetF"/>
  <testcase name="TC_402_MC_GC_A" time="55.913" classname="MC.TestSetF"/>
  <testcase name="TC_409_MC_ME_B" time="41.020" classname="MC.TestSetF"/>
  <testcase name="TC_403_MC_GC_B" time="52.303" classname="MC.TestSetF"/>
  <testcase name="TC_408_MC_ME_A" time="41.287" classname="MC.TestSetF"/>
  <testcase name="TC_412_DownAndUPonly_FF" time="76.697" classname="MC.TestSetF"/>
  <testcase name="CalculateMortgatePayment_HardCodedValues" time="55.774" classname="MC.TestSetF"/>
  <testcase name="TC_411_DownAndUPonly_CHROME" time="64.070" classname="MC.TestSetF"/>
  <testcase name="TC_405_MC_FF_A" time="96.103" classname="MC.TestSetF"/>
  <testcase name="TC_407_MC_FF_C" time="53.831" classname="MC.TestSetF"/>
  <testcase name="TC_10_MC_ME_C" time="46.702" classname="MC.TestSetF"/>
  <testcase name="TC_404_MC_GC_C" time="54.297" classname="MC.TestSetF"/>
  <testcase name="TC_406_MC_FF_B" time="53.381" classname="MC.TestSetF"/>
</testsuite> <!-- MC.TestSetF -->
