<?xml version="1.0" encoding="UTF-8"?>
<!-- Generated by org.testng.reporters.JUnitReportReporter -->
<testsuite skipped="0" hostname="DESKTOP-75OLIUH" name="amazon.TestSetAmazon" tests="5" failures="0" timestamp="14 Nov 2017 00:59:55 GMT" time="960.584" errors="0">
  <testcase name="SearchOnLandingPage" time="106.073" classname="amazon.TestSetAmazon"/>
  <testcase name="TC_102" time="671.698" classname="amazon.TestSetAmazon"/>
  <testcase name="TestCase_105" time="79.837" classname="amazon.TestSetAmazon"/>
  <testcase name="TestCase_103" time="48.765" classname="amazon.TestSetAmazon"/>
  <testcase name="TestCase_104" time="54.211" classname="amazon.TestSetAmazon"/>
</testsuite> <!-- amazon.TestSetAmazon -->
