<?xml version="1.0" encoding="UTF-8"?>
<!-- Generated by org.testng.reporters.JUnitReportReporter -->
<testsuite skipped="0" hostname="DESKTOP-75OLIUH" name="MC.TestSetF" tests="13" failures="0" timestamp="06 May 2018 04:49:03 GMT" time="856.103" errors="0">
  <testcase name="TC_402_MC_GC_A" time="52.192" classname="MC.TestSetF"/>
  <testcase name="TC_413_DownAndUPonly_ME" time="57.283" classname="MC.TestSetF"/>
  <testcase name="TC_10_MC_ME_C" time="42.065" classname="MC.TestSetF"/>
  <testcase name="TC_408_MC_ME_A" time="40.800" classname="MC.TestSetF"/>
  <testcase name="TC_405_MC_FF_A" time="61.815" classname="MC.TestSetF"/>
  <testcase name="TC_407_MC_FF_C" time="107.758" classname="MC.TestSetF"/>
  <testcase name="TC_403_MC_GC_B" time="47.819" classname="MC.TestSetF"/>
  <testcase name="TC_404_MC_GC_C" time="157.046" classname="MC.TestSetF"/>
  <testcase name="TC_406_MC_FF_B" time="56.838" classname="MC.TestSetF"/>
  <testcase name="TC_412_DownAndUPonly_FF" time="73.322" classname="MC.TestSetF"/>
  <testcase name="CalculateMortgatePayment_HardCodedValues" time="55.662" classname="MC.TestSetF"/>
  <testcase name="TC_409_MC_ME_B" time="40.688" classname="MC.TestSetF"/>
  <testcase name="TC_411_DownAndUPonly_CHROME" time="62.815" classname="MC.TestSetF"/>
</testsuite> <!-- MC.TestSetF -->
