<?xml version="1.0" encoding="UTF-8"?>
<!-- Generated by org.testng.reporters.JUnitReportReporter -->
<testsuite skipped="0" hostname="DESKTOP-75OLIUH" name="FromYouFlowers.FYF" tests="4" failures="0" timestamp="21 Jul 2018 07:13:09 GMT" time="187.387" errors="0">
  <testcase name="TC_02_HighlightAllInputs" time="35.673" classname="FromYouFlowers.FYF"/>
  <testcase name="TC_04_PrintPropertyValueInTheConsole" time="14.539" classname="FromYouFlowers.FYF"/>
  <testcase name="TC_03_SearchByColor" time="106.699" classname="FromYouFlowers.FYF"/>
  <testcase name="TC_101_MouseOver" time="30.476" classname="FromYouFlowers.FYF"/>
</testsuite> <!-- FromYouFlowers.FYF -->
