<?xml version="1.0" encoding="UTF-8"?>
<!-- Generated by org.testng.reporters.JUnitReportReporter -->
<testsuite skipped="0" hostname="DESKTOP-75OLIUH" name="Nasdaq.TestSet_Nasdaq" tests="3" failures="0" timestamp="12 Jul 2018 07:28:10 GMT" time="234.114" errors="0">
  <testcase name="TC_102_WebTableCount" time="67.675" classname="Nasdaq.TestSet_Nasdaq"/>
  <testcase name="TC_101_StockSearch" time="125.368" classname="Nasdaq.TestSet_Nasdaq"/>
  <testcase name="TC_103_HashMap" time="41.071" classname="Nasdaq.TestSet_Nasdaq"/>
</testsuite> <!-- Nasdaq.TestSet_Nasdaq -->
