<?xml version="1.0" encoding="UTF-8"?>
<!-- Generated by org.testng.reporters.JUnitReportReporter -->
<testsuite skipped="0" hostname="DESKTOP-75OLIUH" name="MC.TestSetF" tests="13" failures="0" timestamp="25 Feb 2018 03:25:31 GMT" time="724.439" errors="0">
  <testcase name="TC_408_MC_ME_A" time="41.428" classname="MC.TestSetF"/>
  <testcase name="TC_10_MC_ME_C" time="43.118" classname="MC.TestSetF"/>
  <testcase name="TC_409_MC_ME_B" time="41.539" classname="MC.TestSetF"/>
  <testcase name="TC_404_MC_GC_C" time="49.928" classname="MC.TestSetF"/>
  <testcase name="TC_407_MC_FF_C" time="75.872" classname="MC.TestSetF"/>
  <testcase name="TC_411_DownAndUPonly_CHROME" time="63.450" classname="MC.TestSetF"/>
  <testcase name="TC_406_MC_FF_B" time="57.516" classname="MC.TestSetF"/>
  <testcase name="CalculateMortgatePayment_HardCodedValues" time="58.750" classname="MC.TestSetF"/>
  <testcase name="TC_402_MC_GC_A" time="47.238" classname="MC.TestSetF"/>
  <testcase name="TC_403_MC_GC_B" time="48.344" classname="MC.TestSetF"/>
  <testcase name="TC_413_DownAndUPonly_ME" time="59.249" classname="MC.TestSetF"/>
  <testcase name="TC_412_DownAndUPonly_FF" time="72.786" classname="MC.TestSetF"/>
  <testcase name="TC_405_MC_FF_A" time="65.221" classname="MC.TestSetF"/>
</testsuite> <!-- MC.TestSetF -->
