<?xml version="1.0" encoding="UTF-8"?>
<!-- Generated by org.testng.reporters.JUnitReportReporter -->
<testsuite skipped="0" hostname="DESKTOP-75OLIUH" name="MC.TestSetF" tests="13" failures="0" timestamp="19 Apr 2018 01:09:40 GMT" time="688.891" errors="0">
  <testcase name="TC_411_DownAndUPonly_CHROME" time="61.662" classname="MC.TestSetF"/>
  <testcase name="TC_404_MC_GC_C" time="48.315" classname="MC.TestSetF"/>
  <testcase name="TC_413_DownAndUPonly_ME" time="57.065" classname="MC.TestSetF"/>
  <testcase name="TC_403_MC_GC_B" time="47.218" classname="MC.TestSetF"/>
  <testcase name="TC_407_MC_FF_C" time="53.192" classname="MC.TestSetF"/>
  <testcase name="TC_408_MC_ME_A" time="40.591" classname="MC.TestSetF"/>
  <testcase name="TC_402_MC_GC_A" time="50.926" classname="MC.TestSetF"/>
  <testcase name="TC_409_MC_ME_B" time="58.465" classname="MC.TestSetF"/>
  <testcase name="TC_412_DownAndUPonly_FF" time="67.982" classname="MC.TestSetF"/>
  <testcase name="TC_405_MC_FF_A" time="54.936" classname="MC.TestSetF"/>
  <testcase name="TC_10_MC_ME_C" time="41.164" classname="MC.TestSetF"/>
  <testcase name="TC_406_MC_FF_B" time="53.189" classname="MC.TestSetF"/>
  <testcase name="CalculateMortgatePayment_HardCodedValues" time="54.186" classname="MC.TestSetF"/>
</testsuite> <!-- MC.TestSetF -->
