<?xml version="1.0" encoding="UTF-8"?>
<!-- Generated by org.testng.reporters.JUnitReportReporter -->
<testsuite skipped="0" hostname="DESKTOP-75OLIUH" name="FirstClassWith2methods" tests="2" failures="0" timestamp="19 Oct 2017 18:32:00 GMT" time="60.025" errors="0">
  <testcase name="test2" time="0.505" classname="FirstClassWith2methods"/>
  <testcase name="UsersAreAbleToSearch" time="59.520" classname="FirstClassWith2methods"/>
</testsuite> <!-- FirstClassWith2methods -->
