<?xml version="1.0" encoding="UTF-8"?>
<!-- Generated by org.testng.reporters.JUnitReportReporter -->
<testsuite skipped="0" hostname="DESKTOP-75OLIUH" name="cat.TestSet_Cat" tests="6" failures="0" timestamp="30 Jul 2018 07:16:15 GMT" time="511.513" errors="0">
  <testcase name="TC_803_Pink" time="28.978" classname="cat.TestSet_Cat"/>
  <testcase name="TC_802_Red" time="32.697" classname="cat.TestSet_Cat"/>
  <testcase name="TC_804_Yellow" time="26.410" classname="cat.TestSet_Cat"/>
  <testcase name="TC_801_Green" time="28.464" classname="cat.TestSet_Cat"/>
  <testcase name="TC_805_TBD" time="367.980" classname="cat.TestSet_Cat"/>
  <testcase name="TC_806_TBD" time="26.984" classname="cat.TestSet_Cat"/>
</testsuite> <!-- cat.TestSet_Cat -->
