<?xml version="1.0" encoding="UTF-8"?>
<!-- Generated by org.testng.reporters.JUnitReportReporter -->
<testsuite skipped="0" hostname="DESKTOP-75OLIUH" name="walmart.TestSetB" tests="3" failures="0" timestamp="06 Oct 2017 00:39:44 GMT" time="477.486" errors="0">
  <testcase name="TC_503_mouseOver" time="54.309" classname="walmart.TestSetB"/>
  <testcase name="TC_502_SelectDropdownValue" time="94.174" classname="walmart.TestSetB"/>
  <testcase name="TC_501_UsersAreAbleToSearch" time="329.003" classname="walmart.TestSetB"/>
</testsuite> <!-- walmart.TestSetB -->
