<?xml version="1.0" encoding="UTF-8"?>
<!-- Generated by org.testng.reporters.JUnitReportReporter -->
<testsuite skipped="0" hostname="DESKTOP-75OLIUH" name="bbb.TestSetI" tests="6" failures="0" timestamp="05 Jan 2018 02:17:22 GMT" time="314.173" errors="0">
  <testcase name="TC_905" time="56.262" classname="bbb.TestSetI"/>
  <testcase name="TC_906_RegistrationFormFillUp" time="37.239" classname="bbb.TestSetI"/>
  <testcase name="TC_903_MouseOver" time="49.121" classname="bbb.TestSetI"/>
  <testcase name="TC_902" time="67.470" classname="bbb.TestSetI"/>
  <testcase name="TC_904" time="50.112" classname="bbb.TestSetI"/>
  <testcase name="TC_901" time="53.969" classname="bbb.TestSetI"/>
</testsuite> <!-- bbb.TestSetI -->
