<?xml version="1.0" encoding="UTF-8"?>
<!-- Generated by org.testng.reporters.JUnitReportReporter -->
<testsuite skipped="0" hostname="DESKTOP-75OLIUH" name="MC.TestSetF" tests="13" failures="0" timestamp="15 Apr 2018 04:12:04 GMT" time="966.605" errors="0">
  <testcase name="TC_403_MC_GC_B" time="46.975" classname="MC.TestSetF"/>
  <testcase name="TC_10_MC_ME_C" time="41.471" classname="MC.TestSetF"/>
  <testcase name="TC_404_MC_GC_C" time="49.057" classname="MC.TestSetF"/>
  <testcase name="TC_409_MC_ME_B" time="43.054" classname="MC.TestSetF"/>
  <testcase name="TC_411_DownAndUPonly_CHROME" time="62.369" classname="MC.TestSetF"/>
  <testcase name="TC_412_DownAndUPonly_FF" time="72.993" classname="MC.TestSetF"/>
  <testcase name="TC_405_MC_FF_A" time="68.495" classname="MC.TestSetF"/>
  <testcase name="CalculateMortgatePayment_HardCodedValues" time="54.947" classname="MC.TestSetF"/>
  <testcase name="TC_408_MC_ME_A" time="41.297" classname="MC.TestSetF"/>
  <testcase name="TC_402_MC_GC_A" time="52.822" classname="MC.TestSetF"/>
  <testcase name="TC_413_DownAndUPonly_ME" time="58.865" classname="MC.TestSetF"/>
  <testcase name="TC_407_MC_FF_C" time="110.425" classname="MC.TestSetF"/>
  <testcase name="TC_406_MC_FF_B" time="263.835" classname="MC.TestSetF"/>
</testsuite> <!-- MC.TestSetF -->
