<?xml version="1.0" encoding="UTF-8"?>
<!-- Generated by org.testng.reporters.JUnitReportReporter -->
<testsuite skipped="0" hostname="DESKTOP-75OLIUH" name="FromYouFlowers.FYF" tests="4" failures="0" timestamp="15 Jul 2018 01:34:39 GMT" time="186.572" errors="0">
  <testcase name="TC_02_HighlightAllInputs" time="35.267" classname="FromYouFlowers.FYF"/>
  <testcase name="TC_04_PrintPropertyValueInTheConsole" time="15.092" classname="FromYouFlowers.FYF"/>
  <testcase name="TC_03_SearchByColor" time="102.295" classname="FromYouFlowers.FYF"/>
  <testcase name="TC_101_MouseOver" time="33.918" classname="FromYouFlowers.FYF"/>
</testsuite> <!-- FromYouFlowers.FYF -->
