<?xml version="1.0" encoding="UTF-8"?>
<!-- Generated by org.testng.reporters.JUnitReportReporter -->
<testsuite skipped="0" hostname="DESKTOP-75OLIUH" name="amazon.TestSetAmazon" tests="2" failures="0" timestamp="11 Nov 2017 01:06:05 GMT" time="764.965" errors="0">
  <testcase name="TC_102" time="661.454" classname="amazon.TestSetAmazon"/>
  <testcase name="SearchOnLandingPage" time="103.511" classname="amazon.TestSetAmazon"/>
</testsuite> <!-- amazon.TestSetAmazon -->
