<?xml version="1.0" encoding="UTF-8"?>
<!-- Generated by org.testng.reporters.JUnitReportReporter -->
<testsuite skipped="0" hostname="DESKTOP-75OLIUH" name="FirstClassWith2methods" tests="2" failures="0" timestamp="18 Dec 2017 02:17:36 GMT" time="57.990" errors="0">
  <testcase name="test2" time="0.457" classname="FirstClassWith2methods"/>
  <testcase name="UsersAreAbleToSearch" time="57.533" classname="FirstClassWith2methods"/>
</testsuite> <!-- FirstClassWith2methods -->
