<?xml version="1.0" encoding="UTF-8"?>
<!-- Generated by org.testng.reporters.JUnitReportReporter -->
<testsuite skipped="0" hostname="DESKTOP-75OLIUH" name="cat.TestSet_Cat" tests="6" failures="0" timestamp="19 Jul 2018 06:14:23 GMT" time="561.218" errors="0">
  <testcase name="TC_803_Pink" time="31.373" classname="cat.TestSet_Cat"/>
  <testcase name="TC_802_Red" time="46.566" classname="cat.TestSet_Cat"/>
  <testcase name="TC_804_Yellow" time="36.193" classname="cat.TestSet_Cat"/>
  <testcase name="TC_801_Green" time="35.204" classname="cat.TestSet_Cat"/>
  <testcase name="TC_805_TBD" time="379.911" classname="cat.TestSet_Cat"/>
  <testcase name="TC_806_TBD" time="31.971" classname="cat.TestSet_Cat"/>
</testsuite> <!-- cat.TestSet_Cat -->
