<?xml version="1.0" encoding="UTF-8"?>
<!-- Generated by org.testng.reporters.JUnitReportReporter -->
<testsuite skipped="0" hostname="DESKTOP-75OLIUH" name="bing.TestSetBing" tests="6" failures="0" timestamp="13 May 2018 15:55:22 GMT" time="484.595" errors="0">
  <testcase name="TC_101_searchOnBingHomePage" time="90.557" classname="bing.TestSetBing"/>
  <testcase name="TC_106_MicrosoftAppsForAndroid" time="52.564" classname="bing.TestSetBing"/>
  <testcase name="TC_104_MicrosoftAppsForWindows" time="90.012" classname="bing.TestSetBing"/>
  <testcase name="TC_105_MicrosoftAppsForIphone" time="57.305" classname="bing.TestSetBing"/>
  <testcase name="TC_103_ExpectedMessageDisplay" time="27.735" classname="bing.TestSetBing"/>
  <testcase name="TC_102_ViewImages" time="166.422" classname="bing.TestSetBing"/>
</testsuite> <!-- bing.TestSetBing -->
