<?xml version="1.0" encoding="UTF-8"?>
<!-- Generated by org.testng.reporters.JUnitReportReporter -->
<testsuite skipped="0" hostname="DESKTOP-75OLIUH" name="MC.TestSetF" tests="13" failures="0" timestamp="08 Mar 2018 23:38:43 GMT" time="720.041" errors="0">
  <testcase name="TC_411_DownAndUPonly_CHROME" time="62.996" classname="MC.TestSetF"/>
  <testcase name="TC_407_MC_FF_C" time="57.098" classname="MC.TestSetF"/>
  <testcase name="TC_403_MC_GC_B" time="47.239" classname="MC.TestSetF"/>
  <testcase name="TC_404_MC_GC_C" time="49.346" classname="MC.TestSetF"/>
  <testcase name="TC_413_DownAndUPonly_ME" time="58.003" classname="MC.TestSetF"/>
  <testcase name="TC_409_MC_ME_B" time="41.072" classname="MC.TestSetF"/>
  <testcase name="TC_10_MC_ME_C" time="41.748" classname="MC.TestSetF"/>
  <testcase name="TC_402_MC_GC_A" time="48.396" classname="MC.TestSetF"/>
  <testcase name="TC_412_DownAndUPonly_FF" time="72.594" classname="MC.TestSetF"/>
  <testcase name="TC_406_MC_FF_B" time="57.721" classname="MC.TestSetF"/>
  <testcase name="TC_408_MC_ME_A" time="41.058" classname="MC.TestSetF"/>
  <testcase name="TC_405_MC_FF_A" time="87.491" classname="MC.TestSetF"/>
  <testcase name="CalculateMortgatePayment_HardCodedValues" time="55.279" classname="MC.TestSetF"/>
</testsuite> <!-- MC.TestSetF -->
