<?xml version="1.0" encoding="UTF-8"?>
<!-- Generated by org.testng.reporters.JUnitReportReporter -->
<testsuite skipped="0" hostname="DESKTOP-75OLIUH" name="SecondClasssWith2Methods" tests="2" failures="0" timestamp="14 Jun 2018 06:30:45 GMT" time="57.072" errors="0">
  <testcase name="test2" time="0.305" classname="SecondClasssWith2Methods"/>
  <testcase name="UsersAreAbleToSearch" time="56.767" classname="SecondClasssWith2Methods"/>
</testsuite> <!-- SecondClasssWith2Methods -->
