<?xml version="1.0" encoding="UTF-8"?>
<!-- Generated by org.testng.reporters.JUnitReportReporter -->
<testsuite skipped="0" hostname="DESKTOP-75OLIUH" name="SecondClasssWith2Methods" tests="2" failures="0" timestamp="20 Aug 2018 04:24:23 GMT" time="170.012" errors="0">
  <testcase name="UsersAreAbleToSearch" time="166.775" classname="SecondClasssWith2Methods"/>
  <testcase name="test2" time="3.237" classname="SecondClasssWith2Methods"/>
</testsuite> <!-- SecondClasssWith2Methods -->
