<?xml version="1.0" encoding="UTF-8"?>
<!-- Generated by org.testng.reporters.JUnitReportReporter -->
<testsuite skipped="0" hostname="DESKTOP-75OLIUH" name="SecondClasssWith2Methods" tests="2" failures="0" timestamp="01 Apr 2018 17:37:53 GMT" time="55.801" errors="0">
  <testcase name="UsersAreAbleToSearch" time="55.223" classname="SecondClasssWith2Methods"/>
  <testcase name="test2" time="0.578" classname="SecondClasssWith2Methods"/>
</testsuite> <!-- SecondClasssWith2Methods -->
