<?xml version="1.0" encoding="UTF-8"?>
<!-- Generated by org.testng.reporters.JUnitReportReporter -->
<testsuite skipped="0" hostname="DESKTOP-75OLIUH" name="groupon.TestSet_E" tests="1" failures="0" timestamp="18 Oct 2017 19:54:58 GMT" time="63.452" errors="0">
  <testcase name="TC_801_testOne" time="63.452" classname="groupon.TestSet_E"/>
</testsuite> <!-- groupon.TestSet_E -->
