<?xml version="1.0" encoding="UTF-8"?>
<!-- Generated by org.testng.reporters.JUnitReportReporter -->
<testsuite skipped="0" hostname="DESKTOP-75OLIUH" name="automationPractive.TestSetG" tests="1" failures="0" timestamp="08 Dec 2017 03:26:53 GMT" time="22.581" errors="0">
  <testcase name="test_701_display_WebTableCellValues" time="22.581" classname="automationPractive.TestSetG"/>
</testsuite> <!-- automationPractive.TestSetG -->
