<?xml version="1.0" encoding="UTF-8"?>
<!-- Generated by org.testng.reporters.JUnitReportReporter -->
<testsuite skipped="1" hostname="DESKTOP-75OLIUH" name="MyMath.TestSetMath_Version2" tests="3" failures="0" timestamp="17 Sep 2018 14:29:00 GMT" time="249.848" errors="0">
  <testcase name="TC_104_CheckStockOnAllPage" time="248.463" classname="MyMath.TestSetMath_Version2"/>
  <testcase name="TC_102" time="1.385" classname="MyMath.TestSetMath_Version2"/>
  <testcase name="TC_Exdate_p" classname="MyMath.TestSetMath_Version2">
    <skipped/>
  </testcase> <!-- TC_Exdate_p -->
</testsuite> <!-- MyMath.TestSetMath_Version2 -->
