<?xml version="1.0" encoding="UTF-8"?>
<!-- Generated by org.testng.reporters.JUnitReportReporter -->
<testsuite skipped="0" hostname="DESKTOP-75OLIUH" name="FirstClassWith2methods" tests="2" failures="0" timestamp="31 Jan 2018 01:25:30 GMT" time="71.878" errors="0">
  <testcase name="test2" time="0.712" classname="FirstClassWith2methods"/>
  <testcase name="UsersAreAbleToSearch" time="71.166" classname="FirstClassWith2methods"/>
</testsuite> <!-- FirstClassWith2methods -->
