<?xml version="1.0" encoding="UTF-8"?>
<!-- Generated by org.testng.reporters.JUnitReportReporter -->
<testsuite skipped="0" hostname="DESKTOP-75OLIUH" name="ApplyFirst" tests="1" failures="0" timestamp="01 Feb 2018 03:02:37 GMT" time="0.097" errors="0">
  <testcase name="doThisBeforeAllTestsExecution" time="0.097" classname="ApplyFirst"/>
</testsuite> <!-- ApplyFirst -->
