<?xml version="1.0" encoding="UTF-8"?>
<!-- Generated by org.testng.reporters.JUnitReportReporter -->
<testsuite skipped="0" hostname="DESKTOP-75OLIUH" name="MyMath.TestSetMath" tests="2" failures="0" timestamp="05 Sep 2018 06:11:50 GMT" time="292.181" errors="0">
  <testcase name="TC_104_CheckStockOnAllPage" time="290.496" classname="MyMath.TestSetMath"/>
  <testcase name="TC_102" time="1.685" classname="MyMath.TestSetMath"/>
</testsuite> <!-- MyMath.TestSetMath -->
