<?xml version="1.0" encoding="UTF-8"?>
<!-- Generated by org.testng.reporters.JUnitReportReporter -->
<testsuite skipped="1" hostname="DESKTOP-75OLIUH" name="Avon.TestSet_Avon" tests="2" failures="0" timestamp="02 Sep 2018 19:25:35 GMT" time="61.845" errors="0">
  <testcase name="TC_102_TBD" time="61.845" classname="Avon.TestSet_Avon"/>
  <testcase name="TC_101_TBD" classname="Avon.TestSet_Avon">
    <skipped/>
  </testcase> <!-- TC_101_TBD -->
</testsuite> <!-- Avon.TestSet_Avon -->
