<?xml version="1.0" encoding="UTF-8"?>
<!-- Generated by org.testng.reporters.JUnitReportReporter -->
<testsuite skipped="1" hostname="DESKTOP-75OLIUH" name="FirstClassWith2methods" tests="2" failures="0" timestamp="10 Apr 2018 04:37:23 GMT" time="54.919" errors="0">
  <testcase name="UsersAreAbleToSearch" time="54.919" classname="FirstClassWith2methods"/>
  <testcase name="test2" classname="FirstClassWith2methods">
    <skipped/>
  </testcase> <!-- test2 -->
</testsuite> <!-- FirstClassWith2methods -->
