<?xml version="1.0" encoding="UTF-8"?>
<!-- Generated by org.testng.reporters.JUnitReportReporter -->
<testsuite skipped="0" hostname="DESKTOP-75OLIUH" name="FromYouFlowers.FYF" tests="4" failures="0" timestamp="23 Jul 2018 04:12:58 GMT" time="187.197" errors="0">
  <testcase name="TC_02_HighlightAllInputs" time="35.686" classname="FromYouFlowers.FYF"/>
  <testcase name="TC_04_PrintPropertyValueInTheConsole" time="15.916" classname="FromYouFlowers.FYF"/>
  <testcase name="TC_03_SearchByColor" time="106.155" classname="FromYouFlowers.FYF"/>
  <testcase name="TC_101_MouseOver" time="29.440" classname="FromYouFlowers.FYF"/>
</testsuite> <!-- FromYouFlowers.FYF -->
