<?xml version="1.0" encoding="UTF-8"?>
<!-- Generated by org.testng.reporters.JUnitReportReporter -->
<testsuite skipped="0" hostname="DESKTOP-75OLIUH" name="SecondClasssWith2Methods" tests="2" failures="0" timestamp="26 Jan 2018 03:44:25 GMT" time="63.782" errors="0">
  <testcase name="test2" time="0.559" classname="SecondClasssWith2Methods"/>
  <testcase name="UsersAreAbleToSearch" time="63.223" classname="SecondClasssWith2Methods"/>
</testsuite> <!-- SecondClasssWith2Methods -->
