<?xml version="1.0" encoding="UTF-8"?>
<!-- Generated by org.testng.reporters.JUnitReportReporter -->
<testsuite skipped="0" hostname="DESKTOP-75OLIUH" name="automationPractive.TestSetG" tests="1" failures="0" timestamp="23 Jun 2018 01:36:40 GMT" time="133.097" errors="0">
  <testcase name="test_701_display_WebTableCellValues" time="133.097" classname="automationPractive.TestSetG"/>
</testsuite> <!-- automationPractive.TestSetG -->
