<?xml version="1.0" encoding="UTF-8"?>
<!-- Generated by org.testng.reporters.JUnitReportReporter -->
<testsuite skipped="0" hostname="DESKTOP-75OLIUH" name="FromYouFlowers.FYF" tests="4" failures="0" timestamp="02 Sep 2018 03:23:49 GMT" time="356.555" errors="0">
  <testcase name="TC_04_PrintPropertyValueInTheConsole" time="16.735" classname="FromYouFlowers.FYF"/>
  <testcase name="TC_03_SearchByColor" time="210.218" classname="FromYouFlowers.FYF"/>
  <testcase name="TC_02_HighlightAllInputs" time="37.797" classname="FromYouFlowers.FYF"/>
  <testcase name="TC_101_MouseOver" time="91.805" classname="FromYouFlowers.FYF"/>
</testsuite> <!-- FromYouFlowers.FYF -->
