<?xml version="1.0" encoding="UTF-8"?>
<!-- Generated by org.testng.reporters.JUnitReportReporter -->
<testsuite skipped="0" hostname="DESKTOP-75OLIUH" name="ApplyFirst" tests="1" failures="0" timestamp="10 Sep 2018 03:53:50 GMT" time="0.055" errors="0">
  <testcase name="doThisBeforeAllTestsExecution" time="0.055" classname="ApplyFirst"/>
</testsuite> <!-- ApplyFirst -->
