<?xml version="1.0" encoding="UTF-8"?>
<!-- Generated by org.testng.reporters.JUnitReportReporter -->
<testsuite skipped="0" hostname="DESKTOP-75OLIUH" name="bbb.TestSetI" tests="6" failures="0" timestamp="02 Jan 2018 02:56:32 GMT" time="312.730" errors="0">
  <testcase name="TC_902" time="68.498" classname="bbb.TestSetI"/>
  <testcase name="TC_903_MouseOver" time="48.946" classname="bbb.TestSetI"/>
  <testcase name="TC_906_RegistrationFormFillUp" time="32.208" classname="bbb.TestSetI"/>
  <testcase name="TC_901" time="54.363" classname="bbb.TestSetI"/>
  <testcase name="TC_904" time="51.231" classname="bbb.TestSetI"/>
  <testcase name="TC_905" time="57.484" classname="bbb.TestSetI"/>
</testsuite> <!-- bbb.TestSetI -->
