<?xml version="1.0" encoding="UTF-8"?>
<!-- Generated by org.testng.reporters.JUnitReportReporter -->
<testsuite skipped="0" hostname="DESKTOP-75OLIUH" name="FirstClassWith2methods" tests="2" failures="0" timestamp="08 Feb 2018 18:43:35 GMT" time="77.511" errors="0">
  <testcase name="test2" time="1.218" classname="FirstClassWith2methods"/>
  <testcase name="UsersAreAbleToSearch" time="76.293" classname="FirstClassWith2methods"/>
</testsuite> <!-- FirstClassWith2methods -->
