<?xml version="1.0" encoding="UTF-8"?>
<!-- Generated by org.testng.reporters.JUnitReportReporter -->
<testsuite skipped="0" hostname="DESKTOP-75OLIUH" name="MC.TestSetF" tests="10" failures="0" timestamp="28 Nov 2017 23:48:09 GMT" time="485.220" errors="0">
  <testcase name="TC_10_MC_ME_C" time="40.518" classname="MC.TestSetF"/>
  <testcase name="TC_407_MC_FF_C" time="54.021" classname="MC.TestSetF"/>
  <testcase name="TC_402_MC_GC_A" time="49.428" classname="MC.TestSetF"/>
  <testcase name="TC_403_MC_GC_B" time="51.200" classname="MC.TestSetF"/>
  <testcase name="TC_406_MC_FF_B" time="55.149" classname="MC.TestSetF"/>
  <testcase name="CalculateMortgatePayment_HardCodedValues" time="47.633" classname="MC.TestSetF"/>
  <testcase name="TC_409_MC_ME_B" time="40.485" classname="MC.TestSetF"/>
  <testcase name="TC_405_MC_FF_A" time="55.179" classname="MC.TestSetF"/>
  <testcase name="TC_408_MC_ME_A" time="40.667" classname="MC.TestSetF"/>
  <testcase name="TC_404_MC_GC_C" time="50.940" classname="MC.TestSetF"/>
</testsuite> <!-- MC.TestSetF -->
