<?xml version="1.0" encoding="UTF-8"?>
<!-- Generated by org.testng.reporters.JUnitReportReporter -->
<testsuite skipped="0" hostname="DESKTOP-75OLIUH" name="automationPractive.TestSetG" tests="1" failures="0" timestamp="13 May 2018 15:55:23 GMT" time="34.087" errors="0">
  <testcase name="test_701_display_WebTableCellValues" time="34.087" classname="automationPractive.TestSetG"/>
</testsuite> <!-- automationPractive.TestSetG -->
