<?xml version="1.0" encoding="UTF-8"?>
<!-- Generated by org.testng.reporters.JUnitReportReporter -->
<testsuite skipped="0" hostname="DESKTOP-75OLIUH" name="FirstClassWith2methods" tests="2" failures="0" timestamp="29 Dec 2017 01:44:25 GMT" time="86.320" errors="0">
  <testcase name="UsersAreAbleToSearch" time="85.866" classname="FirstClassWith2methods"/>
  <testcase name="test2" time="0.454" classname="FirstClassWith2methods"/>
</testsuite> <!-- FirstClassWith2methods -->
