<?xml version="1.0" encoding="UTF-8"?>
<!-- Generated by org.testng.reporters.JUnitReportReporter -->
<testsuite skipped="0" hostname="DESKTOP-75OLIUH" name="FirstClassWith2methods" tests="2" failures="0" timestamp="01 Nov 2017 22:13:48 GMT" time="89.751" errors="0">
  <testcase name="test2" time="0.505" classname="FirstClassWith2methods"/>
  <testcase name="UsersAreAbleToSearch" time="89.246" classname="FirstClassWith2methods"/>
</testsuite> <!-- FirstClassWith2methods -->
