<?xml version="1.0" encoding="UTF-8"?>
<!-- Generated by org.testng.reporters.JUnitReportReporter -->
<testsuite skipped="0" hostname="DESKTOP-75OLIUH" name="MC.TestSetF" tests="13" failures="0" timestamp="08 Dec 2017 03:26:53 GMT" time="646.992" errors="0">
  <testcase name="TC_411_DownAndUPonly_CHROME" time="60.738" classname="MC.TestSetF"/>
  <testcase name="TC_407_MC_FF_C" time="51.256" classname="MC.TestSetF"/>
  <testcase name="TC_403_MC_GC_B" time="48.936" classname="MC.TestSetF"/>
  <testcase name="TC_408_MC_ME_A" time="40.442" classname="MC.TestSetF"/>
  <testcase name="TC_404_MC_GC_C" time="47.141" classname="MC.TestSetF"/>
  <testcase name="TC_413_DownAndUPonly_ME" time="56.996" classname="MC.TestSetF"/>
  <testcase name="CalculateMortgatePayment_HardCodedValues" time="48.191" classname="MC.TestSetF"/>
  <testcase name="TC_406_MC_FF_B" time="49.815" classname="MC.TestSetF"/>
  <testcase name="TC_409_MC_ME_B" time="40.271" classname="MC.TestSetF"/>
  <testcase name="TC_10_MC_ME_C" time="40.511" classname="MC.TestSetF"/>
  <testcase name="TC_412_DownAndUPonly_FF" time="64.317" classname="MC.TestSetF"/>
  <testcase name="TC_402_MC_GC_A" time="46.203" classname="MC.TestSetF"/>
  <testcase name="TC_405_MC_FF_A" time="52.175" classname="MC.TestSetF"/>
</testsuite> <!-- MC.TestSetF -->
