<?xml version="1.0" encoding="UTF-8"?>
<!-- Generated by org.testng.reporters.JUnitReportReporter -->
<testsuite skipped="0" hostname="DESKTOP-75OLIUH" name="automationPractive.TestSetG" tests="1" failures="0" timestamp="23 Feb 2018 04:06:54 GMT" time="24.249" errors="0">
  <testcase name="test_701_display_WebTableCellValues" time="24.249" classname="automationPractive.TestSetG"/>
</testsuite> <!-- automationPractive.TestSetG -->
