<?xml version="1.0" encoding="UTF-8"?>
<!-- Generated by org.testng.reporters.JUnitReportReporter -->
<testsuite skipped="0" hostname="DESKTOP-75OLIUH" name="ApplyFirst" tests="1" failures="0" timestamp="12 Apr 2018 04:55:00 GMT" time="0.031" errors="0">
  <testcase name="doThisBeforeAllTestsExecution" time="0.031" classname="ApplyFirst"/>
</testsuite> <!-- ApplyFirst -->
