<?xml version="1.0" encoding="UTF-8"?>
<!-- Generated by org.testng.reporters.JUnitReportReporter -->
<testsuite skipped="2" hostname="DESKTOP-75OLIUH" name="MarriottAll.MarriottAllTestSet" tests="7" failures="0" timestamp="24 Sep 2018 06:28:06 GMT" time="155.926" errors="0">
  <testcase name="TC_102_ParametarizationViaDataProvider" time="33.320" classname="MarriottAll.MarriottAllTestSet"/>
  <testcase name="TC_102_ParametarizationViaDataProvider" time="12.620" classname="MarriottAll.MarriottAllTestSet"/>
  <testcase name="TC_102_ParametarizationViaDataProvider" time="17.591" classname="MarriottAll.MarriottAllTestSet"/>
  <testcase name="TC_102_ParametarizationViaDataProvider" time="26.246" classname="MarriottAll.MarriottAllTestSet"/>
  <testcase name="TC_102_ParametarizationViaDataProvider" time="66.149" classname="MarriottAll.MarriottAllTestSet"/>
  <testcase name="TC_101_SelectByKeybordInput" classname="MarriottAll.MarriottAllTestSet">
    <skipped/>
  </testcase> <!-- TC_101_SelectByKeybordInput -->
  <testcase name="TC_102_TBD" classname="MarriottAll.MarriottAllTestSet">
    <skipped/>
  </testcase> <!-- TC_102_TBD -->
</testsuite> <!-- MarriottAll.MarriottAllTestSet -->
