<?xml version="1.0" encoding="UTF-8"?>
<!-- Generated by org.testng.reporters.JUnitReportReporter -->
<testsuite skipped="1" hostname="DESKTOP-75OLIUH" name="bing2.TestSet2_bing" tests="6" failures="0" timestamp="09 Oct 2018 04:20:21 GMT" time="885.327" errors="0">
  <testcase name="TC_SE_Firefox" time="69.552" classname="bing2.TestSet2_bing"/>
  <testcase name="TC_SE_MicrosoftEdge" time="59.546" classname="bing2.TestSet2_bing"/>
  <testcase name="TC_SE_ie" time="659.600" classname="bing2.TestSet2_bing"/>
  <testcase name="TC_101_TBD" time="20.570" classname="bing2.TestSet2_bing"/>
  <testcase name="TC_SE_CHROME" time="76.059" classname="bing2.TestSet2_bing"/>
  <testcase name="TC_SE_Opera" classname="bing2.TestSet2_bing">
    <skipped/>
  </testcase> <!-- TC_SE_Opera -->
</testsuite> <!-- bing2.TestSet2_bing -->
