<?xml version="1.0" encoding="UTF-8"?>
<!-- Generated by org.testng.reporters.JUnitReportReporter -->
<testsuite skipped="0" hostname="DESKTOP-75OLIUH" name="SecondClasssWith2Methods" tests="2" failures="0" timestamp="04 Oct 2017 01:54:06 GMT" time="57.375" errors="0">
  <testcase name="test2" time="0.300" classname="SecondClasssWith2Methods"/>
  <testcase name="UsersAreAbleToSearch" time="57.075" classname="SecondClasssWith2Methods"/>
</testsuite> <!-- SecondClasssWith2Methods -->
