<?xml version="1.0" encoding="UTF-8"?>
<!-- Generated by org.testng.reporters.JUnitReportReporter -->
<testsuite skipped="0" hostname="DESKTOP-75OLIUH" name="bing.TestSetBing" tests="3" failures="0" timestamp="06 May 2018 04:49:03 GMT" time="248.154" errors="0">
  <testcase name="TC_101_searchOnBingHomePage" time="76.524" classname="bing.TestSetBing"/>
  <testcase name="TC_102_ViewImages" time="147.053" classname="bing.TestSetBing"/>
  <testcase name="TC_103_ExpectedMessageDisplay" time="24.577" classname="bing.TestSetBing"/>
</testsuite> <!-- bing.TestSetBing -->
