<?xml version="1.0" encoding="UTF-8"?>
<!-- Generated by org.testng.reporters.JUnitReportReporter -->
<testsuite skipped="0" hostname="DESKTOP-75OLIUH" name="MyMath.TestSetMath" tests="2" failures="0" timestamp="10 Sep 2018 03:53:50 GMT" time="243.251" errors="0">
  <testcase name="TC_104_CheckStockOnAllPage" time="241.635" classname="MyMath.TestSetMath"/>
  <testcase name="TC_102" time="1.616" classname="MyMath.TestSetMath"/>
</testsuite> <!-- MyMath.TestSetMath -->
