<?xml version="1.0" encoding="UTF-8"?>
<!-- Generated by org.testng.reporters.JUnitReportReporter -->
<testsuite skipped="0" hostname="DESKTOP-75OLIUH" name="SecondClasssWith2Methods" tests="2" failures="0" timestamp="23 Jun 2018 01:36:40 GMT" time="70.835" errors="0">
  <testcase name="test2" time="0.607" classname="SecondClasssWith2Methods"/>
  <testcase name="UsersAreAbleToSearch" time="70.228" classname="SecondClasssWith2Methods"/>
</testsuite> <!-- SecondClasssWith2Methods -->
