<?xml version="1.0" encoding="UTF-8"?>
<!-- Generated by org.testng.reporters.JUnitReportReporter -->
<testsuite skipped="0" hostname="DESKTOP-75OLIUH" name="Group" tests="6" failures="0" timestamp="01 Apr 2018 17:37:53 GMT" time="0.019" errors="0">
  <testcase name="F1" time="0.000" classname="Group"/>
  <testcase name="F4" time="0.000" classname="Group"/>
  <testcase name="F6" time="0.002" classname="Group"/>
  <testcase name="F2" time="0.000" classname="Group"/>
  <testcase name="F5" time="0.017" classname="Group"/>
  <testcase name="F3" time="0.000" classname="Group"/>
</testsuite> <!-- Group -->
