<?xml version="1.0" encoding="UTF-8"?>
<!-- Generated by org.testng.reporters.JUnitReportReporter -->
<testsuite skipped="0" hostname="DESKTOP-75OLIUH" name="SecondClasssWith2Methods" tests="2" failures="0" timestamp="25 Oct 2017 01:15:06 GMT" time="62.616" errors="0">
  <testcase name="UsersAreAbleToSearch" time="62.107" classname="SecondClasssWith2Methods"/>
  <testcase name="test2" time="0.509" classname="SecondClasssWith2Methods"/>
</testsuite> <!-- SecondClasssWith2Methods -->
