<?xml version="1.0" encoding="UTF-8"?>
<!-- Generated by org.testng.reporters.JUnitReportReporter -->
<testsuite skipped="0" hostname="DESKTOP-75OLIUH" name="Dividend.TestSedDividend" tests="10" failures="1" timestamp="30 Jul 2018 07:16:15 GMT" time="752.168" errors="0">
  <testcase name="TC_104_CheckStockOnAllPage" time="264.464" classname="Dividend.TestSedDividend"/>
  <testcase name="TC_102" time="17.648" classname="Dividend.TestSedDividend"/>
  <testcase name="TC_106_TBD" time="37.419" classname="Dividend.TestSedDividend"/>
  <testcase name="TC_109_CheckOrUnCheckRemember" time="25.932" classname="Dividend.TestSedDividend"/>
  <testcase name="TC_103_CheckStockOnCurrentPage" time="32.376" classname="Dividend.TestSedDividend"/>
  <testcase name="TC_105_Social_Sites_On_New_Tabs" time="65.992" classname="Dividend.TestSedDividend">
    <failure type="java.lang.AssertionError" message="expected [Dividend.com | LinkedIn] but found [LinkedIn: Log In or Sign Up]">
      <![CDATA[java.lang.AssertionError: expected [Dividend.com | LinkedIn] but found [LinkedIn: Log In or Sign Up]
	at org.testng.Assert.fail(Assert.java:93)
	at org.testng.Assert.failNotEquals(Assert.java:512)
	at org.testng.Assert.assertEqualsImpl(Assert.java:134)
	at org.testng.Assert.assertEquals(Assert.java:115)
	at org.testng.Assert.assertEquals(Assert.java:189)
	at org.testng.Assert.assertEquals(Assert.java:199)
	at Dividend.TestSedDividend.TC_105_Social_Sites_On_New_Tabs(TestSedDividend.java:233)
	at sun.reflect.NativeMethodAccessorImpl.invoke0(Native Method)
	at sun.reflect.NativeMethodAccessorImpl.invoke(Unknown Source)
	at sun.reflect.DelegatingMethodAccessorImpl.invoke(Unknown Source)
	at java.lang.reflect.Method.invoke(Unknown Source)
	at org.testng.internal.MethodInvocationHelper.invokeMethod(MethodInvocationHelper.java:108)
	at org.testng.internal.Invoker.invokeMethod(Invoker.java:661)
	at org.testng.internal.Invoker.invokeTestMethod(Invoker.java:869)
	at org.testng.internal.Invoker.invokeTestMethods(Invoker.java:1193)
	at org.testng.internal.TestMethodWorker.invokeTestMethods(TestMethodWorker.java:126)
	at org.testng.internal.TestMethodWorker.run(TestMethodWorker.java:109)
	at org.testng.TestRunner.privateRun(TestRunner.java:744)
	at org.testng.TestRunner.run(TestRunner.java:602)
	at org.testng.SuiteRunner.runTest(SuiteRunner.java:380)
	at org.testng.SuiteRunner.runSequentially(SuiteRunner.java:375)
	at org.testng.SuiteRunner.privateRun(SuiteRunner.java:340)
	at org.testng.SuiteRunner.run(SuiteRunner.java:289)
	at org.testng.SuiteRunnerWorker.runSuite(SuiteRunnerWorker.java:52)
	at org.testng.SuiteRunnerWorker.run(SuiteRunnerWorker.java:86)
	at org.testng.TestNG.runSuitesSequentially(TestNG.java:1301)
	at org.testng.TestNG.runSuitesLocally(TestNG.java:1226)
	at org.testng.TestNG.runSuites(TestNG.java:1144)
	at org.testng.TestNG.run(TestNG.java:1115)
	at org.testng.remote.AbstractRemoteTestNG.run(AbstractRemoteTestNG.java:126)
	at org.testng.remote.RemoteTestNG.initAndRun(RemoteTestNG.java:137)
	at org.testng.remote.RemoteTestNG.main(RemoteTestNG.java:58)
]]>
    </failure>
  </testcase> <!-- TC_105_Social_Sites_On_New_Tabs -->
  <testcase name="TC_110_Search_Securities" time="227.790" classname="Dividend.TestSedDividend"/>
  <testcase name="TC_101_TBD" time="15.459" classname="Dividend.TestSedDividend"/>
  <testcase name="TC_107_Login_NegitiveTest" time="35.386" classname="Dividend.TestSedDividend"/>
  <testcase name="TC_108_EnabledOrDisabledField" time="29.702" classname="Dividend.TestSedDividend"/>
</testsuite> <!-- Dividend.TestSedDividend -->
