<?xml version="1.0" encoding="UTF-8"?>
<!-- Generated by org.testng.reporters.JUnitReportReporter -->
<testsuite skipped="0" hostname="DESKTOP-75OLIUH" name="FromYouFlowers.FYF" tests="4" failures="0" timestamp="09 Oct 2018 04:20:21 GMT" time="210.130" errors="0">
  <testcase name="TC_03_SearchByColor" time="110.214" classname="FromYouFlowers.FYF"/>
  <testcase name="TC_02_HighlightAllInputs" time="38.646" classname="FromYouFlowers.FYF"/>
  <testcase name="TC_04_PrintPropertyValueInTheConsole" time="17.602" classname="FromYouFlowers.FYF"/>
  <testcase name="TC_101_MouseOver" time="43.668" classname="FromYouFlowers.FYF"/>
</testsuite> <!-- FromYouFlowers.FYF -->
