<?xml version="1.0" encoding="UTF-8"?>
<!-- Generated by org.testng.reporters.JUnitReportReporter -->
<testsuite skipped="0" hostname="DESKTOP-75OLIUH" name="FirstClassWith2methods" tests="2" failures="0" timestamp="07 Mar 2018 02:23:09 GMT" time="75.212" errors="0">
  <testcase name="UsersAreAbleToSearch" time="74.663" classname="FirstClassWith2methods"/>
  <testcase name="test2" time="0.549" classname="FirstClassWith2methods"/>
</testsuite> <!-- FirstClassWith2methods -->
