<?xml version="1.0" encoding="UTF-8"?>
<!-- Generated by org.testng.reporters.JUnitReportReporter -->
<testsuite skipped="0" hostname="DESKTOP-75OLIUH" name="FirstClassWith2methods" tests="2" failures="0" timestamp="26 Jan 2018 03:44:25 GMT" time="81.207" errors="0">
  <testcase name="test2" time="0.606" classname="FirstClassWith2methods"/>
  <testcase name="UsersAreAbleToSearch" time="80.601" classname="FirstClassWith2methods"/>
</testsuite> <!-- FirstClassWith2methods -->
