<?xml version="1.0" encoding="UTF-8"?>
<!-- Generated by org.testng.reporters.JUnitReportReporter -->
<testsuite skipped="0" hostname="DESKTOP-75OLIUH" name="ApplyFirst" tests="1" failures="0" timestamp="07 Jul 2018 06:37:05 GMT" time="0.619" errors="0">
  <testcase name="doThisBeforeAllTestsExecution" time="0.619" classname="ApplyFirst"/>
</testsuite> <!-- ApplyFirst -->
