<?xml version="1.0" encoding="UTF-8"?>
<!-- Generated by org.testng.reporters.JUnitReportReporter -->
<testsuite skipped="0" hostname="DESKTOP-75OLIUH" name="SecondClasssWith2Methods" tests="2" failures="0" timestamp="08 Feb 2018 18:43:35 GMT" time="68.092" errors="0">
  <testcase name="test2" time="0.807" classname="SecondClasssWith2Methods"/>
  <testcase name="UsersAreAbleToSearch" time="67.285" classname="SecondClasssWith2Methods"/>
</testsuite> <!-- SecondClasssWith2Methods -->
