<?xml version="1.0" encoding="UTF-8"?>
<!-- Generated by org.testng.reporters.JUnitReportReporter -->
<testsuite skipped="0" hostname="DESKTOP-75OLIUH" name="MC.TestSetF" tests="13" failures="0" timestamp="18 Dec 2017 02:17:35 GMT" time="699.856" errors="0">
  <testcase name="TC_409_MC_ME_B" time="41.337" classname="MC.TestSetF"/>
  <testcase name="TC_10_MC_ME_C" time="41.949" classname="MC.TestSetF"/>
  <testcase name="TC_406_MC_FF_B" time="52.477" classname="MC.TestSetF"/>
  <testcase name="TC_403_MC_GC_B" time="47.871" classname="MC.TestSetF"/>
  <testcase name="TC_402_MC_GC_A" time="49.200" classname="MC.TestSetF"/>
  <testcase name="CalculateMortgatePayment_HardCodedValues" time="49.715" classname="MC.TestSetF"/>
  <testcase name="TC_411_DownAndUPonly_CHROME" time="63.436" classname="MC.TestSetF"/>
  <testcase name="TC_407_MC_FF_C" time="52.169" classname="MC.TestSetF"/>
  <testcase name="TC_412_DownAndUPonly_FF" time="65.898" classname="MC.TestSetF"/>
  <testcase name="TC_408_MC_ME_A" time="73.096" classname="MC.TestSetF"/>
  <testcase name="TC_405_MC_FF_A" time="54.820" classname="MC.TestSetF"/>
  <testcase name="TC_404_MC_GC_C" time="49.767" classname="MC.TestSetF"/>
  <testcase name="TC_413_DownAndUPonly_ME" time="58.121" classname="MC.TestSetF"/>
</testsuite> <!-- MC.TestSetF -->
