<?xml version="1.0" encoding="UTF-8"?>
<!-- Generated by org.testng.reporters.JUnitReportReporter -->
<testsuite skipped="1" hostname="DESKTOP-75OLIUH" name="flowerbyMe.TestSet_flowerbyMe" tests="6" failures="0" timestamp="24 Sep 2018 06:28:07 GMT" time="516.414" errors="0">
  <testcase name="TC_102_TBD" time="48.100" classname="flowerbyMe.TestSet_flowerbyMe"/>
  <testcase name="TC_102_TBD" time="34.619" classname="flowerbyMe.TestSet_flowerbyMe"/>
  <testcase name="TC_102_TBD" time="56.333" classname="flowerbyMe.TestSet_flowerbyMe"/>
  <testcase name="TC_102_TBD" time="345.487" classname="flowerbyMe.TestSet_flowerbyMe"/>
  <testcase name="TC_102_TBD" time="31.875" classname="flowerbyMe.TestSet_flowerbyMe"/>
  <testcase name="TC_101_TBD" classname="flowerbyMe.TestSet_flowerbyMe">
    <skipped/>
  </testcase> <!-- TC_101_TBD -->
</testsuite> <!-- flowerbyMe.TestSet_flowerbyMe -->
