<?xml version="1.0" encoding="UTF-8"?>
<!-- Generated by org.testng.reporters.JUnitReportReporter -->
<testsuite skipped="0" hostname="DESKTOP-75OLIUH" name="automationPractive.TestSetG" tests="1" failures="0" timestamp="08 Feb 2018 18:43:35 GMT" time="22.575" errors="0">
  <testcase name="test_701_display_WebTableCellValues" time="22.575" classname="automationPractive.TestSetG"/>
</testsuite> <!-- automationPractive.TestSetG -->
