<?xml version="1.0" encoding="UTF-8"?>
<!-- Generated by org.testng.reporters.JUnitReportReporter -->
<testsuite skipped="0" hostname="DESKTOP-75OLIUH" name="automationPractive.TestSetG" tests="1" failures="0" timestamp="07 Mar 2018 02:23:09 GMT" time="24.594" errors="0">
  <testcase name="test_701_display_WebTableCellValues" time="24.594" classname="automationPractive.TestSetG"/>
</testsuite> <!-- automationPractive.TestSetG -->
