<?xml version="1.0" encoding="UTF-8"?>
<!-- Generated by org.testng.reporters.JUnitReportReporter -->
<testsuite skipped="0" hostname="DESKTOP-75OLIUH" name="MC.TestSetF" tests="13" failures="0" timestamp="05 Jan 2018 02:17:22 GMT" time="660.795" errors="0">
  <testcase name="TC_409_MC_ME_B" time="40.374" classname="MC.TestSetF"/>
  <testcase name="TC_405_MC_FF_A" time="54.928" classname="MC.TestSetF"/>
  <testcase name="TC_412_DownAndUPonly_FF" time="65.272" classname="MC.TestSetF"/>
  <testcase name="TC_404_MC_GC_C" time="47.054" classname="MC.TestSetF"/>
  <testcase name="CalculateMortgatePayment_HardCodedValues" time="48.226" classname="MC.TestSetF"/>
  <testcase name="TC_413_DownAndUPonly_ME" time="57.016" classname="MC.TestSetF"/>
  <testcase name="TC_10_MC_ME_C" time="40.875" classname="MC.TestSetF"/>
  <testcase name="TC_406_MC_FF_B" time="53.732" classname="MC.TestSetF"/>
  <testcase name="TC_402_MC_GC_A" time="48.264" classname="MC.TestSetF"/>
  <testcase name="TC_403_MC_GC_B" time="47.944" classname="MC.TestSetF"/>
  <testcase name="TC_408_MC_ME_A" time="40.376" classname="MC.TestSetF"/>
  <testcase name="TC_411_DownAndUPonly_CHROME" time="64.115" classname="MC.TestSetF"/>
  <testcase name="TC_407_MC_FF_C" time="52.619" classname="MC.TestSetF"/>
</testsuite> <!-- MC.TestSetF -->
