<?xml version="1.0" encoding="UTF-8"?>
<!-- Generated by org.testng.reporters.JUnitReportReporter -->
<testsuite skipped="0" hostname="DESKTOP-75OLIUH" name="SecondClasssWith2Methods" tests="2" failures="0" timestamp="28 Apr 2018 20:58:35 GMT" time="81.577" errors="0">
  <testcase name="UsersAreAbleToSearch" time="81.267" classname="SecondClasssWith2Methods"/>
  <testcase name="test2" time="0.310" classname="SecondClasssWith2Methods"/>
</testsuite> <!-- SecondClasssWith2Methods -->
