<?xml version="1.0" encoding="UTF-8"?>
<!-- Generated by org.testng.reporters.JUnitReportReporter -->
<testsuite skipped="0" hostname="DESKTOP-75OLIUH" name="groupon.TestSet_E" tests="1" failures="0" timestamp="18 Oct 2017 21:37:45 GMT" time="60.179" errors="0">
  <testcase name="TC_801_testOne" time="60.179" classname="groupon.TestSet_E"/>
</testsuite> <!-- groupon.TestSet_E -->
