<?xml version="1.0" encoding="UTF-8"?>
<!-- Generated by org.testng.reporters.JUnitReportReporter -->
<testsuite skipped="0" hostname="DESKTOP-75OLIUH" name="automationPractive.TestSetG" tests="1" failures="0" timestamp="30 Sep 2018 06:25:38 GMT" time="27.479" errors="0">
  <testcase name="test_701_display_WebTableCellValues" time="27.479" classname="automationPractive.TestSetG"/>
</testsuite> <!-- automationPractive.TestSetG -->
