<?xml version="1.0" encoding="UTF-8"?>
<!-- Generated by org.testng.reporters.JUnitReportReporter -->
<testsuite skipped="0" hostname="DESKTOP-75OLIUH" name="AOL_ObjectRepositoryAndFunctionLibrary.LoginPage" tests="1" failures="0" timestamp="06 Apr 2018 16:40:29 GMT" time="21.733" errors="0">
  <testcase name="TemporaryMethod2" time="21.733" classname="AOL_ObjectRepositoryAndFunctionLibrary.LoginPage"/>
</testsuite> <!-- AOL_ObjectRepositoryAndFunctionLibrary.LoginPage -->
