<?xml version="1.0" encoding="UTF-8"?>
<!-- Generated by org.testng.reporters.JUnitReportReporter -->
<testsuite skipped="0" hostname="DESKTOP-75OLIUH" name="SecondClasssWith2Methods" tests="2" failures="0" timestamp="09 Oct 2018 04:20:21 GMT" time="59.799" errors="0">
  <testcase name="UsersAreAbleToSearch" time="59.441" classname="SecondClasssWith2Methods"/>
  <testcase name="test2" time="0.358" classname="SecondClasssWith2Methods"/>
</testsuite> <!-- SecondClasssWith2Methods -->
