<?xml version="1.0" encoding="UTF-8"?>
<!-- Generated by org.testng.reporters.JUnitReportReporter -->
<testsuite skipped="0" hostname="DESKTOP-75OLIUH" name="SecondClasssWith2Methods" tests="2" failures="0" timestamp="12 Jul 2018 07:28:10 GMT" time="57.454" errors="0">
  <testcase name="test2" time="0.342" classname="SecondClasssWith2Methods"/>
  <testcase name="UsersAreAbleToSearch" time="57.112" classname="SecondClasssWith2Methods"/>
</testsuite> <!-- SecondClasssWith2Methods -->
