<?xml version="1.0" encoding="UTF-8"?>
<!-- Generated by org.testng.reporters.JUnitReportReporter -->
<testsuite skipped="0" hostname="DESKTOP-75OLIUH" name="SecondClasssWith2Methods" tests="2" failures="0" timestamp="03 Mar 2018 07:16:30 GMT" time="61.096" errors="0">
  <testcase name="UsersAreAbleToSearch" time="60.534" classname="SecondClasssWith2Methods"/>
  <testcase name="test2" time="0.562" classname="SecondClasssWith2Methods"/>
</testsuite> <!-- SecondClasssWith2Methods -->
