<?xml version="1.0" encoding="UTF-8"?>
<!-- Generated by org.testng.reporters.JUnitReportReporter -->
<testsuite skipped="0" hostname="DESKTOP-75OLIUH" name="SecondClasssWith2Methods" tests="2" failures="0" timestamp="27 Aug 2018 09:29:20 GMT" time="63.821" errors="0">
  <testcase name="test2" time="0.610" classname="SecondClasssWith2Methods"/>
  <testcase name="UsersAreAbleToSearch" time="63.211" classname="SecondClasssWith2Methods"/>
</testsuite> <!-- SecondClasssWith2Methods -->
