<?xml version="1.0" encoding="UTF-8"?>
<!-- Generated by org.testng.reporters.JUnitReportReporter -->
<testsuite skipped="0" hostname="DESKTOP-75OLIUH" name="FirstClassWith2methods" tests="2" failures="0" timestamp="08 Mar 2018 00:02:59 GMT" time="57.390" errors="0">
  <testcase name="UsersAreAbleToSearch" time="56.872" classname="FirstClassWith2methods"/>
  <testcase name="test2" time="0.518" classname="FirstClassWith2methods"/>
</testsuite> <!-- FirstClassWith2methods -->
