<?xml version="1.0" encoding="UTF-8"?>
<!-- Generated by org.testng.reporters.JUnitReportReporter -->
<testsuite skipped="0" hostname="DESKTOP-75OLIUH" name="FirstClassWith2methods" tests="2" failures="0" timestamp="17 Oct 2017 23:42:18 GMT" time="69.571" errors="0">
  <testcase name="UsersAreAbleToSearch" time="68.964" classname="FirstClassWith2methods"/>
  <testcase name="test2" time="0.607" classname="FirstClassWith2methods"/>
</testsuite> <!-- FirstClassWith2methods -->
