<?xml version="1.0" encoding="UTF-8"?>
<!-- Generated by org.testng.reporters.JUnitReportReporter -->
<testsuite skipped="0" hostname="DESKTOP-75OLIUH" name="SecondClasssWith2Methods" tests="2" failures="0" timestamp="01 Feb 2018 03:02:37 GMT" time="59.401" errors="0">
  <testcase name="test2" time="0.304" classname="SecondClasssWith2Methods"/>
  <testcase name="UsersAreAbleToSearch" time="59.097" classname="SecondClasssWith2Methods"/>
</testsuite> <!-- SecondClasssWith2Methods -->
