<?xml version="1.0" encoding="UTF-8"?>
<!-- Generated by org.testng.reporters.JUnitReportReporter -->
<testsuite skipped="0" hostname="DESKTOP-75OLIUH" name="MC.TestSetF" tests="13" failures="0" timestamp="12 Apr 2018 04:55:00 GMT" time="692.383" errors="0">
  <testcase name="TC_406_MC_FF_B" time="55.535" classname="MC.TestSetF"/>
  <testcase name="CalculateMortgatePayment_HardCodedValues" time="56.720" classname="MC.TestSetF"/>
  <testcase name="TC_409_MC_ME_B" time="42.088" classname="MC.TestSetF"/>
  <testcase name="TC_404_MC_GC_C" time="48.615" classname="MC.TestSetF"/>
  <testcase name="TC_405_MC_FF_A" time="57.426" classname="MC.TestSetF"/>
  <testcase name="TC_402_MC_GC_A" time="52.456" classname="MC.TestSetF"/>
  <testcase name="TC_403_MC_GC_B" time="48.406" classname="MC.TestSetF"/>
  <testcase name="TC_407_MC_FF_C" time="54.276" classname="MC.TestSetF"/>
  <testcase name="TC_10_MC_ME_C" time="43.567" classname="MC.TestSetF"/>
  <testcase name="TC_413_DownAndUPonly_ME" time="58.817" classname="MC.TestSetF"/>
  <testcase name="TC_408_MC_ME_A" time="41.458" classname="MC.TestSetF"/>
  <testcase name="TC_411_DownAndUPonly_CHROME" time="62.939" classname="MC.TestSetF"/>
  <testcase name="TC_412_DownAndUPonly_FF" time="70.080" classname="MC.TestSetF"/>
</testsuite> <!-- MC.TestSetF -->
