<?xml version="1.0" encoding="UTF-8"?>
<!-- Generated by org.testng.reporters.JUnitReportReporter -->
<testsuite skipped="0" hostname="DESKTOP-75OLIUH" name="AOL_ObjectRepositoryAndFunctionLibrary.AOL_LogOutVerificationPage" tests="1" failures="0" timestamp="06 Apr 2018 16:37:00 GMT" time="71.882" errors="0">
  <testcase name="TemporaryMethod_LogOutVerification" time="71.882" classname="AOL_ObjectRepositoryAndFunctionLibrary.AOL_LogOutVerificationPage"/>
</testsuite> <!-- AOL_ObjectRepositoryAndFunctionLibrary.AOL_LogOutVerificationPage -->
