<?xml version="1.0" encoding="UTF-8"?>
<!-- Generated by org.testng.reporters.JUnitReportReporter -->
<testsuite skipped="1" hostname="DESKTOP-75OLIUH" name="flowerbyMe.TestSet_flowerbyMe" tests="6" failures="0" timestamp="26 Sep 2018 02:22:44 GMT" time="504.538" errors="0">
  <testcase name="TC_102_TBD" time="31.380" classname="flowerbyMe.TestSet_flowerbyMe"/>
  <testcase name="TC_102_TBD" time="52.546" classname="flowerbyMe.TestSet_flowerbyMe"/>
  <testcase name="TC_102_TBD" time="50.509" classname="flowerbyMe.TestSet_flowerbyMe"/>
  <testcase name="TC_102_TBD" time="339.330" classname="flowerbyMe.TestSet_flowerbyMe"/>
  <testcase name="TC_102_TBD" time="30.773" classname="flowerbyMe.TestSet_flowerbyMe"/>
  <testcase name="TC_101_TBD" classname="flowerbyMe.TestSet_flowerbyMe">
    <skipped/>
  </testcase> <!-- TC_101_TBD -->
</testsuite> <!-- flowerbyMe.TestSet_flowerbyMe -->
