<?xml version="1.0" encoding="UTF-8"?>
<!-- Generated by org.testng.reporters.JUnitReportReporter -->
<testsuite skipped="0" hostname="DESKTOP-75OLIUH" name="SecondClasssWith2Methods" tests="2" failures="0" timestamp="23 Jan 2018 03:31:42 GMT" time="58.016" errors="0">
  <testcase name="test2" time="0.404" classname="SecondClasssWith2Methods"/>
  <testcase name="UsersAreAbleToSearch" time="57.612" classname="SecondClasssWith2Methods"/>
</testsuite> <!-- SecondClasssWith2Methods -->
