<?xml version="1.0" encoding="UTF-8"?>
<!-- Generated by org.testng.reporters.JUnitReportReporter -->
<testsuite skipped="0" hostname="DESKTOP-75OLIUH" name="Nasdaq.TestSet_Nasdaq" tests="3" failures="0" timestamp="07 Jul 2018 06:37:05 GMT" time="218.484" errors="0">
  <testcase name="TC_101_StockSearch" time="119.862" classname="Nasdaq.TestSet_Nasdaq"/>
  <testcase name="TC_103_TBD" time="28.927" classname="Nasdaq.TestSet_Nasdaq"/>
  <testcase name="TC_102_WebTableCount" time="69.695" classname="Nasdaq.TestSet_Nasdaq"/>
</testsuite> <!-- Nasdaq.TestSet_Nasdaq -->
