<?xml version="1.0" encoding="UTF-8"?>
<!-- Generated by org.testng.reporters.JUnitReportReporter -->
<testsuite skipped="0" hostname="DESKTOP-75OLIUH" name="MarriottAll.MarriottAllTestSet" tests="2" failures="0" timestamp="20 Sep 2018 06:34:13 GMT" time="111.059" errors="0">
  <testcase name="TC_102_TBD" time="61.557" classname="MarriottAll.MarriottAllTestSet"/>
  <testcase name="TC_101_SelectByKeybordInput" time="49.502" classname="MarriottAll.MarriottAllTestSet"/>
</testsuite> <!-- MarriottAll.MarriottAllTestSet -->
