<?xml version="1.0" encoding="UTF-8"?>
<!-- Generated by org.testng.reporters.JUnitReportReporter -->
<testsuite skipped="0" hostname="DESKTOP-75OLIUH" name="FirstClassWith2methods" tests="2" failures="0" timestamp="29 Nov 2017 01:17:26 GMT" time="63.876" errors="0">
  <testcase name="test2" time="0.255" classname="FirstClassWith2methods"/>
  <testcase name="UsersAreAbleToSearch" time="63.621" classname="FirstClassWith2methods"/>
</testsuite> <!-- FirstClassWith2methods -->
