<?xml version="1.0" encoding="UTF-8"?>
<!-- Generated by org.testng.reporters.JUnitReportReporter -->
<testsuite skipped="0" hostname="DESKTOP-75OLIUH" name="bing.TestSetBing" tests="6" failures="0" timestamp="20 Aug 2018 04:24:24 GMT" time="405.438" errors="0">
  <testcase name="TC_105_MicrosoftAppsForIphone" time="53.086" classname="bing.TestSetBing"/>
  <testcase name="TC_104_MicrosoftAppsForWindows" time="62.043" classname="bing.TestSetBing"/>
  <testcase name="TC_102_ViewImages" time="144.647" classname="bing.TestSetBing"/>
  <testcase name="TC_106_MicrosoftAppsForAndroid" time="43.500" classname="bing.TestSetBing"/>
  <testcase name="TC_103_ExpectedMessageDisplay" time="25.888" classname="bing.TestSetBing"/>
  <testcase name="TC_101_searchOnBingHomePage" time="76.274" classname="bing.TestSetBing"/>
</testsuite> <!-- bing.TestSetBing -->
