<?xml version="1.0" encoding="UTF-8"?>
<!-- Generated by org.testng.reporters.JUnitReportReporter -->
<testsuite skipped="0" hostname="DESKTOP-75OLIUH" name="SecondClasssWith2Methods" tests="2" failures="0" timestamp="06 Oct 2017 00:39:44 GMT" time="97.444" errors="0">
  <testcase name="test2" time="0.455" classname="SecondClasssWith2Methods"/>
  <testcase name="UsersAreAbleToSearch" time="96.989" classname="SecondClasssWith2Methods"/>
</testsuite> <!-- SecondClasssWith2Methods -->
