<?xml version="1.0" encoding="UTF-8"?>
<!-- Generated by org.testng.reporters.JUnitReportReporter -->
<testsuite skipped="0" hostname="DESKTOP-75OLIUH" name="SecondClasssWith2Methods" tests="2" failures="0" timestamp="29 Nov 2017 01:17:26 GMT" time="58.255" errors="0">
  <testcase name="test2" time="0.203" classname="SecondClasssWith2Methods"/>
  <testcase name="UsersAreAbleToSearch" time="58.052" classname="SecondClasssWith2Methods"/>
</testsuite> <!-- SecondClasssWith2Methods -->
