<?xml version="1.0" encoding="UTF-8"?>
<!-- Generated by org.testng.reporters.JUnitReportReporter -->
<testsuite skipped="0" hostname="DESKTOP-75OLIUH" name="ApplyFirst" tests="1" failures="0" timestamp="29 Dec 2017 01:44:25 GMT" time="0.246" errors="0">
  <testcase name="doThisBeforeAllTestsExecution" time="0.246" classname="ApplyFirst"/>
</testsuite> <!-- ApplyFirst -->
