<?xml version="1.0" encoding="UTF-8"?>
<!-- Generated by org.testng.reporters.JUnitReportReporter -->
<testsuite skipped="0" hostname="DESKTOP-75OLIUH" name="SecondClasssWith2Methods" tests="2" failures="0" timestamp="12 Apr 2018 04:55:00 GMT" time="56.766" errors="0">
  <testcase name="UsersAreAbleToSearch" time="56.310" classname="SecondClasssWith2Methods"/>
  <testcase name="test2" time="0.456" classname="SecondClasssWith2Methods"/>
</testsuite> <!-- SecondClasssWith2Methods -->
