<?xml version="1.0" encoding="UTF-8"?>
<!-- Generated by org.testng.reporters.JUnitReportReporter -->
<testsuite skipped="0" hostname="DESKTOP-75OLIUH" name="Group" tests="6" failures="0" timestamp="09 Oct 2018 04:20:21 GMT" time="0.027" errors="0">
  <testcase name="F5" time="0.006" classname="Group"/>
  <testcase name="F2" time="0.007" classname="Group"/>
  <testcase name="F4" time="0.003" classname="Group"/>
  <testcase name="F1" time="0.002" classname="Group"/>
  <testcase name="F6" time="0.004" classname="Group"/>
  <testcase name="F3" time="0.005" classname="Group"/>
</testsuite> <!-- Group -->
