<?xml version="1.0" encoding="UTF-8"?>
<!-- Generated by org.testng.reporters.JUnitReportReporter -->
<testsuite skipped="0" hostname="DESKTOP-75OLIUH" name="automationPractive.TestSetG" tests="1" failures="0" timestamp="17 Jul 2018 19:32:56 GMT" time="24.656" errors="0">
  <testcase name="test_701_display_WebTableCellValues" time="24.656" classname="automationPractive.TestSetG"/>
</testsuite> <!-- automationPractive.TestSetG -->
