<?xml version="1.0" encoding="UTF-8"?>
<!-- Generated by org.testng.reporters.JUnitReportReporter -->
<testsuite skipped="0" hostname="DESKTOP-75OLIUH" name="MyMath.TestSetMath" tests="2" failures="0" timestamp="27 Aug 2018 09:29:20 GMT" time="355.275" errors="0">
  <testcase name="TC_104_CheckStockOnAllPage" time="352.949" classname="MyMath.TestSetMath"/>
  <testcase name="TC_102" time="2.326" classname="MyMath.TestSetMath"/>
</testsuite> <!-- MyMath.TestSetMath -->
