<?xml version="1.0" encoding="UTF-8"?>
<!-- Generated by org.testng.reporters.JUnitReportReporter -->
<testsuite skipped="0" hostname="DESKTOP-75OLIUH" name="SecondClasssWith2Methods" tests="2" failures="0" timestamp="13 May 2018 21:45:33 GMT" time="102.319" errors="0">
  <testcase name="UsersAreAbleToSearch" time="102.015" classname="SecondClasssWith2Methods"/>
  <testcase name="test2" time="0.304" classname="SecondClasssWith2Methods"/>
</testsuite> <!-- SecondClasssWith2Methods -->
