<?xml version="1.0" encoding="UTF-8"?>
<!-- Generated by org.testng.reporters.JUnitReportReporter -->
<testsuite skipped="0" hostname="DESKTOP-75OLIUH" name="SecondClasssWith2Methods" tests="2" failures="0" timestamp="02 Jan 2018 02:56:32 GMT" time="58.665" errors="0">
  <testcase name="test2" time="0.556" classname="SecondClasssWith2Methods"/>
  <testcase name="UsersAreAbleToSearch" time="58.109" classname="SecondClasssWith2Methods"/>
</testsuite> <!-- SecondClasssWith2Methods -->
