<?xml version="1.0" encoding="UTF-8"?>
<!-- Generated by org.testng.reporters.JUnitReportReporter -->
<testsuite skipped="0" hostname="DESKTOP-75OLIUH" name="ApplyFirst" tests="1" failures="0" timestamp="27 Aug 2018 09:29:20 GMT" time="0.024" errors="0">
  <testcase name="doThisBeforeAllTestsExecution" time="0.024" classname="ApplyFirst"/>
</testsuite> <!-- ApplyFirst -->
