<?xml version="1.0" encoding="UTF-8"?>
<!-- Generated by org.testng.reporters.JUnitReportReporter -->
<testsuite skipped="0" hostname="DESKTOP-75OLIUH" name="amazon.TestSetAmazon" tests="5" failures="0" timestamp="16 Nov 2017 00:55:29 GMT" time="944.913" errors="0">
  <testcase name="TestCase_105" time="80.872" classname="amazon.TestSetAmazon"/>
  <testcase name="TestCase_104" time="55.824" classname="amazon.TestSetAmazon"/>
  <testcase name="TestCase_103" time="46.614" classname="amazon.TestSetAmazon"/>
  <testcase name="SearchOnLandingPage" time="101.134" classname="amazon.TestSetAmazon"/>
  <testcase name="TC_102" time="660.469" classname="amazon.TestSetAmazon"/>
</testsuite> <!-- amazon.TestSetAmazon -->
