<?xml version="1.0" encoding="UTF-8"?>
<!-- Generated by org.testng.reporters.JUnitReportReporter -->
<testsuite skipped="0" hostname="DESKTOP-75OLIUH" name="FirstClassWith2methods" tests="2" failures="0" timestamp="01 Feb 2018 03:02:37 GMT" time="59.591" errors="0">
  <testcase name="test2" time="0.359" classname="FirstClassWith2methods"/>
  <testcase name="UsersAreAbleToSearch" time="59.232" classname="FirstClassWith2methods"/>
</testsuite> <!-- FirstClassWith2methods -->
