<?xml version="1.0" encoding="UTF-8"?>
<!-- Generated by org.testng.reporters.JUnitReportReporter -->
<testsuite skipped="0" hostname="DESKTOP-75OLIUH" name="FromYouFlowers.FYF" tests="4" failures="0" timestamp="14 Jun 2018 06:30:45 GMT" time="202.839" errors="0">
  <testcase name="TC_03_SearchByColor" time="103.425" classname="FromYouFlowers.FYF"/>
  <testcase name="TC_02_HighlightAllInputs" time="36.492" classname="FromYouFlowers.FYF"/>
  <testcase name="TC_04_PrintPropertyValueInTheConsole" time="15.329" classname="FromYouFlowers.FYF"/>
  <testcase name="TC_101_MouseOver" time="47.593" classname="FromYouFlowers.FYF"/>
</testsuite> <!-- FromYouFlowers.FYF -->
