<?xml version="1.0" encoding="UTF-8"?>
<!-- Generated by org.testng.reporters.JUnitReportReporter -->
<testsuite skipped="0" hostname="DESKTOP-75OLIUH" name="usps.TestSetJ" tests="2" failures="0" timestamp="24 Jan 2018 02:27:46 GMT" time="74.506" errors="0">
  <testcase name="TC_02_CalculateAprice" time="30.450" classname="usps.TestSetJ"/>
  <testcase name="TC_01_FindZipCode" time="44.056" classname="usps.TestSetJ"/>
</testsuite> <!-- usps.TestSetJ -->
