<?xml version="1.0" encoding="UTF-8"?>
<!-- Generated by org.testng.reporters.JUnitReportReporter -->
<testsuite skipped="4" hostname="DESKTOP-75OLIUH" name="Nasdaq.TestSet_Nasdaq" tests="5" failures="0" timestamp="24 Jul 2018 05:04:24 GMT" time="72.205" errors="0">
  <testcase name="TC_105_TBD" time="72.205" classname="Nasdaq.TestSet_Nasdaq"/>
  <testcase name="TC_101_StockSearch" classname="Nasdaq.TestSet_Nasdaq">
    <skipped/>
  </testcase> <!-- TC_101_StockSearch -->
  <testcase name="TC_104_NA" classname="Nasdaq.TestSet_Nasdaq">
    <skipped/>
  </testcase> <!-- TC_104_NA -->
  <testcase name="TC_102_WebTableCount" classname="Nasdaq.TestSet_Nasdaq">
    <skipped/>
  </testcase> <!-- TC_102_WebTableCount -->
  <testcase name="TC_103_HashMap" classname="Nasdaq.TestSet_Nasdaq">
    <skipped/>
  </testcase> <!-- TC_103_HashMap -->
</testsuite> <!-- Nasdaq.TestSet_Nasdaq -->
