<?xml version="1.0" encoding="UTF-8"?>
<!-- Generated by org.testng.reporters.JUnitReportReporter -->
<testsuite skipped="0" hostname="DESKTOP-75OLIUH" name="flowerbyMe.TestSet_flowerbyMe" tests="1" failures="0" timestamp="30 Jul 2018 07:16:15 GMT" time="85.217" errors="0">
  <testcase name="TC_101_TBD" time="85.217" classname="flowerbyMe.TestSet_flowerbyMe"/>
</testsuite> <!-- flowerbyMe.TestSet_flowerbyMe -->
