<?xml version="1.0" encoding="UTF-8"?>
<!-- Generated by org.testng.reporters.JUnitReportReporter -->
<testsuite skipped="0" hostname="DESKTOP-75OLIUH" name="afterLoginIn.TestSetA" tests="1" failures="0" timestamp="03 Oct 2017 03:42:50 GMT" time="37.081" errors="0">
  <testcase name="Login_And_LogOut" time="37.081" classname="afterLoginIn.TestSetA"/>
</testsuite> <!-- afterLoginIn.TestSetA -->
