<?xml version="1.0" encoding="UTF-8"?>
<!-- Generated by org.testng.reporters.JUnitReportReporter -->
<testsuite skipped="0" hostname="DESKTOP-75OLIUH" name="AOL_ObjectRepositoryAndFunctionLibrary.AOL_HomePage" tests="1" failures="0" timestamp="06 Apr 2018 16:42:13 GMT" time="46.706" errors="0">
  <testcase name="TemporaryMethod_HomePage2" time="46.706" classname="AOL_ObjectRepositoryAndFunctionLibrary.AOL_HomePage"/>
</testsuite> <!-- AOL_ObjectRepositoryAndFunctionLibrary.AOL_HomePage -->
