<?xml version="1.0" encoding="UTF-8"?>
<!-- Generated by org.testng.reporters.JUnitReportReporter -->
<testsuite skipped="0" hostname="DESKTOP-75OLIUH" name="ApplyFirst" tests="1" failures="0" timestamp="18 Jan 2018 20:27:56 GMT" time="0.163" errors="0">
  <testcase name="doThisBeforeAllTestsExecution" time="0.163" classname="ApplyFirst"/>
</testsuite> <!-- ApplyFirst -->
