<?xml version="1.0" encoding="UTF-8"?>
<!-- Generated by org.testng.reporters.JUnitReportReporter -->
<testsuite skipped="0" hostname="DESKTOP-75OLIUH" name="FirstClassWith2methods" tests="2" failures="0" timestamp="05 Dec 2017 02:33:50 GMT" time="65.411" errors="0">
  <testcase name="test2" time="0.316" classname="FirstClassWith2methods"/>
  <testcase name="UsersAreAbleToSearch" time="65.095" classname="FirstClassWith2methods"/>
</testsuite> <!-- FirstClassWith2methods -->
