<?xml version="1.0" encoding="UTF-8"?>
<!-- Generated by org.testng.reporters.JUnitReportReporter -->
<testsuite skipped="0" hostname="DESKTOP-75OLIUH" name="automationPractive.TestSetG" tests="1" failures="0" timestamp="09 Apr 2018 23:39:31 GMT" time="43.829" errors="0">
  <testcase name="test_701_display_WebTableCellValues" time="43.829" classname="automationPractive.TestSetG"/>
</testsuite> <!-- automationPractive.TestSetG -->
