<?xml version="1.0" encoding="UTF-8"?>
<!-- Generated by org.testng.reporters.JUnitReportReporter -->
<testsuite skipped="0" hostname="DESKTOP-75OLIUH" name="Group" tests="4" failures="0" timestamp="23 Jul 2018 08:05:27 GMT" time="0.031" errors="0">
  <testcase name="F1" time="0.018" classname="Group"/>
  <testcase name="F3" time="0.002" classname="Group"/>
  <testcase name="F4" time="0.006" classname="Group"/>
  <testcase name="F6" time="0.005" classname="Group"/>
</testsuite> <!-- Group -->
