<?xml version="1.0" encoding="UTF-8"?>
<!-- Generated by org.testng.reporters.JUnitReportReporter -->
<testsuite skipped="2" hostname="DESKTOP-75OLIUH" name="Dividend.TestSedDividend" tests="3" failures="0" timestamp="10 Jun 2018 04:56:19 GMT" time="35.610" errors="0">
  <testcase name="TC_103" time="35.610" classname="Dividend.TestSedDividend"/>
  <testcase name="TC_101_TBD" classname="Dividend.TestSedDividend">
    <skipped/>
  </testcase> <!-- TC_101_TBD -->
  <testcase name="TC_102" classname="Dividend.TestSedDividend">
    <skipped/>
  </testcase> <!-- TC_102 -->
</testsuite> <!-- Dividend.TestSedDividend -->
