<?xml version="1.0" encoding="UTF-8"?>
<!-- Generated by org.testng.reporters.JUnitReportReporter -->
<testsuite skipped="1" hostname="DESKTOP-75OLIUH" name="Priotization" tests="7" failures="0" timestamp="28 Sep 2017 20:07:41 GMT" time="0.043" errors="0">
  <testcase name="A" time="0.017" classname="Priotization"/>
  <testcase name="F" time="0.002" classname="Priotization"/>
  <testcase name="D" time="0.006" classname="Priotization"/>
  <testcase name="E" time="0.008" classname="Priotization"/>
  <testcase name="C" time="0.005" classname="Priotization"/>
  <testcase name="G" time="0.005" classname="Priotization"/>
  <testcase name="B" classname="Priotization">
    <skipped/>
  </testcase> <!-- B -->
</testsuite> <!-- Priotization -->
