<?xml version="1.0" encoding="UTF-8"?>
<!-- Generated by org.testng.reporters.JUnitReportReporter -->
<testsuite skipped="0" hostname="DESKTOP-75OLIUH" name="FirstClassWith2methods" tests="2" failures="0" timestamp="27 Dec 2017 02:40:24 GMT" time="70.469" errors="0">
  <testcase name="UsersAreAbleToSearch" time="69.813" classname="FirstClassWith2methods"/>
  <testcase name="test2" time="0.656" classname="FirstClassWith2methods"/>
</testsuite> <!-- FirstClassWith2methods -->
