<?xml version="1.0" encoding="UTF-8"?>
<!-- Generated by org.testng.reporters.JUnitReportReporter -->
<testsuite skipped="0" hostname="DESKTOP-75OLIUH" name="AOL_ObjectRepositoryAndFunctionLibrary.AOL_HomePage" tests="1" failures="0" timestamp="04 Apr 2018 23:38:27 GMT" time="49.379" errors="0">
  <testcase name="TemporaryMethod_HomePage" time="49.379" classname="AOL_ObjectRepositoryAndFunctionLibrary.AOL_HomePage"/>
</testsuite> <!-- AOL_ObjectRepositoryAndFunctionLibrary.AOL_HomePage -->
