<?xml version="1.0" encoding="UTF-8"?>
<!-- Generated by org.testng.reporters.JUnitReportReporter -->
<testsuite skipped="0" hostname="DESKTOP-75OLIUH" name="SecondClasssWith2Methods" tests="2" failures="0" timestamp="03 Oct 2017 19:03:38 GMT" time="56.178" errors="0">
  <testcase name="test2" time="0.301" classname="SecondClasssWith2Methods"/>
  <testcase name="UsersAreAbleToSearch" time="55.877" classname="SecondClasssWith2Methods"/>
</testsuite> <!-- SecondClasssWith2Methods -->
