<?xml version="1.0" encoding="UTF-8"?>
<!-- Generated by org.testng.reporters.JUnitReportReporter -->
<testsuite skipped="0" hostname="DESKTOP-75OLIUH" name="usps.TestSetJ" tests="1" failures="0" timestamp="23 Jan 2018 03:31:42 GMT" time="44.689" errors="0">
  <testcase name="TC_01_FindZipCode" time="44.689" classname="usps.TestSetJ"/>
</testsuite> <!-- usps.TestSetJ -->
