<?xml version="1.0" encoding="UTF-8"?>
<!-- Generated by org.testng.reporters.JUnitReportReporter -->
<testsuite skipped="0" hostname="DESKTOP-75OLIUH" name="SecondClasssWith2Methods" tests="2" failures="0" timestamp="28 Nov 2017 23:48:09 GMT" time="60.915" errors="0">
  <testcase name="test2" time="0.253" classname="SecondClasssWith2Methods"/>
  <testcase name="UsersAreAbleToSearch" time="60.662" classname="SecondClasssWith2Methods"/>
</testsuite> <!-- SecondClasssWith2Methods -->
