<?xml version="1.0" encoding="UTF-8"?>
<!-- Generated by org.testng.reporters.JUnitReportReporter -->
<testsuite skipped="0" hostname="DESKTOP-75OLIUH" name="usps.TestSetJ" tests="1" failures="0" timestamp="23 Jan 2018 02:19:15 GMT" time="41.894" errors="0">
  <testcase name="TC_01_FindZipCode" time="41.894" classname="usps.TestSetJ"/>
</testsuite> <!-- usps.TestSetJ -->
