<?xml version="1.0" encoding="UTF-8"?>
<!-- Generated by org.testng.reporters.JUnitReportReporter -->
<testsuite skipped="0" hostname="DESKTOP-75OLIUH" name="FirstClassWith2methods" tests="2" failures="0" timestamp="18 Jan 2018 20:27:56 GMT" time="77.208" errors="0">
  <testcase name="UsersAreAbleToSearch" time="76.565" classname="FirstClassWith2methods"/>
  <testcase name="test2" time="0.643" classname="FirstClassWith2methods"/>
</testsuite> <!-- FirstClassWith2methods -->
