<?xml version="1.0" encoding="UTF-8"?>
<!-- Generated by org.testng.reporters.JUnitReportReporter -->
<testsuite skipped="0" hostname="DESKTOP-75OLIUH" name="SecondClasssWith2Methods" tests="2" failures="0" timestamp="30 Mar 2018 02:34:09 GMT" time="54.583" errors="0">
  <testcase name="UsersAreAbleToSearch" time="54.178" classname="SecondClasssWith2Methods"/>
  <testcase name="test2" time="0.405" classname="SecondClasssWith2Methods"/>
</testsuite> <!-- SecondClasssWith2Methods -->
