<?xml version="1.0" encoding="UTF-8"?>
<!-- Generated by org.testng.reporters.JUnitReportReporter -->
<testsuite skipped="0" hostname="DESKTOP-75OLIUH" name="Nasdaq.TestSet_Nasdaq" tests="3" failures="0" timestamp="11 Jul 2018 00:41:42 GMT" time="254.944" errors="0">
  <testcase name="TC_102_WebTableCount" time="62.326" classname="Nasdaq.TestSet_Nasdaq"/>
  <testcase name="TC_101_StockSearch" time="142.019" classname="Nasdaq.TestSet_Nasdaq"/>
  <testcase name="TC_103_HashMap" time="50.599" classname="Nasdaq.TestSet_Nasdaq"/>
</testsuite> <!-- Nasdaq.TestSet_Nasdaq -->
