<?xml version="1.0" encoding="UTF-8"?>
<!-- Generated by org.testng.reporters.JUnitReportReporter -->
<testsuite skipped="0" hostname="DESKTOP-75OLIUH" name="SecondClasssWith2Methods" tests="2" failures="0" timestamp="26 Dec 2017 01:25:46 GMT" time="60.145" errors="0">
  <testcase name="test2" time="0.363" classname="SecondClasssWith2Methods"/>
  <testcase name="UsersAreAbleToSearch" time="59.782" classname="SecondClasssWith2Methods"/>
</testsuite> <!-- SecondClasssWith2Methods -->
