<?xml version="1.0" encoding="UTF-8"?>
<!-- Generated by org.testng.reporters.JUnitReportReporter -->
<testsuite skipped="1" hostname="DESKTOP-75OLIUH" name="FirstClassWith2methods" tests="2" failures="0" timestamp="07 Jul 2018 06:37:06 GMT" time="64.011" errors="0">
  <testcase name="UsersAreAbleToSearch" time="64.011" classname="FirstClassWith2methods"/>
  <testcase name="test2" classname="FirstClassWith2methods">
    <skipped/>
  </testcase> <!-- test2 -->
</testsuite> <!-- FirstClassWith2methods -->
