<?xml version="1.0" encoding="UTF-8"?>
<!-- Generated by org.testng.reporters.JUnitReportReporter -->
<testsuite skipped="0" hostname="DESKTOP-75OLIUH" name="SecondClasssWith2Methods" tests="2" failures="0" timestamp="25 Oct 2017 02:03:26 GMT" time="64.759" errors="0">
  <testcase name="test2" time="0.402" classname="SecondClasssWith2Methods"/>
  <testcase name="UsersAreAbleToSearch" time="64.357" classname="SecondClasssWith2Methods"/>
</testsuite> <!-- SecondClasssWith2Methods -->
