<?xml version="1.0" encoding="UTF-8"?>
<!-- Generated by org.testng.reporters.JUnitReportReporter -->
<testsuite skipped="0" hostname="DESKTOP-75OLIUH" name="cat.TestSet_Cat" tests="6" failures="0" timestamp="23 Jul 2018 04:12:58 GMT" time="492.997" errors="0">
  <testcase name="TC_803_Pink" time="26.211" classname="cat.TestSet_Cat"/>
  <testcase name="TC_802_Red" time="30.352" classname="cat.TestSet_Cat"/>
  <testcase name="TC_804_Yellow" time="25.978" classname="cat.TestSet_Cat"/>
  <testcase name="TC_801_Green" time="26.862" classname="cat.TestSet_Cat"/>
  <testcase name="TC_805_TBD" time="357.156" classname="cat.TestSet_Cat"/>
  <testcase name="TC_806_TBD" time="26.438" classname="cat.TestSet_Cat"/>
</testsuite> <!-- cat.TestSet_Cat -->
