<?xml version="1.0" encoding="UTF-8"?>
<!-- Generated by org.testng.reporters.JUnitReportReporter -->
<testsuite skipped="0" hostname="DESKTOP-75OLIUH" name="SecondClasssWith2Methods" tests="2" failures="0" timestamp="20 Sep 2018 06:34:13 GMT" time="66.642" errors="0">
  <testcase name="test2" time="0.709" classname="SecondClasssWith2Methods"/>
  <testcase name="UsersAreAbleToSearch" time="65.933" classname="SecondClasssWith2Methods"/>
</testsuite> <!-- SecondClasssWith2Methods -->
