<?xml version="1.0" encoding="UTF-8"?>
<!-- Generated by org.testng.reporters.JUnitReportReporter -->
<testsuite skipped="0" hostname="DESKTOP-75OLIUH" name="SecondClasssWith2Methods" tests="2" failures="0" timestamp="22 Nov 2017 00:59:23 GMT" time="68.519" errors="0">
  <testcase name="test2" time="0.355" classname="SecondClasssWith2Methods"/>
  <testcase name="UsersAreAbleToSearch" time="68.164" classname="SecondClasssWith2Methods"/>
</testsuite> <!-- SecondClasssWith2Methods -->
