<?xml version="1.0" encoding="UTF-8"?>
<!-- Generated by org.testng.reporters.JUnitReportReporter -->
<testsuite skipped="0" hostname="DESKTOP-75OLIUH" name="automationPractive.TestSetG" tests="1" failures="0" timestamp="30 Jul 2018 07:16:15 GMT" time="222.685" errors="0">
  <testcase name="test_701_display_WebTableCellValues" time="222.685" classname="automationPractive.TestSetG"/>
</testsuite> <!-- automationPractive.TestSetG -->
