<?xml version="1.0" encoding="UTF-8"?>
<!-- Generated by org.testng.reporters.JUnitReportReporter -->
<testsuite skipped="0" hostname="DESKTOP-75OLIUH" name="Dividend.TestSedDividend" tests="4" failures="0" timestamp="12 Jun 2018 02:26:32 GMT" time="298.654" errors="0">
  <testcase name="TC_102" time="14.163" classname="Dividend.TestSedDividend"/>
  <testcase name="TC_101_TBD" time="19.372" classname="Dividend.TestSedDividend"/>
  <testcase name="TC_103_CheckStockOnCurrentPage" time="27.320" classname="Dividend.TestSedDividend"/>
  <testcase name="TC_104_CheckStockOnAllPage" time="237.799" classname="Dividend.TestSedDividend"/>
</testsuite> <!-- Dividend.TestSedDividend -->
