<?xml version="1.0" encoding="UTF-8"?>
<!-- Generated by org.testng.reporters.JUnitReportReporter -->
<testsuite skipped="1" hostname="DESKTOP-75OLIUH" name="Priotization" tests="7" failures="0" timestamp="20 Oct 2017 16:54:52 GMT" time="0.004" errors="0">
  <testcase name="A" time="0.001" classname="Priotization"/>
  <testcase name="F" time="0.001" classname="Priotization"/>
  <testcase name="D" time="0.001" classname="Priotization"/>
  <testcase name="E" time="0.000" classname="Priotization"/>
  <testcase name="C" time="0.001" classname="Priotization"/>
  <testcase name="G" time="0.000" classname="Priotization"/>
  <testcase name="B" classname="Priotization">
    <skipped/>
  </testcase> <!-- B -->
</testsuite> <!-- Priotization -->
