<?xml version="1.0" encoding="UTF-8"?>
<!-- Generated by org.testng.reporters.JUnitReportReporter -->
<testsuite skipped="0" hostname="DESKTOP-75OLIUH" name="FirstClassWith2methods" tests="2" failures="0" timestamp="20 Feb 2018 20:09:09 GMT" time="63.780" errors="0">
  <testcase name="test2" time="0.611" classname="FirstClassWith2methods"/>
  <testcase name="UsersAreAbleToSearch" time="63.169" classname="FirstClassWith2methods"/>
</testsuite> <!-- FirstClassWith2methods -->
