<?xml version="1.0" encoding="UTF-8"?>
<!-- Generated by org.testng.reporters.JUnitReportReporter -->
<testsuite skipped="0" hostname="DESKTOP-75OLIUH" name="AOL_ObjectRepositoryAndFunctionLibrary.LoginPasswordPage" tests="1" failures="0" timestamp="06 Apr 2018 16:41:12 GMT" time="27.975" errors="0">
  <testcase name="TemporaryMethod_LoginPasswordPage2" time="27.975" classname="AOL_ObjectRepositoryAndFunctionLibrary.LoginPasswordPage"/>
</testsuite> <!-- AOL_ObjectRepositoryAndFunctionLibrary.LoginPasswordPage -->
