<?xml version="1.0" encoding="UTF-8"?>
<!-- Generated by org.testng.reporters.JUnitReportReporter -->
<testsuite skipped="0" hostname="DESKTOP-75OLIUH" name="SecondClasssWith2Methods" tests="2" failures="0" timestamp="08 Mar 2018 00:02:59 GMT" time="58.576" errors="0">
  <testcase name="UsersAreAbleToSearch" time="58.114" classname="SecondClasssWith2Methods"/>
  <testcase name="test2" time="0.462" classname="SecondClasssWith2Methods"/>
</testsuite> <!-- SecondClasssWith2Methods -->
