<?xml version="1.0" encoding="UTF-8"?>
<!-- Generated by org.testng.reporters.JUnitReportReporter -->
<testsuite skipped="0" hostname="DESKTOP-75OLIUH" name="Yahoo" tests="1" failures="0" timestamp="28 Sep 2018 19:59:56 GMT" time="56.945" errors="0">
  <testcase name="TC_Synchronizations" time="56.945" classname="Yahoo"/>
</testsuite> <!-- Yahoo -->
