<?xml version="1.0" encoding="UTF-8"?>
<!-- Generated by org.testng.reporters.JUnitReportReporter -->
<testsuite skipped="0" hostname="DESKTOP-75OLIUH" name="Parametarization.UsingXMLfile" tests="1" failures="0" timestamp="21 Jul 2018 04:52:22 GMT" time="58.301" errors="0">
  <testcase name="CalculateMortgatePayment" time="58.301" classname="Parametarization.UsingXMLfile"/>
</testsuite> <!-- Parametarization.UsingXMLfile -->
