<?xml version="1.0" encoding="UTF-8"?>
<!-- Generated by org.testng.reporters.JUnitReportReporter -->
<testsuite skipped="0" hostname="DESKTOP-75OLIUH" name="Google.TestSet_Google" tests="7" failures="0" timestamp="07 Jul 2018 06:37:06 GMT" time="199.718" errors="0">
  <testcase name="TC_104_HAB" time="23.897" classname="Google.TestSet_Google"/>
  <testcase name="TC_103_HangOut" time="56.466" classname="Google.TestSet_Google"/>
  <testcase name="TC_105_LoginWithCaptchaAndPhoneCode" time="31.680" classname="Google.TestSet_Google"/>
  <testcase name="TC_102_LuckyTexts" time="17.372" classname="Google.TestSet_Google"/>
  <testcase name="TC_106_TBD" time="27.779" classname="Google.TestSet_Google"/>
  <testcase name="TC_107_TBD" time="11.276" classname="Google.TestSet_Google"/>
  <testcase name="TC_101_SearchResultCount" time="31.248" classname="Google.TestSet_Google"/>
</testsuite> <!-- Google.TestSet_Google -->
