<?xml version="1.0" encoding="UTF-8"?>
<!-- Generated by org.testng.reporters.JUnitReportReporter -->
<testsuite skipped="2" hostname="DESKTOP-75OLIUH" name="usps.TestSetJ" tests="3" failures="0" timestamp="25 Jan 2018 02:43:32 GMT" time="84.320" errors="0">
  <testcase name="TC_03_ExperimentAll8Selectors" time="84.320" classname="usps.TestSetJ"/>
  <testcase name="TC_02_CalculateAprice" classname="usps.TestSetJ">
    <skipped/>
  </testcase> <!-- TC_02_CalculateAprice -->
  <testcase name="TC_01_FindZipCode" classname="usps.TestSetJ">
    <skipped/>
  </testcase> <!-- TC_01_FindZipCode -->
</testsuite> <!-- usps.TestSetJ -->
