<?xml version="1.0" encoding="UTF-8"?>
<!-- Generated by org.testng.reporters.JUnitReportReporter -->
<testsuite skipped="2" hostname="DESKTOP-75OLIUH" name="groupon.TestSet_E" tests="3" failures="0" timestamp="19 Oct 2017 15:02:52 GMT" time="26.905" errors="0">
  <testcase name="Highlignt" time="26.905" classname="groupon.TestSet_E"/>
  <testcase name="TC_402_LinkCount" classname="groupon.TestSet_E">
    <skipped/>
  </testcase> <!-- TC_402_LinkCount -->
  <testcase name="TC_801_testOne" classname="groupon.TestSet_E">
    <skipped/>
  </testcase> <!-- TC_801_testOne -->
</testsuite> <!-- groupon.TestSet_E -->
