<?xml version="1.0" encoding="UTF-8"?>
<!-- Generated by org.testng.reporters.JUnitReportReporter -->
<testsuite skipped="0" hostname="DESKTOP-75OLIUH" name="SecondClasssWith2Methods" tests="2" failures="0" timestamp="20 May 2018 23:24:58 GMT" time="76.788" errors="0">
  <testcase name="UsersAreAbleToSearch" time="76.430" classname="SecondClasssWith2Methods"/>
  <testcase name="test2" time="0.358" classname="SecondClasssWith2Methods"/>
</testsuite> <!-- SecondClasssWith2Methods -->
