<?xml version="1.0" encoding="UTF-8"?>
<!-- Generated by org.testng.reporters.JUnitReportReporter -->
<testsuite skipped="0" hostname="DESKTOP-75OLIUH" name="FromYouFlowers.FYF" tests="4" failures="0" timestamp="20 Aug 2018 04:24:23 GMT" time="196.318" errors="0">
  <testcase name="TC_04_PrintPropertyValueInTheConsole" time="16.609" classname="FromYouFlowers.FYF"/>
  <testcase name="TC_03_SearchByColor" time="107.347" classname="FromYouFlowers.FYF"/>
  <testcase name="TC_02_HighlightAllInputs" time="39.330" classname="FromYouFlowers.FYF"/>
  <testcase name="TC_101_MouseOver" time="33.032" classname="FromYouFlowers.FYF"/>
</testsuite> <!-- FromYouFlowers.FYF -->
