<?xml version="1.0" encoding="UTF-8"?>
<!-- Generated by org.testng.reporters.JUnitReportReporter -->
<testsuite skipped="0" hostname="DESKTOP-75OLIUH" name="FirstClassWith2methods" tests="2" failures="0" timestamp="05 Jan 2018 02:17:22 GMT" time="76.250" errors="0">
  <testcase name="UsersAreAbleToSearch" time="75.391" classname="FirstClassWith2methods"/>
  <testcase name="test2" time="0.859" classname="FirstClassWith2methods"/>
</testsuite> <!-- FirstClassWith2methods -->
