<?xml version="1.0" encoding="UTF-8"?>
<!-- Generated by org.testng.reporters.JUnitReportReporter -->
<testsuite skipped="0" hostname="DESKTOP-75OLIUH" name="SecondClasssWith2Methods" tests="2" failures="0" timestamp="25 Feb 2018 03:25:31 GMT" time="70.216" errors="0">
  <testcase name="test2" time="0.464" classname="SecondClasssWith2Methods"/>
  <testcase name="UsersAreAbleToSearch" time="69.752" classname="SecondClasssWith2Methods"/>
</testsuite> <!-- SecondClasssWith2Methods -->
