<?xml version="1.0" encoding="UTF-8"?>
<!-- Generated by org.testng.reporters.JUnitReportReporter -->
<testsuite skipped="0" hostname="DESKTOP-75OLIUH" name="ApplyFirst" tests="1" failures="0" timestamp="15 Jul 2018 01:34:39 GMT" time="0.071" errors="0">
  <testcase name="doThisBeforeAllTestsExecution" time="0.071" classname="ApplyFirst"/>
</testsuite> <!-- ApplyFirst -->
