<?xml version="1.0" encoding="UTF-8"?>
<!-- Generated by org.testng.reporters.JUnitReportReporter -->
<testsuite skipped="0" hostname="DESKTOP-75OLIUH" name="SecondClasssWith2Methods" tests="2" failures="0" timestamp="27 Dec 2017 02:40:24 GMT" time="65.663" errors="0">
  <testcase name="test2" time="0.904" classname="SecondClasssWith2Methods"/>
  <testcase name="UsersAreAbleToSearch" time="64.759" classname="SecondClasssWith2Methods"/>
</testsuite> <!-- SecondClasssWith2Methods -->
