<?xml version="1.0" encoding="UTF-8"?>
<!-- Generated by org.testng.reporters.JUnitReportReporter -->
<testsuite skipped="0" hostname="DESKTOP-75OLIUH" name="SecondClasssWith2Methods" tests="2" failures="0" timestamp="15 Jul 2018 01:34:40 GMT" time="57.287" errors="0">
  <testcase name="test2" time="0.380" classname="SecondClasssWith2Methods"/>
  <testcase name="UsersAreAbleToSearch" time="56.907" classname="SecondClasssWith2Methods"/>
</testsuite> <!-- SecondClasssWith2Methods -->
