<?xml version="1.0" encoding="UTF-8"?>
<!-- Generated by org.testng.reporters.JUnitReportReporter -->
<testsuite skipped="1" hostname="DESKTOP-75OLIUH" name="FirstClassWith2methods" tests="2" failures="0" timestamp="23 Jun 2018 01:36:40 GMT" time="79.278" errors="0">
  <testcase name="UsersAreAbleToSearch" time="79.278" classname="FirstClassWith2methods"/>
  <testcase name="test2" classname="FirstClassWith2methods">
    <skipped/>
  </testcase> <!-- test2 -->
</testsuite> <!-- FirstClassWith2methods -->
