<?xml version="1.0" encoding="UTF-8"?>
<!-- Generated by org.testng.reporters.JUnitReportReporter -->
<testsuite skipped="0" hostname="DESKTOP-75OLIUH" name="MC.TestSetF" tests="13" failures="0" timestamp="29 Jan 2018 01:38:28 GMT" time="1182.415" errors="0">
  <testcase name="TC_408_MC_ME_A" time="127.939" classname="MC.TestSetF"/>
  <testcase name="TC_402_MC_GC_A" time="49.070" classname="MC.TestSetF"/>
  <testcase name="TC_409_MC_ME_B" time="92.819" classname="MC.TestSetF"/>
  <testcase name="TC_405_MC_FF_A" time="76.646" classname="MC.TestSetF"/>
  <testcase name="CalculateMortgatePayment_HardCodedValues" time="116.424" classname="MC.TestSetF"/>
  <testcase name="TC_411_DownAndUPonly_CHROME" time="87.206" classname="MC.TestSetF"/>
  <testcase name="TC_407_MC_FF_C" time="129.521" classname="MC.TestSetF"/>
  <testcase name="TC_406_MC_FF_B" time="108.269" classname="MC.TestSetF"/>
  <testcase name="TC_412_DownAndUPonly_FF" time="121.283" classname="MC.TestSetF"/>
  <testcase name="TC_404_MC_GC_C" time="62.766" classname="MC.TestSetF"/>
  <testcase name="TC_403_MC_GC_B" time="57.091" classname="MC.TestSetF"/>
  <testcase name="TC_413_DownAndUPonly_ME" time="59.143" classname="MC.TestSetF"/>
  <testcase name="TC_10_MC_ME_C" time="94.238" classname="MC.TestSetF"/>
</testsuite> <!-- MC.TestSetF -->
