<?xml version="1.0" encoding="UTF-8"?>
<!-- Generated by org.testng.reporters.JUnitReportReporter -->
<testsuite skipped="0" hostname="DESKTOP-75OLIUH" name="FromYouFlowers.FYF" tests="4" failures="0" timestamp="13 Jul 2018 06:59:09 GMT" time="189.303" errors="0">
  <testcase name="TC_02_HighlightAllInputs" time="35.126" classname="FromYouFlowers.FYF"/>
  <testcase name="TC_04_PrintPropertyValueInTheConsole" time="14.854" classname="FromYouFlowers.FYF"/>
  <testcase name="TC_03_SearchByColor" time="106.981" classname="FromYouFlowers.FYF"/>
  <testcase name="TC_101_MouseOver" time="32.342" classname="FromYouFlowers.FYF"/>
</testsuite> <!-- FromYouFlowers.FYF -->
