<?xml version="1.0" encoding="UTF-8"?>
<!-- Generated by org.testng.reporters.JUnitReportReporter -->
<testsuite skipped="0" hostname="DESKTOP-75OLIUH" name="MC.TestSetF" tests="13" failures="0" timestamp="29 Nov 2017 01:17:26 GMT" time="648.446" errors="0">
  <testcase name="TC_408_MC_ME_A" time="40.422" classname="MC.TestSetF"/>
  <testcase name="TC_403_MC_GC_B" time="48.489" classname="MC.TestSetF"/>
  <testcase name="TC_411_DownAndUPonly_CHROME" time="61.653" classname="MC.TestSetF"/>
  <testcase name="CalculateMortgatePayment_HardCodedValues" time="46.982" classname="MC.TestSetF"/>
  <testcase name="TC_405_MC_FF_A" time="53.245" classname="MC.TestSetF"/>
  <testcase name="TC_402_MC_GC_A" time="48.240" classname="MC.TestSetF"/>
  <testcase name="TC_10_MC_ME_C" time="40.367" classname="MC.TestSetF"/>
  <testcase name="TC_404_MC_GC_C" time="48.879" classname="MC.TestSetF"/>
  <testcase name="TC_412_DownAndUPonly_FF" time="64.501" classname="MC.TestSetF"/>
  <testcase name="TC_409_MC_ME_B" time="39.983" classname="MC.TestSetF"/>
  <testcase name="TC_407_MC_FF_C" time="49.284" classname="MC.TestSetF"/>
  <testcase name="TC_413_DownAndUPonly_ME" time="56.862" classname="MC.TestSetF"/>
  <testcase name="TC_406_MC_FF_B" time="49.539" classname="MC.TestSetF"/>
</testsuite> <!-- MC.TestSetF -->
