<?xml version="1.0" encoding="UTF-8"?>
<!-- Generated by org.testng.reporters.JUnitReportReporter -->
<testsuite skipped="1" hostname="DESKTOP-75OLIUH" name="FirstClassWith2methods" tests="2" failures="0" timestamp="01 Apr 2018 19:31:25 GMT" time="63.400" errors="0">
  <testcase name="UsersAreAbleToSearch" time="63.400" classname="FirstClassWith2methods"/>
  <testcase name="test2" classname="FirstClassWith2methods">
    <skipped/>
  </testcase> <!-- test2 -->
</testsuite> <!-- FirstClassWith2methods -->
