<?xml version="1.0" encoding="UTF-8"?>
<!-- Generated by org.testng.reporters.JUnitReportReporter -->
<testsuite skipped="0" hostname="DESKTOP-75OLIUH" name="Group" tests="4" failures="0" timestamp="28 Sep 2017 20:09:33 GMT" time="0.034" errors="0">
  <testcase name="F1" time="0.019" classname="Group"/>
  <testcase name="F4" time="0.009" classname="Group"/>
  <testcase name="F6" time="0.004" classname="Group"/>
  <testcase name="F3" time="0.002" classname="Group"/>
</testsuite> <!-- Group -->
