<?xml version="1.0" encoding="UTF-8"?>
<!-- Generated by org.testng.reporters.JUnitReportReporter -->
<testsuite skipped="0" hostname="DESKTOP-75OLIUH" name="FromYouFlowers.FYF" tests="4" failures="0" timestamp="03 Jun 2018 07:00:10 GMT" time="205.514" errors="0">
  <testcase name="TC_02_HighlightAllInputs" time="38.203" classname="FromYouFlowers.FYF"/>
  <testcase name="TC_03_SearchByColor" time="101.345" classname="FromYouFlowers.FYF"/>
  <testcase name="TC_04_PrintPropertyValueInTheConsole" time="17.008" classname="FromYouFlowers.FYF"/>
  <testcase name="TC_101_MouseOver" time="48.958" classname="FromYouFlowers.FYF"/>
</testsuite> <!-- FromYouFlowers.FYF -->
