<?xml version="1.0" encoding="UTF-8"?>
<!-- Generated by org.testng.reporters.JUnitReportReporter -->
<testsuite skipped="0" hostname="DESKTOP-75OLIUH" name="ApplyFirst" tests="1" failures="0" timestamp="09 Apr 2018 23:39:31 GMT" time="0.032" errors="0">
  <testcase name="doThisBeforeAllTestsExecution" time="0.032" classname="ApplyFirst"/>
</testsuite> <!-- ApplyFirst -->
