<?xml version="1.0" encoding="UTF-8"?>
<!-- Generated by org.testng.reporters.JUnitReportReporter -->
<testsuite skipped="0" hostname="DESKTOP-75OLIUH" name="MyMath.TestSetMath" tests="2" failures="0" timestamp="20 Sep 2018 06:34:13 GMT" time="232.784" errors="0">
  <testcase name="TC_104_CheckStockOnAllPage" time="231.092" classname="MyMath.TestSetMath"/>
  <testcase name="TC_102" time="1.692" classname="MyMath.TestSetMath"/>
</testsuite> <!-- MyMath.TestSetMath -->
