<?xml version="1.0" encoding="UTF-8"?>
<!-- Generated by org.testng.reporters.JUnitReportReporter -->
<testsuite skipped="0" hostname="DESKTOP-75OLIUH" name="SecondClasssWith2Methods" tests="2" failures="0" timestamp="02 Jun 2018 03:32:38 GMT" time="56.031" errors="0">
  <testcase name="UsersAreAbleToSearch" time="55.724" classname="SecondClasssWith2Methods"/>
  <testcase name="test2" time="0.307" classname="SecondClasssWith2Methods"/>
</testsuite> <!-- SecondClasssWith2Methods -->
