<?xml version="1.0" encoding="UTF-8"?>
<!-- Generated by org.testng.reporters.JUnitReportReporter -->
<testsuite skipped="1" hostname="DESKTOP-75OLIUH" name="bing2.TestSet2_bing" tests="6" failures="0" timestamp="27 Sep 2018 05:19:42 GMT" time="892.251" errors="0">
  <testcase name="TC_SE_ie" time="665.340" classname="bing2.TestSet2_bing"/>
  <testcase name="TC_SE_Firefox" time="69.679" classname="bing2.TestSet2_bing"/>
  <testcase name="TC_SE_MicrosoftEdge" time="60.336" classname="bing2.TestSet2_bing"/>
  <testcase name="TC_SE_CHROME" time="75.304" classname="bing2.TestSet2_bing"/>
  <testcase name="TC_101_TBD" time="21.592" classname="bing2.TestSet2_bing"/>
  <testcase name="TC_SE_Opera" classname="bing2.TestSet2_bing">
    <skipped/>
  </testcase> <!-- TC_SE_Opera -->
</testsuite> <!-- bing2.TestSet2_bing -->
