<?xml version="1.0" encoding="UTF-8"?>
<!-- Generated by org.testng.reporters.JUnitReportReporter -->
<testsuite skipped="12" hostname="DESKTOP-75OLIUH" name="MC.TestSetF" tests="13" failures="0" timestamp="06 Apr 2018 14:39:31 GMT" time="53.165" errors="0">
  <testcase name="TC_402_MC_GC_A" time="53.165" classname="MC.TestSetF"/>
  <testcase name="TC_405_MC_FF_A" classname="MC.TestSetF">
    <skipped/>
  </testcase> <!-- TC_405_MC_FF_A -->
  <testcase name="TC_10_MC_ME_C" classname="MC.TestSetF">
    <skipped/>
  </testcase> <!-- TC_10_MC_ME_C -->
  <testcase name="TC_406_MC_FF_B" classname="MC.TestSetF">
    <skipped/>
  </testcase> <!-- TC_406_MC_FF_B -->
  <testcase name="TC_408_MC_ME_A" classname="MC.TestSetF">
    <skipped/>
  </testcase> <!-- TC_408_MC_ME_A -->
  <testcase name="TC_409_MC_ME_B" classname="MC.TestSetF">
    <skipped/>
  </testcase> <!-- TC_409_MC_ME_B -->
  <testcase name="TC_411_DownAndUPonly_CHROME" classname="MC.TestSetF">
    <skipped/>
  </testcase> <!-- TC_411_DownAndUPonly_CHROME -->
  <testcase name="TC_413_DownAndUPonly_ME" classname="MC.TestSetF">
    <skipped/>
  </testcase> <!-- TC_413_DownAndUPonly_ME -->
  <testcase name="TC_412_DownAndUPonly_FF" classname="MC.TestSetF">
    <skipped/>
  </testcase> <!-- TC_412_DownAndUPonly_FF -->
  <testcase name="TC_403_MC_GC_B" classname="MC.TestSetF">
    <skipped/>
  </testcase> <!-- TC_403_MC_GC_B -->
  <testcase name="TC_404_MC_GC_C" classname="MC.TestSetF">
    <skipped/>
  </testcase> <!-- TC_404_MC_GC_C -->
  <testcase name="CalculateMortgatePayment_HardCodedValues" classname="MC.TestSetF">
    <skipped/>
  </testcase> <!-- CalculateMortgatePayment_HardCodedValues -->
  <testcase name="TC_407_MC_FF_C" classname="MC.TestSetF">
    <skipped/>
  </testcase> <!-- TC_407_MC_FF_C -->
</testsuite> <!-- MC.TestSetF -->
