<?xml version="1.0" encoding="UTF-8"?>
<!-- Generated by org.testng.reporters.JUnitReportReporter -->
<testsuite skipped="0" hostname="DESKTOP-75OLIUH" name="Group" tests="6" failures="0" timestamp="28 Sep 2017 21:49:00 GMT" time="0.013" errors="0">
  <testcase name="F3" time="0.002" classname="Group"/>
  <testcase name="F4" time="0.000" classname="Group"/>
  <testcase name="F1" time="0.006" classname="Group"/>
  <testcase name="F6" time="0.002" classname="Group"/>
  <testcase name="F2" time="0.001" classname="Group"/>
  <testcase name="F5" time="0.002" classname="Group"/>
</testsuite> <!-- Group -->
