<?xml version="1.0" encoding="UTF-8"?>
<!-- Generated by org.testng.reporters.JUnitReportReporter -->
<testsuite skipped="0" hostname="DESKTOP-75OLIUH" name="SecondClasssWith2Methods" tests="2" failures="0" timestamp="16 Feb 2018 03:19:00 GMT" time="56.310" errors="0">
  <testcase name="test2" time="0.757" classname="SecondClasssWith2Methods"/>
  <testcase name="UsersAreAbleToSearch" time="55.553" classname="SecondClasssWith2Methods"/>
</testsuite> <!-- SecondClasssWith2Methods -->
