<?xml version="1.0" encoding="UTF-8"?>
<!-- Generated by org.testng.reporters.JUnitReportReporter -->
<testsuite skipped="0" hostname="DESKTOP-75OLIUH" name="automationPractive.TestSetG" tests="1" failures="0" timestamp="01 Feb 2018 03:02:37 GMT" time="24.041" errors="0">
  <testcase name="test_701_display_WebTableCellValues" time="24.041" classname="automationPractive.TestSetG"/>
</testsuite> <!-- automationPractive.TestSetG -->
