<?xml version="1.0" encoding="UTF-8"?>
<!-- Generated by org.testng.reporters.JUnitReportReporter -->
<testsuite skipped="0" hostname="DESKTOP-75OLIUH" name="SecondClasssWith2Methods" tests="2" failures="0" timestamp="05 Sep 2018 06:11:50 GMT" time="69.263" errors="0">
  <testcase name="test2" time="0.512" classname="SecondClasssWith2Methods"/>
  <testcase name="UsersAreAbleToSearch" time="68.751" classname="SecondClasssWith2Methods"/>
</testsuite> <!-- SecondClasssWith2Methods -->
