<?xml version="1.0" encoding="UTF-8"?>
<!-- Generated by org.testng.reporters.JUnitReportReporter -->
<testsuite skipped="0" hostname="DESKTOP-75OLIUH" name="SecondClasssWith2Methods" tests="2" failures="0" timestamp="03 Oct 2017 03:42:50 GMT" time="58.479" errors="0">
  <testcase name="test2" time="0.403" classname="SecondClasssWith2Methods"/>
  <testcase name="UsersAreAbleToSearch" time="58.076" classname="SecondClasssWith2Methods"/>
</testsuite> <!-- SecondClasssWith2Methods -->
