<?xml version="1.0" encoding="UTF-8"?>
<!-- Generated by org.testng.reporters.JUnitReportReporter -->
<testsuite skipped="0" hostname="DESKTOP-75OLIUH" name="SecondClasssWith2Methods" tests="2" failures="0" timestamp="07 May 2018 04:48:49 GMT" time="90.385" errors="0">
  <testcase name="UsersAreAbleToSearch" time="90.074" classname="SecondClasssWith2Methods"/>
  <testcase name="test2" time="0.311" classname="SecondClasssWith2Methods"/>
</testsuite> <!-- SecondClasssWith2Methods -->
