<?xml version="1.0" encoding="UTF-8"?>
<!-- Generated by org.testng.reporters.JUnitReportReporter -->
<testsuite skipped="0" hostname="DESKTOP-75OLIUH" name="afterLoginIn.TestSetA" tests="4" failures="0" timestamp="27 Feb 2018 05:07:52 GMT" time="55.007" errors="4">
  <testcase name="TC_402_Login_NegativeTest" time="10.744" classname="afterLoginIn.TestSetA">
    <error type="org.openqa.selenium.NoSuchElementException" message="no such element: Unable to locate element: {&quot;method&quot;:&quot;id&quot;,&quot;selector&quot;:&quot;ap_password&quot;}
  (Session info: chrome=64.0.3282.167)
  (Driver info: chromedriver=2.32.498550 (9dec58e66c31bcc53a9ce3c7226f0c1c5810906a),platform=Windows NT 10.0.16299 x86_64) (WARNING: The server did not provide any stacktrace information)
Command duration or timeout: 0 milliseconds
For documentation on this error, please visit: http://seleniumhq.org/exceptions/no_such_element.html
Build info: version: &#039;3.6.0&#039;, revision: &#039;6fbf3ec767&#039;, time: &#039;2017-09-27T16:15:40.131Z&#039;
System info: host: &#039;DESKTOP-75OLIUH&#039;, ip: &#039;192.168.112.1&#039;, os.name: &#039;Windows 10&#039;, os.arch: &#039;amd64&#039;, os.version: &#039;10.0&#039;, java.version: &#039;1.8.0_144&#039;
Driver info: org.openqa.selenium.chrome.ChromeDriver
Capabilities [{mobileEmulationEnabled=false, hasTouchScreen=false, platform=XP, acceptSslCerts=true, webStorageEnabled=true, browserName=chrome, takesScreenshot=true, javascriptEnabled=true, platformName=XP, setWindowRect=true, unexpectedAlertBehaviour=, applicationCacheEnabled=false, rotatable=false, networkConnectionEnabled=false, chrome={chromedriverVersion=2.32.498550 (9dec58e66c31bcc53a9ce3c7226f0c1c5810906a), userDataDir=C:\Users\imran\AppData\Local\Temp\scoped_dir7816_25065}, takesHeapSnapshot=true, pageLoadStrategy=normal, unhandledPromptBehavior=, databaseEnabled=false, handlesAlerts=true, version=64.0.3282.167, browserConnectionEnabled=false, nativeEvents=true, locationContextEnabled=true, cssSelectorsEnabled=true}]
Session ID: 6c6e27c4e5ac806076579990a57d0e06
*** Element info: {Using=id, value=ap_password}">
      <![CDATA[org.openqa.selenium.NoSuchElementException: no such element: Unable to locate element: {"method":"id","selector":"ap_password"}
  (Session info: chrome=64.0.3282.167)
  (Driver info: chromedriver=2.32.498550 (9dec58e66c31bcc53a9ce3c7226f0c1c5810906a),platform=Windows NT 10.0.16299 x86_64) (WARNING: The server did not provide any stacktrace information)
Command duration or timeout: 0 milliseconds
For documentation on this error, please visit: http://seleniumhq.org/exceptions/no_such_element.html
Build info: version: '3.6.0', revision: '6fbf3ec767', time: '2017-09-27T16:15:40.131Z'
System info: host: 'DESKTOP-75OLIUH', ip: '192.168.112.1', os.name: 'Windows 10', os.arch: 'amd64', os.version: '10.0', java.version: '1.8.0_144'
Driver info: org.openqa.selenium.chrome.ChromeDriver
Capabilities [{mobileEmulationEnabled=false, hasTouchScreen=false, platform=XP, acceptSslCerts=true, webStorageEnabled=true, browserName=chrome, takesScreenshot=true, javascriptEnabled=true, platformName=XP, setWindowRect=true, unexpectedAlertBehaviour=, applicationCacheEnabled=false, rotatable=false, networkConnectionEnabled=false, chrome={chromedriverVersion=2.32.498550 (9dec58e66c31bcc53a9ce3c7226f0c1c5810906a), userDataDir=C:\Users\imran\AppData\Local\Temp\scoped_dir7816_25065}, takesHeapSnapshot=true, pageLoadStrategy=normal, unhandledPromptBehavior=, databaseEnabled=false, handlesAlerts=true, version=64.0.3282.167, browserConnectionEnabled=false, nativeEvents=true, locationContextEnabled=true, cssSelectorsEnabled=true}]
Session ID: 6c6e27c4e5ac806076579990a57d0e06
*** Element info: {Using=id, value=ap_password}
	at sun.reflect.NativeConstructorAccessorImpl.newInstance0(Native Method)
	at sun.reflect.NativeConstructorAccessorImpl.newInstance(Unknown Source)
	at sun.reflect.DelegatingConstructorAccessorImpl.newInstance(Unknown Source)
	at java.lang.reflect.Constructor.newInstance(Unknown Source)
	at org.openqa.selenium.remote.ErrorHandler.createThrowable(ErrorHandler.java:214)
	at org.openqa.selenium.remote.ErrorHandler.throwIfResponseFailed(ErrorHandler.java:166)
	at org.openqa.selenium.remote.http.JsonHttpResponseCodec.reconstructValue(JsonHttpResponseCodec.java:40)
	at org.openqa.selenium.remote.http.AbstractHttpResponseCodec.decode(AbstractHttpResponseCodec.java:82)
	at org.openqa.selenium.remote.http.AbstractHttpResponseCodec.decode(AbstractHttpResponseCodec.java:45)
	at org.openqa.selenium.remote.HttpCommandExecutor.execute(HttpCommandExecutor.java:164)
	at org.openqa.selenium.remote.service.DriverCommandExecutor.execute(DriverCommandExecutor.java:83)
	at org.openqa.selenium.remote.RemoteWebDriver.execute(RemoteWebDriver.java:586)
	at org.openqa.selenium.remote.RemoteWebDriver.findElement(RemoteWebDriver.java:356)
	at org.openqa.selenium.remote.RemoteWebDriver.findElementById(RemoteWebDriver.java:402)
	at org.openqa.selenium.By$ById.findElement(By.java:218)
	at org.openqa.selenium.remote.RemoteWebDriver.findElement(RemoteWebDriver.java:348)
	at afterLoginIn.TestSetA.TC_402_Login_NegativeTest(TestSetA.java:75)
	at sun.reflect.NativeMethodAccessorImpl.invoke0(Native Method)
	at sun.reflect.NativeMethodAccessorImpl.invoke(Unknown Source)
	at sun.reflect.DelegatingMethodAccessorImpl.invoke(Unknown Source)
	at java.lang.reflect.Method.invoke(Unknown Source)
	at org.testng.internal.MethodInvocationHelper.invokeMethod(MethodInvocationHelper.java:108)
	at org.testng.internal.Invoker.invokeMethod(Invoker.java:661)
	at org.testng.internal.Invoker.invokeTestMethod(Invoker.java:869)
	at org.testng.internal.Invoker.invokeTestMethods(Invoker.java:1193)
	at org.testng.internal.TestMethodWorker.invokeTestMethods(TestMethodWorker.java:126)
	at org.testng.internal.TestMethodWorker.run(TestMethodWorker.java:109)
	at org.testng.TestRunner.privateRun(TestRunner.java:744)
	at org.testng.TestRunner.run(TestRunner.java:602)
	at org.testng.SuiteRunner.runTest(SuiteRunner.java:380)
	at org.testng.SuiteRunner.runSequentially(SuiteRunner.java:375)
	at org.testng.SuiteRunner.privateRun(SuiteRunner.java:340)
	at org.testng.SuiteRunner.run(SuiteRunner.java:289)
	at org.testng.SuiteRunnerWorker.runSuite(SuiteRunnerWorker.java:52)
	at org.testng.SuiteRunnerWorker.run(SuiteRunnerWorker.java:86)
	at org.testng.TestNG.runSuitesSequentially(TestNG.java:1301)
	at org.testng.TestNG.runSuitesLocally(TestNG.java:1226)
	at org.testng.TestNG.runSuites(TestNG.java:1144)
	at org.testng.TestNG.run(TestNG.java:1115)
	at org.testng.remote.AbstractRemoteTestNG.run(AbstractRemoteTestNG.java:126)
	at org.testng.remote.RemoteTestNG.initAndRun(RemoteTestNG.java:137)
	at org.testng.remote.RemoteTestNG.main(RemoteTestNG.java:58)
]]>
    </error>
  </testcase> <!-- TC_402_Login_NegativeTest -->
  <testcase name="TC_401_Login_And_LogOut" time="21.481" classname="afterLoginIn.TestSetA">
    <error type="org.openqa.selenium.NoSuchElementException" message="no such element: Unable to locate element: {&quot;method&quot;:&quot;id&quot;,&quot;selector&quot;:&quot;ap_password&quot;}
  (Session info: chrome=64.0.3282.167)
  (Driver info: chromedriver=2.32.498550 (9dec58e66c31bcc53a9ce3c7226f0c1c5810906a),platform=Windows NT 10.0.16299 x86_64) (WARNING: The server did not provide any stacktrace information)
Command duration or timeout: 0 milliseconds
For documentation on this error, please visit: http://seleniumhq.org/exceptions/no_such_element.html
Build info: version: &#039;3.6.0&#039;, revision: &#039;6fbf3ec767&#039;, time: &#039;2017-09-27T16:15:40.131Z&#039;
System info: host: &#039;DESKTOP-75OLIUH&#039;, ip: &#039;192.168.112.1&#039;, os.name: &#039;Windows 10&#039;, os.arch: &#039;amd64&#039;, os.version: &#039;10.0&#039;, java.version: &#039;1.8.0_144&#039;
Driver info: org.openqa.selenium.chrome.ChromeDriver
Capabilities [{mobileEmulationEnabled=false, hasTouchScreen=false, platform=XP, acceptSslCerts=true, webStorageEnabled=true, browserName=chrome, takesScreenshot=true, javascriptEnabled=true, platformName=XP, setWindowRect=true, unexpectedAlertBehaviour=, applicationCacheEnabled=false, rotatable=false, networkConnectionEnabled=false, chrome={chromedriverVersion=2.32.498550 (9dec58e66c31bcc53a9ce3c7226f0c1c5810906a), userDataDir=C:\Users\imran\AppData\Local\Temp\scoped_dir6396_28051}, takesHeapSnapshot=true, pageLoadStrategy=normal, unhandledPromptBehavior=, databaseEnabled=false, handlesAlerts=true, version=64.0.3282.167, browserConnectionEnabled=false, nativeEvents=true, locationContextEnabled=true, cssSelectorsEnabled=true}]
Session ID: 2071a00e2733e9ccb5e30c1175b2c0bb
*** Element info: {Using=id, value=ap_password}">
      <![CDATA[org.openqa.selenium.NoSuchElementException: no such element: Unable to locate element: {"method":"id","selector":"ap_password"}
  (Session info: chrome=64.0.3282.167)
  (Driver info: chromedriver=2.32.498550 (9dec58e66c31bcc53a9ce3c7226f0c1c5810906a),platform=Windows NT 10.0.16299 x86_64) (WARNING: The server did not provide any stacktrace information)
Command duration or timeout: 0 milliseconds
For documentation on this error, please visit: http://seleniumhq.org/exceptions/no_such_element.html
Build info: version: '3.6.0', revision: '6fbf3ec767', time: '2017-09-27T16:15:40.131Z'
System info: host: 'DESKTOP-75OLIUH', ip: '192.168.112.1', os.name: 'Windows 10', os.arch: 'amd64', os.version: '10.0', java.version: '1.8.0_144'
Driver info: org.openqa.selenium.chrome.ChromeDriver
Capabilities [{mobileEmulationEnabled=false, hasTouchScreen=false, platform=XP, acceptSslCerts=true, webStorageEnabled=true, browserName=chrome, takesScreenshot=true, javascriptEnabled=true, platformName=XP, setWindowRect=true, unexpectedAlertBehaviour=, applicationCacheEnabled=false, rotatable=false, networkConnectionEnabled=false, chrome={chromedriverVersion=2.32.498550 (9dec58e66c31bcc53a9ce3c7226f0c1c5810906a), userDataDir=C:\Users\imran\AppData\Local\Temp\scoped_dir6396_28051}, takesHeapSnapshot=true, pageLoadStrategy=normal, unhandledPromptBehavior=, databaseEnabled=false, handlesAlerts=true, version=64.0.3282.167, browserConnectionEnabled=false, nativeEvents=true, locationContextEnabled=true, cssSelectorsEnabled=true}]
Session ID: 2071a00e2733e9ccb5e30c1175b2c0bb
*** Element info: {Using=id, value=ap_password}
	at sun.reflect.NativeConstructorAccessorImpl.newInstance0(Native Method)
	at sun.reflect.NativeConstructorAccessorImpl.newInstance(Unknown Source)
	at sun.reflect.DelegatingConstructorAccessorImpl.newInstance(Unknown Source)
	at java.lang.reflect.Constructor.newInstance(Unknown Source)
	at org.openqa.selenium.remote.ErrorHandler.createThrowable(ErrorHandler.java:214)
	at org.openqa.selenium.remote.ErrorHandler.throwIfResponseFailed(ErrorHandler.java:166)
	at org.openqa.selenium.remote.http.JsonHttpResponseCodec.reconstructValue(JsonHttpResponseCodec.java:40)
	at org.openqa.selenium.remote.http.AbstractHttpResponseCodec.decode(AbstractHttpResponseCodec.java:82)
	at org.openqa.selenium.remote.http.AbstractHttpResponseCodec.decode(AbstractHttpResponseCodec.java:45)
	at org.openqa.selenium.remote.HttpCommandExecutor.execute(HttpCommandExecutor.java:164)
	at org.openqa.selenium.remote.service.DriverCommandExecutor.execute(DriverCommandExecutor.java:83)
	at org.openqa.selenium.remote.RemoteWebDriver.execute(RemoteWebDriver.java:586)
	at org.openqa.selenium.remote.RemoteWebDriver.findElement(RemoteWebDriver.java:356)
	at org.openqa.selenium.remote.RemoteWebDriver.findElementById(RemoteWebDriver.java:402)
	at org.openqa.selenium.By$ById.findElement(By.java:218)
	at org.openqa.selenium.remote.RemoteWebDriver.findElement(RemoteWebDriver.java:348)
	at afterLoginIn.TestSetA.TC_401_Login_And_LogOut(TestSetA.java:45)
	at sun.reflect.NativeMethodAccessorImpl.invoke0(Native Method)
	at sun.reflect.NativeMethodAccessorImpl.invoke(Unknown Source)
	at sun.reflect.DelegatingMethodAccessorImpl.invoke(Unknown Source)
	at java.lang.reflect.Method.invoke(Unknown Source)
	at org.testng.internal.MethodInvocationHelper.invokeMethod(MethodInvocationHelper.java:108)
	at org.testng.internal.Invoker.invokeMethod(Invoker.java:661)
	at org.testng.internal.Invoker.invokeTestMethod(Invoker.java:869)
	at org.testng.internal.Invoker.invokeTestMethods(Invoker.java:1193)
	at org.testng.internal.TestMethodWorker.invokeTestMethods(TestMethodWorker.java:126)
	at org.testng.internal.TestMethodWorker.run(TestMethodWorker.java:109)
	at org.testng.TestRunner.privateRun(TestRunner.java:744)
	at org.testng.TestRunner.run(TestRunner.java:602)
	at org.testng.SuiteRunner.runTest(SuiteRunner.java:380)
	at org.testng.SuiteRunner.runSequentially(SuiteRunner.java:375)
	at org.testng.SuiteRunner.privateRun(SuiteRunner.java:340)
	at org.testng.SuiteRunner.run(SuiteRunner.java:289)
	at org.testng.SuiteRunnerWorker.runSuite(SuiteRunnerWorker.java:52)
	at org.testng.SuiteRunnerWorker.run(SuiteRunnerWorker.java:86)
	at org.testng.TestNG.runSuitesSequentially(TestNG.java:1301)
	at org.testng.TestNG.runSuitesLocally(TestNG.java:1226)
	at org.testng.TestNG.runSuites(TestNG.java:1144)
	at org.testng.TestNG.run(TestNG.java:1115)
	at org.testng.remote.AbstractRemoteTestNG.run(AbstractRemoteTestNG.java:126)
	at org.testng.remote.RemoteTestNG.initAndRun(RemoteTestNG.java:137)
	at org.testng.remote.RemoteTestNG.main(RemoteTestNG.java:58)
]]>
    </error>
  </testcase> <!-- TC_401_Login_And_LogOut -->
  <testcase name="TC_403_VerifyFieldsInLoginPage" time="11.010" classname="afterLoginIn.TestSetA">
    <error type="org.openqa.selenium.NoSuchElementException" message="no such element: Unable to locate element: {&quot;method&quot;:&quot;xpath&quot;,&quot;selector&quot;:&quot;//*[@id=&quot;a-page&quot;]/div[1]/div[3]/div/div/form/div/div/div/h1&quot;}
  (Session info: chrome=64.0.3282.167)
  (Driver info: chromedriver=2.32.498550 (9dec58e66c31bcc53a9ce3c7226f0c1c5810906a),platform=Windows NT 10.0.16299 x86_64) (WARNING: The server did not provide any stacktrace information)
Command duration or timeout: 0 milliseconds
For documentation on this error, please visit: http://seleniumhq.org/exceptions/no_such_element.html
Build info: version: &#039;3.6.0&#039;, revision: &#039;6fbf3ec767&#039;, time: &#039;2017-09-27T16:15:40.131Z&#039;
System info: host: &#039;DESKTOP-75OLIUH&#039;, ip: &#039;192.168.112.1&#039;, os.name: &#039;Windows 10&#039;, os.arch: &#039;amd64&#039;, os.version: &#039;10.0&#039;, java.version: &#039;1.8.0_144&#039;
Driver info: org.openqa.selenium.chrome.ChromeDriver
Capabilities [{mobileEmulationEnabled=false, hasTouchScreen=false, platform=XP, acceptSslCerts=true, webStorageEnabled=true, browserName=chrome, takesScreenshot=true, javascriptEnabled=true, platformName=XP, setWindowRect=true, unexpectedAlertBehaviour=, applicationCacheEnabled=false, rotatable=false, networkConnectionEnabled=false, chrome={chromedriverVersion=2.32.498550 (9dec58e66c31bcc53a9ce3c7226f0c1c5810906a), userDataDir=C:\Users\imran\AppData\Local\Temp\scoped_dir10268_27794}, takesHeapSnapshot=true, pageLoadStrategy=normal, unhandledPromptBehavior=, databaseEnabled=false, handlesAlerts=true, version=64.0.3282.167, browserConnectionEnabled=false, nativeEvents=true, locationContextEnabled=true, cssSelectorsEnabled=true}]
Session ID: 1c485dde426ded03ed3b49823d9bbd1a
*** Element info: {Using=xpath, value=//*[@id=&quot;a-page&quot;]/div[1]/div[3]/div/div/form/div/div/div/h1}">
      <![CDATA[org.openqa.selenium.NoSuchElementException: no such element: Unable to locate element: {"method":"xpath","selector":"//*[@id="a-page"]/div[1]/div[3]/div/div/form/div/div/div/h1"}
  (Session info: chrome=64.0.3282.167)
  (Driver info: chromedriver=2.32.498550 (9dec58e66c31bcc53a9ce3c7226f0c1c5810906a),platform=Windows NT 10.0.16299 x86_64) (WARNING: The server did not provide any stacktrace information)
Command duration or timeout: 0 milliseconds
For documentation on this error, please visit: http://seleniumhq.org/exceptions/no_such_element.html
Build info: version: '3.6.0', revision: '6fbf3ec767', time: '2017-09-27T16:15:40.131Z'
System info: host: 'DESKTOP-75OLIUH', ip: '192.168.112.1', os.name: 'Windows 10', os.arch: 'amd64', os.version: '10.0', java.version: '1.8.0_144'
Driver info: org.openqa.selenium.chrome.ChromeDriver
Capabilities [{mobileEmulationEnabled=false, hasTouchScreen=false, platform=XP, acceptSslCerts=true, webStorageEnabled=true, browserName=chrome, takesScreenshot=true, javascriptEnabled=true, platformName=XP, setWindowRect=true, unexpectedAlertBehaviour=, applicationCacheEnabled=false, rotatable=false, networkConnectionEnabled=false, chrome={chromedriverVersion=2.32.498550 (9dec58e66c31bcc53a9ce3c7226f0c1c5810906a), userDataDir=C:\Users\imran\AppData\Local\Temp\scoped_dir10268_27794}, takesHeapSnapshot=true, pageLoadStrategy=normal, unhandledPromptBehavior=, databaseEnabled=false, handlesAlerts=true, version=64.0.3282.167, browserConnectionEnabled=false, nativeEvents=true, locationContextEnabled=true, cssSelectorsEnabled=true}]
Session ID: 1c485dde426ded03ed3b49823d9bbd1a
*** Element info: {Using=xpath, value=//*[@id="a-page"]/div[1]/div[3]/div/div/form/div/div/div/h1}
	at sun.reflect.NativeConstructorAccessorImpl.newInstance0(Native Method)
	at sun.reflect.NativeConstructorAccessorImpl.newInstance(Unknown Source)
	at sun.reflect.DelegatingConstructorAccessorImpl.newInstance(Unknown Source)
	at java.lang.reflect.Constructor.newInstance(Unknown Source)
	at org.openqa.selenium.remote.ErrorHandler.createThrowable(ErrorHandler.java:214)
	at org.openqa.selenium.remote.ErrorHandler.throwIfResponseFailed(ErrorHandler.java:166)
	at org.openqa.selenium.remote.http.JsonHttpResponseCodec.reconstructValue(JsonHttpResponseCodec.java:40)
	at org.openqa.selenium.remote.http.AbstractHttpResponseCodec.decode(AbstractHttpResponseCodec.java:82)
	at org.openqa.selenium.remote.http.AbstractHttpResponseCodec.decode(AbstractHttpResponseCodec.java:45)
	at org.openqa.selenium.remote.HttpCommandExecutor.execute(HttpCommandExecutor.java:164)
	at org.openqa.selenium.remote.service.DriverCommandExecutor.execute(DriverCommandExecutor.java:83)
	at org.openqa.selenium.remote.RemoteWebDriver.execute(RemoteWebDriver.java:586)
	at org.openqa.selenium.remote.RemoteWebDriver.findElement(RemoteWebDriver.java:356)
	at org.openqa.selenium.remote.RemoteWebDriver.findElementByXPath(RemoteWebDriver.java:458)
	at org.openqa.selenium.By$ByXPath.findElement(By.java:361)
	at org.openqa.selenium.remote.RemoteWebDriver.findElement(RemoteWebDriver.java:348)
	at afterLoginIn.TestSetA.TC_403_VerifyFieldsInLoginPage(TestSetA.java:135)
	at sun.reflect.NativeMethodAccessorImpl.invoke0(Native Method)
	at sun.reflect.NativeMethodAccessorImpl.invoke(Unknown Source)
	at sun.reflect.DelegatingMethodAccessorImpl.invoke(Unknown Source)
	at java.lang.reflect.Method.invoke(Unknown Source)
	at org.testng.internal.MethodInvocationHelper.invokeMethod(MethodInvocationHelper.java:108)
	at org.testng.internal.Invoker.invokeMethod(Invoker.java:661)
	at org.testng.internal.Invoker.invokeTestMethod(Invoker.java:869)
	at org.testng.internal.Invoker.invokeTestMethods(Invoker.java:1193)
	at org.testng.internal.TestMethodWorker.invokeTestMethods(TestMethodWorker.java:126)
	at org.testng.internal.TestMethodWorker.run(TestMethodWorker.java:109)
	at org.testng.TestRunner.privateRun(TestRunner.java:744)
	at org.testng.TestRunner.run(TestRunner.java:602)
	at org.testng.SuiteRunner.runTest(SuiteRunner.java:380)
	at org.testng.SuiteRunner.runSequentially(SuiteRunner.java:375)
	at org.testng.SuiteRunner.privateRun(SuiteRunner.java:340)
	at org.testng.SuiteRunner.run(SuiteRunner.java:289)
	at org.testng.SuiteRunnerWorker.runSuite(SuiteRunnerWorker.java:52)
	at org.testng.SuiteRunnerWorker.run(SuiteRunnerWorker.java:86)
	at org.testng.TestNG.runSuitesSequentially(TestNG.java:1301)
	at org.testng.TestNG.runSuitesLocally(TestNG.java:1226)
	at org.testng.TestNG.runSuites(TestNG.java:1144)
	at org.testng.TestNG.run(TestNG.java:1115)
	at org.testng.remote.AbstractRemoteTestNG.run(AbstractRemoteTestNG.java:126)
	at org.testng.remote.RemoteTestNG.initAndRun(RemoteTestNG.java:137)
	at org.testng.remote.RemoteTestNG.main(RemoteTestNG.java:58)
]]>
    </error>
  </testcase> <!-- TC_403_VerifyFieldsInLoginPage -->
  <testcase name="TC_404_ToolTip" time="11.772" classname="afterLoginIn.TestSetA">
    <error type="org.openqa.selenium.NoSuchElementException" message="no such element: Unable to locate element: {&quot;method&quot;:&quot;id&quot;,&quot;selector&quot;:&quot;remember_me_learn_more_link&quot;}
  (Session info: chrome=64.0.3282.167)
  (Driver info: chromedriver=2.32.498550 (9dec58e66c31bcc53a9ce3c7226f0c1c5810906a),platform=Windows NT 10.0.16299 x86_64) (WARNING: The server did not provide any stacktrace information)
Command duration or timeout: 0 milliseconds
For documentation on this error, please visit: http://seleniumhq.org/exceptions/no_such_element.html
Build info: version: &#039;3.6.0&#039;, revision: &#039;6fbf3ec767&#039;, time: &#039;2017-09-27T16:15:40.131Z&#039;
System info: host: &#039;DESKTOP-75OLIUH&#039;, ip: &#039;192.168.112.1&#039;, os.name: &#039;Windows 10&#039;, os.arch: &#039;amd64&#039;, os.version: &#039;10.0&#039;, java.version: &#039;1.8.0_144&#039;
Driver info: org.openqa.selenium.chrome.ChromeDriver
Capabilities [{mobileEmulationEnabled=false, hasTouchScreen=false, platform=XP, acceptSslCerts=true, webStorageEnabled=true, browserName=chrome, takesScreenshot=true, javascriptEnabled=true, platformName=XP, setWindowRect=true, unexpectedAlertBehaviour=, applicationCacheEnabled=false, rotatable=false, networkConnectionEnabled=false, chrome={chromedriverVersion=2.32.498550 (9dec58e66c31bcc53a9ce3c7226f0c1c5810906a), userDataDir=C:\Users\imran\AppData\Local\Temp\scoped_dir10660_21638}, takesHeapSnapshot=true, pageLoadStrategy=normal, unhandledPromptBehavior=, databaseEnabled=false, handlesAlerts=true, version=64.0.3282.167, browserConnectionEnabled=false, nativeEvents=true, locationContextEnabled=true, cssSelectorsEnabled=true}]
Session ID: 2fa0c78c955888009a8e1476a4029647
*** Element info: {Using=id, value=remember_me_learn_more_link}">
      <![CDATA[org.openqa.selenium.NoSuchElementException: no such element: Unable to locate element: {"method":"id","selector":"remember_me_learn_more_link"}
  (Session info: chrome=64.0.3282.167)
  (Driver info: chromedriver=2.32.498550 (9dec58e66c31bcc53a9ce3c7226f0c1c5810906a),platform=Windows NT 10.0.16299 x86_64) (WARNING: The server did not provide any stacktrace information)
Command duration or timeout: 0 milliseconds
For documentation on this error, please visit: http://seleniumhq.org/exceptions/no_such_element.html
Build info: version: '3.6.0', revision: '6fbf3ec767', time: '2017-09-27T16:15:40.131Z'
System info: host: 'DESKTOP-75OLIUH', ip: '192.168.112.1', os.name: 'Windows 10', os.arch: 'amd64', os.version: '10.0', java.version: '1.8.0_144'
Driver info: org.openqa.selenium.chrome.ChromeDriver
Capabilities [{mobileEmulationEnabled=false, hasTouchScreen=false, platform=XP, acceptSslCerts=true, webStorageEnabled=true, browserName=chrome, takesScreenshot=true, javascriptEnabled=true, platformName=XP, setWindowRect=true, unexpectedAlertBehaviour=, applicationCacheEnabled=false, rotatable=false, networkConnectionEnabled=false, chrome={chromedriverVersion=2.32.498550 (9dec58e66c31bcc53a9ce3c7226f0c1c5810906a), userDataDir=C:\Users\imran\AppData\Local\Temp\scoped_dir10660_21638}, takesHeapSnapshot=true, pageLoadStrategy=normal, unhandledPromptBehavior=, databaseEnabled=false, handlesAlerts=true, version=64.0.3282.167, browserConnectionEnabled=false, nativeEvents=true, locationContextEnabled=true, cssSelectorsEnabled=true}]
Session ID: 2fa0c78c955888009a8e1476a4029647
*** Element info: {Using=id, value=remember_me_learn_more_link}
	at sun.reflect.NativeConstructorAccessorImpl.newInstance0(Native Method)
	at sun.reflect.NativeConstructorAccessorImpl.newInstance(Unknown Source)
	at sun.reflect.DelegatingConstructorAccessorImpl.newInstance(Unknown Source)
	at java.lang.reflect.Constructor.newInstance(Unknown Source)
	at org.openqa.selenium.remote.ErrorHandler.createThrowable(ErrorHandler.java:214)
	at org.openqa.selenium.remote.ErrorHandler.throwIfResponseFailed(ErrorHandler.java:166)
	at org.openqa.selenium.remote.http.JsonHttpResponseCodec.reconstructValue(JsonHttpResponseCodec.java:40)
	at org.openqa.selenium.remote.http.AbstractHttpResponseCodec.decode(AbstractHttpResponseCodec.java:82)
	at org.openqa.selenium.remote.http.AbstractHttpResponseCodec.decode(AbstractHttpResponseCodec.java:45)
	at org.openqa.selenium.remote.HttpCommandExecutor.execute(HttpCommandExecutor.java:164)
	at org.openqa.selenium.remote.service.DriverCommandExecutor.execute(DriverCommandExecutor.java:83)
	at org.openqa.selenium.remote.RemoteWebDriver.execute(RemoteWebDriver.java:586)
	at org.openqa.selenium.remote.RemoteWebDriver.findElement(RemoteWebDriver.java:356)
	at org.openqa.selenium.remote.RemoteWebDriver.findElementById(RemoteWebDriver.java:402)
	at org.openqa.selenium.By$ById.findElement(By.java:218)
	at org.openqa.selenium.remote.RemoteWebDriver.findElement(RemoteWebDriver.java:348)
	at afterLoginIn.TestSetA.TC_404_ToolTip(TestSetA.java:158)
	at sun.reflect.NativeMethodAccessorImpl.invoke0(Native Method)
	at sun.reflect.NativeMethodAccessorImpl.invoke(Unknown Source)
	at sun.reflect.DelegatingMethodAccessorImpl.invoke(Unknown Source)
	at java.lang.reflect.Method.invoke(Unknown Source)
	at org.testng.internal.MethodInvocationHelper.invokeMethod(MethodInvocationHelper.java:108)
	at org.testng.internal.Invoker.invokeMethod(Invoker.java:661)
	at org.testng.internal.Invoker.invokeTestMethod(Invoker.java:869)
	at org.testng.internal.Invoker.invokeTestMethods(Invoker.java:1193)
	at org.testng.internal.TestMethodWorker.invokeTestMethods(TestMethodWorker.java:126)
	at org.testng.internal.TestMethodWorker.run(TestMethodWorker.java:109)
	at org.testng.TestRunner.privateRun(TestRunner.java:744)
	at org.testng.TestRunner.run(TestRunner.java:602)
	at org.testng.SuiteRunner.runTest(SuiteRunner.java:380)
	at org.testng.SuiteRunner.runSequentially(SuiteRunner.java:375)
	at org.testng.SuiteRunner.privateRun(SuiteRunner.java:340)
	at org.testng.SuiteRunner.run(SuiteRunner.java:289)
	at org.testng.SuiteRunnerWorker.runSuite(SuiteRunnerWorker.java:52)
	at org.testng.SuiteRunnerWorker.run(SuiteRunnerWorker.java:86)
	at org.testng.TestNG.runSuitesSequentially(TestNG.java:1301)
	at org.testng.TestNG.runSuitesLocally(TestNG.java:1226)
	at org.testng.TestNG.runSuites(TestNG.java:1144)
	at org.testng.TestNG.run(TestNG.java:1115)
	at org.testng.remote.AbstractRemoteTestNG.run(AbstractRemoteTestNG.java:126)
	at org.testng.remote.RemoteTestNG.initAndRun(RemoteTestNG.java:137)
	at org.testng.remote.RemoteTestNG.main(RemoteTestNG.java:58)
]]>
    </error>
  </testcase> <!-- TC_404_ToolTip -->
</testsuite> <!-- afterLoginIn.TestSetA -->
