<?xml version="1.0" encoding="UTF-8"?>
<!-- Generated by org.testng.reporters.JUnitReportReporter -->
<testsuite skipped="0" hostname="DESKTOP-75OLIUH" name="MyMath.TestSetMath" tests="2" failures="0" timestamp="26 Sep 2018 02:22:43 GMT" time="230.691" errors="0">
  <testcase name="TC_104_CheckStockOnAllPage" time="228.823" classname="MyMath.TestSetMath"/>
  <testcase name="TC_102" time="1.868" classname="MyMath.TestSetMath"/>
</testsuite> <!-- MyMath.TestSetMath -->
