<?xml version="1.0" encoding="UTF-8"?>
<!-- Generated by org.testng.reporters.JUnitReportReporter -->
<testsuite skipped="0" hostname="DESKTOP-75OLIUH" name="SecondClasssWith2Methods" tests="2" failures="0" timestamp="02 Jul 2018 15:28:32 GMT" time="55.328" errors="0">
  <testcase name="test2" time="0.305" classname="SecondClasssWith2Methods"/>
  <testcase name="UsersAreAbleToSearch" time="55.023" classname="SecondClasssWith2Methods"/>
</testsuite> <!-- SecondClasssWith2Methods -->
