<?xml version="1.0" encoding="UTF-8"?>
<!-- Generated by org.testng.reporters.JUnitReportReporter -->
<testsuite skipped="0" hostname="DESKTOP-75OLIUH" name="PlayWithTestNG" tests="2" failures="0" timestamp="27 Sep 2017 02:11:48 GMT" time="55.946" errors="0">
  <testcase name="test2" time="0.002" classname="PlayWithTestNG"/>
  <testcase name="UsersAreAbleToSearch" time="55.944" classname="PlayWithTestNG"/>
</testsuite> <!-- PlayWithTestNG -->
