<?xml version="1.0" encoding="UTF-8"?>
<!-- Generated by org.testng.reporters.JUnitReportReporter -->
<testsuite skipped="0" hostname="DESKTOP-75OLIUH" name="FirstClassWith2methods" tests="2" failures="0" timestamp="15 Nov 2017 01:46:28 GMT" time="74.239" errors="0">
  <testcase name="UsersAreAbleToSearch" time="73.735" classname="FirstClassWith2methods"/>
  <testcase name="test2" time="0.504" classname="FirstClassWith2methods"/>
</testsuite> <!-- FirstClassWith2methods -->
