<?xml version="1.0" encoding="UTF-8"?>
<!-- Generated by org.testng.reporters.JUnitReportReporter -->
<testsuite skipped="0" hostname="DESKTOP-75OLIUH" name="usps.TestSetJ" tests="3" failures="0" timestamp="26 Jan 2018 03:44:25 GMT" time="348.274" errors="0">
  <testcase name="TC_02_CalculateAprice" time="59.260" classname="usps.TestSetJ"/>
  <testcase name="TC_01_FindZipCode" time="139.807" classname="usps.TestSetJ"/>
  <testcase name="TC_03_ExperimentAll8Selectors" time="149.207" classname="usps.TestSetJ"/>
</testsuite> <!-- usps.TestSetJ -->
