<?xml version="1.0" encoding="UTF-8"?>
<!-- Generated by org.testng.reporters.JUnitReportReporter -->
<testsuite skipped="0" hostname="DESKTOP-75OLIUH" name="SecondClasssWith2Methods" tests="2" failures="0" timestamp="20 Feb 2018 20:09:09 GMT" time="62.912" errors="0">
  <testcase name="UsersAreAbleToSearch" time="62.003" classname="SecondClasssWith2Methods"/>
  <testcase name="test2" time="0.909" classname="SecondClasssWith2Methods"/>
</testsuite> <!-- SecondClasssWith2Methods -->
