<?xml version="1.0" encoding="UTF-8"?>
<!-- Generated by org.testng.reporters.JUnitReportReporter -->
<testsuite skipped="0" hostname="DESKTOP-75OLIUH" name="SecondClasssWith2Methods" tests="2" failures="0" timestamp="19 Apr 2018 01:09:40 GMT" time="56.097" errors="0">
  <testcase name="UsersAreAbleToSearch" time="55.792" classname="SecondClasssWith2Methods"/>
  <testcase name="test2" time="0.305" classname="SecondClasssWith2Methods"/>
</testsuite> <!-- SecondClasssWith2Methods -->
