<?xml version="1.0" encoding="UTF-8"?>
<!-- Generated by org.testng.reporters.JUnitReportReporter -->
<testsuite skipped="0" hostname="DESKTOP-75OLIUH" name="SecondClasssWith2Methods" tests="2" failures="0" timestamp="30 Jul 2018 07:16:15 GMT" time="60.870" errors="0">
  <testcase name="test2" time="0.398" classname="SecondClasssWith2Methods"/>
  <testcase name="UsersAreAbleToSearch" time="60.472" classname="SecondClasssWith2Methods"/>
</testsuite> <!-- SecondClasssWith2Methods -->
