<?xml version="1.0" encoding="UTF-8"?>
<!-- Generated by org.testng.reporters.JUnitReportReporter -->
<testsuite skipped="0" hostname="DESKTOP-75OLIUH" name="FirstClassWith2methods" tests="2" failures="0" timestamp="17 Oct 2017 18:13:11 GMT" time="78.323" errors="0">
  <testcase name="UsersAreAbleToSearch" time="77.869" classname="FirstClassWith2methods"/>
  <testcase name="test2" time="0.454" classname="FirstClassWith2methods"/>
</testsuite> <!-- FirstClassWith2methods -->
