<?xml version="1.0" encoding="UTF-8"?>
<!-- Generated by org.testng.reporters.JUnitReportReporter -->
<testsuite skipped="0" hostname="DESKTOP-75OLIUH" name="SecondClasssWith2Methods" tests="2" failures="0" timestamp="01 Apr 2018 19:31:25 GMT" time="58.651" errors="0">
  <testcase name="UsersAreAbleToSearch" time="58.116" classname="SecondClasssWith2Methods"/>
  <testcase name="test2" time="0.535" classname="SecondClasssWith2Methods"/>
</testsuite> <!-- SecondClasssWith2Methods -->
