<?xml version="1.0" encoding="UTF-8"?>
<!-- Generated by org.testng.reporters.JUnitReportReporter -->
<testsuite skipped="0" hostname="DESKTOP-75OLIUH" name="FirstClassWith2methods" tests="2" failures="0" timestamp="03 Oct 2017 03:42:50 GMT" time="58.410" errors="0">
  <testcase name="test2" time="0.355" classname="FirstClassWith2methods"/>
  <testcase name="UsersAreAbleToSearch" time="58.055" classname="FirstClassWith2methods"/>
</testsuite> <!-- FirstClassWith2methods -->
