<?xml version="1.0" encoding="UTF-8"?>
<!-- Generated by org.testng.reporters.JUnitReportReporter -->
<testsuite skipped="0" hostname="DESKTOP-75OLIUH" name="FirstClassWith2methods" tests="2" failures="0" timestamp="18 Oct 2017 21:37:45 GMT" time="71.473" errors="0">
  <testcase name="test2" time="0.609" classname="FirstClassWith2methods"/>
  <testcase name="UsersAreAbleToSearch" time="70.864" classname="FirstClassWith2methods"/>
</testsuite> <!-- FirstClassWith2methods -->
