<?xml version="1.0" encoding="UTF-8"?>
<!-- Generated by org.testng.reporters.JUnitReportReporter -->
<testsuite skipped="0" hostname="DESKTOP-75OLIUH" name="MC.TestSetF" tests="10" failures="0" timestamp="28 Nov 2017 01:41:19 GMT" time="471.417" errors="0">
  <testcase name="TC_405_MC_FF_A" time="53.391" classname="MC.TestSetF"/>
  <testcase name="TC_403_MC_GC_B" time="49.515" classname="MC.TestSetF"/>
  <testcase name="TC_409_MC_ME_B" time="40.066" classname="MC.TestSetF"/>
  <testcase name="TC_10_MC_ME_C" time="41.796" classname="MC.TestSetF"/>
  <testcase name="TC_402_MC_GC_A" time="47.755" classname="MC.TestSetF"/>
  <testcase name="TC_404_MC_GC_C" time="49.301" classname="MC.TestSetF"/>
  <testcase name="TC_408_MC_ME_A" time="40.702" classname="MC.TestSetF"/>
  <testcase name="TC_407_MC_FF_C" time="50.784" classname="MC.TestSetF"/>
  <testcase name="TC_406_MC_FF_B" time="49.791" classname="MC.TestSetF"/>
  <testcase name="CalculateMortgatePayment_HardCodedValues" time="48.316" classname="MC.TestSetF"/>
</testsuite> <!-- MC.TestSetF -->
