<?xml version="1.0" encoding="UTF-8"?>
<!-- Generated by org.testng.reporters.JUnitReportReporter -->
<testsuite skipped="0" hostname="DESKTOP-75OLIUH" name="FirstClassWith2methods" tests="2" failures="0" timestamp="20 Nov 2017 02:58:49 GMT" time="133.831" errors="0">
  <testcase name="UsersAreAbleToSearch" time="131.209" classname="FirstClassWith2methods"/>
  <testcase name="test2" time="2.622" classname="FirstClassWith2methods"/>
</testsuite> <!-- FirstClassWith2methods -->
