<?xml version="1.0" encoding="UTF-8"?>
<!-- Generated by org.testng.reporters.JUnitReportReporter -->
<testsuite skipped="0" hostname="DESKTOP-75OLIUH" name="FirstClassWith2methods" tests="2" failures="0" timestamp="02 Mar 2018 21:38:38 GMT" time="64.540" errors="0">
  <testcase name="UsersAreAbleToSearch" time="63.928" classname="FirstClassWith2methods"/>
  <testcase name="test2" time="0.612" classname="FirstClassWith2methods"/>
</testsuite> <!-- FirstClassWith2methods -->
