<?xml version="1.0" encoding="UTF-8"?>
<!-- Generated by org.testng.reporters.JUnitReportReporter -->
<testsuite skipped="1" hostname="DESKTOP-75OLIUH" name="flowerbyMe.TestSet_flowerbyMe" tests="6" failures="0" timestamp="20 Sep 2018 06:34:13 GMT" time="1078.737" errors="0">
  <testcase name="TC_102_TBD" time="135.694" classname="flowerbyMe.TestSet_flowerbyMe"/>
  <testcase name="TC_102_TBD" time="34.598" classname="flowerbyMe.TestSet_flowerbyMe"/>
  <testcase name="TC_102_TBD" time="779.480" classname="flowerbyMe.TestSet_flowerbyMe"/>
  <testcase name="TC_102_TBD" time="92.350" classname="flowerbyMe.TestSet_flowerbyMe"/>
  <testcase name="TC_102_TBD" time="36.615" classname="flowerbyMe.TestSet_flowerbyMe"/>
  <testcase name="TC_101_TBD" classname="flowerbyMe.TestSet_flowerbyMe">
    <skipped/>
  </testcase> <!-- TC_101_TBD -->
</testsuite> <!-- flowerbyMe.TestSet_flowerbyMe -->
