<?xml version="1.0" encoding="UTF-8"?>
<!-- Generated by org.testng.reporters.JUnitReportReporter -->
<testsuite skipped="0" hostname="DESKTOP-75OLIUH" name="MC.TestSetF" tests="10" failures="0" timestamp="25 Nov 2017 19:25:11 GMT" time="470.907" errors="0">
  <testcase name="TC_404_MC_GC_C" time="48.442" classname="MC.TestSetF"/>
  <testcase name="CalculateMortgatePayment_HardCodedValues" time="47.636" classname="MC.TestSetF"/>
  <testcase name="TC_406_MC_FF_B" time="50.596" classname="MC.TestSetF"/>
  <testcase name="TC_407_MC_FF_C" time="52.168" classname="MC.TestSetF"/>
  <testcase name="TC_405_MC_FF_A" time="54.187" classname="MC.TestSetF"/>
  <testcase name="TC_409_MC_ME_B" time="40.678" classname="MC.TestSetF"/>
  <testcase name="TC_403_MC_GC_B" time="48.519" classname="MC.TestSetF"/>
  <testcase name="TC_10_MC_ME_C" time="40.678" classname="MC.TestSetF"/>
  <testcase name="TC_408_MC_ME_A" time="40.395" classname="MC.TestSetF"/>
  <testcase name="TC_402_MC_GC_A" time="47.608" classname="MC.TestSetF"/>
</testsuite> <!-- MC.TestSetF -->
