<?xml version="1.0" encoding="UTF-8"?>
<!-- Generated by org.testng.reporters.JUnitReportReporter -->
<testsuite skipped="0" hostname="DESKTOP-75OLIUH" name="ApplyFirst" tests="1" failures="0" timestamp="26 Sep 2018 02:22:43 GMT" time="1.024" errors="0">
  <testcase name="doThisBeforeAllTestsExecution" time="1.024" classname="ApplyFirst"/>
</testsuite> <!-- ApplyFirst -->
