<?xml version="1.0" encoding="UTF-8"?>
<!-- Generated by org.testng.reporters.JUnitReportReporter -->
<testsuite skipped="0" hostname="DESKTOP-75OLIUH" name="bing.TestSetBing" tests="1" failures="0" timestamp="28 Apr 2018 20:58:34 GMT" time="95.088" errors="0">
  <testcase name="TC_101_searchOnBingHomePage" time="95.088" classname="bing.TestSetBing"/>
</testsuite> <!-- bing.TestSetBing -->
