<?xml version="1.0" encoding="UTF-8"?>
<!-- Generated by org.testng.reporters.JUnitReportReporter -->
<testsuite skipped="0" hostname="DESKTOP-75OLIUH" name="SecondClasssWith2Methods" tests="2" failures="0" timestamp="03 Feb 2018 21:15:10 GMT" time="59.946" errors="0">
  <testcase name="test2" time="0.354" classname="SecondClasssWith2Methods"/>
  <testcase name="UsersAreAbleToSearch" time="59.592" classname="SecondClasssWith2Methods"/>
</testsuite> <!-- SecondClasssWith2Methods -->
