<?xml version="1.0" encoding="UTF-8"?>
<!-- Generated by org.testng.reporters.JUnitReportReporter -->
<testsuite skipped="0" hostname="DESKTOP-75OLIUH" name="FirstClassWith2methods" tests="2" failures="0" timestamp="23 Feb 2018 04:06:54 GMT" time="60.971" errors="0">
  <testcase name="test2" time="0.455" classname="FirstClassWith2methods"/>
  <testcase name="UsersAreAbleToSearch" time="60.516" classname="FirstClassWith2methods"/>
</testsuite> <!-- FirstClassWith2methods -->
