<?xml version="1.0" encoding="UTF-8"?>
<!-- Generated by org.testng.reporters.JUnitReportReporter -->
<testsuite skipped="0" hostname="DESKTOP-75OLIUH" name="Nasdaq.TestSet_Nasdaq" tests="3" failures="0" timestamp="07 Jul 2018 23:12:55 GMT" time="231.745" errors="0">
  <testcase name="TC_103_HashMap" time="41.066" classname="Nasdaq.TestSet_Nasdaq"/>
  <testcase name="TC_101_StockSearch" time="118.578" classname="Nasdaq.TestSet_Nasdaq"/>
  <testcase name="TC_102_WebTableCount" time="72.101" classname="Nasdaq.TestSet_Nasdaq"/>
</testsuite> <!-- Nasdaq.TestSet_Nasdaq -->
