<?xml version="1.0" encoding="UTF-8"?>
<!-- Generated by org.testng.reporters.JUnitReportReporter -->
<testsuite skipped="0" hostname="DESKTOP-75OLIUH" name="ApplyFirst" tests="1" failures="0" timestamp="22 Jun 2018 05:22:41 GMT" time="0.080" errors="0">
  <testcase name="doThisBeforeAllTestsExecution" time="0.080" classname="ApplyFirst"/>
</testsuite> <!-- ApplyFirst -->
