<?xml version="1.0" encoding="UTF-8"?>
<!-- Generated by org.testng.reporters.JUnitReportReporter -->
<testsuite skipped="0" hostname="DESKTOP-75OLIUH" name="MC.TestSetF" tests="13" failures="0" timestamp="18 Jan 2018 20:27:55 GMT" time="670.052" errors="0">
  <testcase name="TC_409_MC_ME_B" time="41.044" classname="MC.TestSetF"/>
  <testcase name="TC_413_DownAndUPonly_ME" time="58.215" classname="MC.TestSetF"/>
  <testcase name="TC_406_MC_FF_B" time="50.502" classname="MC.TestSetF"/>
  <testcase name="TC_407_MC_FF_C" time="52.123" classname="MC.TestSetF"/>
  <testcase name="TC_402_MC_GC_A" time="47.883" classname="MC.TestSetF"/>
  <testcase name="TC_411_DownAndUPonly_CHROME" time="63.749" classname="MC.TestSetF"/>
  <testcase name="TC_412_DownAndUPonly_FF" time="66.639" classname="MC.TestSetF"/>
  <testcase name="TC_403_MC_GC_B" time="47.064" classname="MC.TestSetF"/>
  <testcase name="CalculateMortgatePayment_HardCodedValues" time="55.677" classname="MC.TestSetF"/>
  <testcase name="TC_405_MC_FF_A" time="55.537" classname="MC.TestSetF"/>
  <testcase name="TC_408_MC_ME_A" time="40.653" classname="MC.TestSetF"/>
  <testcase name="TC_10_MC_ME_C" time="42.110" classname="MC.TestSetF"/>
  <testcase name="TC_404_MC_GC_C" time="48.856" classname="MC.TestSetF"/>
</testsuite> <!-- MC.TestSetF -->
