<?xml version="1.0" encoding="UTF-8"?>
<!-- Generated by org.testng.reporters.JUnitReportReporter -->
<testsuite skipped="0" hostname="DESKTOP-75OLIUH" name="levis.TestSetH" tests="5" failures="0" timestamp="11 Dec 2017 03:26:58 GMT" time="364.968" errors="0">
  <testcase name="TC_102_scrollUpAndDown" time="78.803" classname="levis.TestSetH"/>
  <testcase name="TC_104_FindStoresMap" time="82.044" classname="levis.TestSetH"/>
  <testcase name="TC_103_womens_dress" time="84.454" classname="levis.TestSetH"/>
  <testcase name="TC101_MouseOver_OnMajorElements" time="55.726" classname="levis.TestSetH"/>
  <testcase name="TC_105_HighlightAllLinks" time="63.941" classname="levis.TestSetH"/>
</testsuite> <!-- levis.TestSetH -->
