<?xml version="1.0" encoding="UTF-8"?>
<!-- Generated by org.testng.reporters.JUnitReportReporter -->
<testsuite skipped="1" hostname="DESKTOP-75OLIUH" name="Priotization" tests="7" failures="0" timestamp="27 Mar 2018 21:29:59 GMT" time="0.019" errors="0">
  <testcase name="A" time="0.000" classname="Priotization"/>
  <testcase name="F" time="0.000" classname="Priotization"/>
  <testcase name="D" time="0.016" classname="Priotization"/>
  <testcase name="E" time="0.002" classname="Priotization"/>
  <testcase name="C" time="0.001" classname="Priotization"/>
  <testcase name="G" time="0.000" classname="Priotization"/>
  <testcase name="B" classname="Priotization">
    <skipped/>
  </testcase> <!-- B -->
</testsuite> <!-- Priotization -->
