<?xml version="1.0" encoding="UTF-8"?>
<!-- Generated by org.testng.reporters.JUnitReportReporter -->
<testsuite skipped="0" hostname="DESKTOP-75OLIUH" name="MC.TestSetF" tests="13" failures="0" timestamp="13 May 2018 15:55:23 GMT" time="767.233" errors="0">
  <testcase name="CalculateMortgatePayment_HardCodedValues" time="59.989" classname="MC.TestSetF"/>
  <testcase name="TC_407_MC_FF_C" time="61.958" classname="MC.TestSetF"/>
  <testcase name="TC_403_MC_GC_B" time="50.111" classname="MC.TestSetF"/>
  <testcase name="TC_402_MC_GC_A" time="53.243" classname="MC.TestSetF"/>
  <testcase name="TC_406_MC_FF_B" time="61.901" classname="MC.TestSetF"/>
  <testcase name="TC_409_MC_ME_B" time="41.871" classname="MC.TestSetF"/>
  <testcase name="TC_10_MC_ME_C" time="57.785" classname="MC.TestSetF"/>
  <testcase name="TC_405_MC_FF_A" time="73.145" classname="MC.TestSetF"/>
  <testcase name="TC_412_DownAndUPonly_FF" time="80.096" classname="MC.TestSetF"/>
  <testcase name="TC_413_DownAndUPonly_ME" time="59.129" classname="MC.TestSetF"/>
  <testcase name="TC_408_MC_ME_A" time="41.834" classname="MC.TestSetF"/>
  <testcase name="TC_404_MC_GC_C" time="59.892" classname="MC.TestSetF"/>
  <testcase name="TC_411_DownAndUPonly_CHROME" time="66.279" classname="MC.TestSetF"/>
</testsuite> <!-- MC.TestSetF -->
