<?xml version="1.0" encoding="UTF-8"?>
<!-- Generated by org.testng.reporters.JUnitReportReporter -->
<testsuite skipped="0" hostname="DESKTOP-75OLIUH" name="MC.TestSetF" tests="13" failures="0" timestamp="28 Apr 2018 20:58:35 GMT" time="677.246" errors="0">
  <testcase name="TC_10_MC_ME_C" time="40.892" classname="MC.TestSetF"/>
  <testcase name="TC_413_DownAndUPonly_ME" time="57.169" classname="MC.TestSetF"/>
  <testcase name="TC_404_MC_GC_C" time="47.878" classname="MC.TestSetF"/>
  <testcase name="TC_406_MC_FF_B" time="52.791" classname="MC.TestSetF"/>
  <testcase name="CalculateMortgatePayment_HardCodedValues" time="56.873" classname="MC.TestSetF"/>
  <testcase name="TC_403_MC_GC_B" time="46.288" classname="MC.TestSetF"/>
  <testcase name="TC_407_MC_FF_C" time="54.239" classname="MC.TestSetF"/>
  <testcase name="TC_402_MC_GC_A" time="50.551" classname="MC.TestSetF"/>
  <testcase name="TC_409_MC_ME_B" time="40.563" classname="MC.TestSetF"/>
  <testcase name="TC_408_MC_ME_A" time="41.127" classname="MC.TestSetF"/>
  <testcase name="TC_405_MC_FF_A" time="57.086" classname="MC.TestSetF"/>
  <testcase name="TC_411_DownAndUPonly_CHROME" time="60.937" classname="MC.TestSetF"/>
  <testcase name="TC_412_DownAndUPonly_FF" time="70.852" classname="MC.TestSetF"/>
</testsuite> <!-- MC.TestSetF -->
