<?xml version="1.0" encoding="UTF-8"?>
<!-- Generated by org.testng.reporters.JUnitReportReporter -->
<testsuite skipped="0" hostname="DESKTOP-75OLIUH" name="ApplyFirst" tests="1" failures="0" timestamp="18 May 2018 21:59:41 GMT" time="0.098" errors="0">
  <testcase name="doThisBeforeAllTestsExecution" time="0.098" classname="ApplyFirst"/>
</testsuite> <!-- ApplyFirst -->
