<?xml version="1.0" encoding="UTF-8"?>
<!-- Generated by org.testng.reporters.JUnitReportReporter -->
<testsuite skipped="1" hostname="DESKTOP-75OLIUH" name="Priotization" tests="7" failures="0" timestamp="28 Sep 2017 19:45:48 GMT" time="0.030" errors="0">
  <testcase name="A" time="0.019" classname="Priotization"/>
  <testcase name="F" time="0.003" classname="Priotization"/>
  <testcase name="D" time="0.002" classname="Priotization"/>
  <testcase name="E" time="0.001" classname="Priotization"/>
  <testcase name="C" time="0.002" classname="Priotization"/>
  <testcase name="G" time="0.003" classname="Priotization"/>
  <testcase name="B" classname="Priotization">
    <skipped/>
  </testcase> <!-- B -->
</testsuite> <!-- Priotization -->
