<?xml version="1.0" encoding="UTF-8"?>
<!-- Generated by org.testng.reporters.JUnitReportReporter -->
<testsuite skipped="0" hostname="DESKTOP-75OLIUH" name="SecondClasssWith2Methods" tests="2" failures="0" timestamp="11 Jul 2018 00:41:42 GMT" time="67.069" errors="0">
  <testcase name="UsersAreAbleToSearch" time="66.702" classname="SecondClasssWith2Methods"/>
  <testcase name="test2" time="0.367" classname="SecondClasssWith2Methods"/>
</testsuite> <!-- SecondClasssWith2Methods -->
