<?xml version="1.0" encoding="UTF-8"?>
<!-- Generated by org.testng.reporters.JUnitReportReporter -->
<testsuite skipped="1" hostname="DESKTOP-75OLIUH" name="amzon.TestSetAmazon" tests="2" failures="0" timestamp="11 Nov 2017 00:29:21 GMT" time="667.448" errors="0">
  <testcase name="TC_102" time="667.448" classname="amzon.TestSetAmazon"/>
  <testcase name="SearchOnLandingPage" classname="amzon.TestSetAmazon">
    <skipped/>
  </testcase> <!-- SearchOnLandingPage -->
</testsuite> <!-- amzon.TestSetAmazon -->
