<?xml version="1.0" encoding="UTF-8"?>
<!-- Generated by org.testng.reporters.JUnitReportReporter -->
<testsuite skipped="0" hostname="DESKTOP-75OLIUH" name="SecondClasssWith2Methods" tests="2" failures="0" timestamp="06 Jul 2018 00:47:47 GMT" time="56.698" errors="0">
  <testcase name="test2" time="0.358" classname="SecondClasssWith2Methods"/>
  <testcase name="UsersAreAbleToSearch" time="56.340" classname="SecondClasssWith2Methods"/>
</testsuite> <!-- SecondClasssWith2Methods -->
