<?xml version="1.0" encoding="UTF-8"?>
<!-- Generated by org.testng.reporters.JUnitReportReporter -->
<testsuite skipped="0" hostname="DESKTOP-75OLIUH" name="MC.TestSetF" tests="13" failures="0" timestamp="08 Mar 2018 00:02:59 GMT" time="687.521" errors="0">
  <testcase name="TC_409_MC_ME_B" time="40.991" classname="MC.TestSetF"/>
  <testcase name="TC_408_MC_ME_A" time="47.786" classname="MC.TestSetF"/>
  <testcase name="TC_402_MC_GC_A" time="47.840" classname="MC.TestSetF"/>
  <testcase name="TC_404_MC_GC_C" time="48.060" classname="MC.TestSetF"/>
  <testcase name="TC_10_MC_ME_C" time="42.896" classname="MC.TestSetF"/>
  <testcase name="TC_407_MC_FF_C" time="54.505" classname="MC.TestSetF"/>
  <testcase name="TC_413_DownAndUPonly_ME" time="57.999" classname="MC.TestSetF"/>
  <testcase name="TC_412_DownAndUPonly_FF" time="69.507" classname="MC.TestSetF"/>
  <testcase name="TC_403_MC_GC_B" time="48.544" classname="MC.TestSetF"/>
  <testcase name="CalculateMortgatePayment_HardCodedValues" time="54.752" classname="MC.TestSetF"/>
  <testcase name="TC_405_MC_FF_A" time="56.912" classname="MC.TestSetF"/>
  <testcase name="TC_411_DownAndUPonly_CHROME" time="63.293" classname="MC.TestSetF"/>
  <testcase name="TC_406_MC_FF_B" time="54.436" classname="MC.TestSetF"/>
</testsuite> <!-- MC.TestSetF -->
