<?xml version="1.0" encoding="UTF-8"?>
<!-- Generated by org.testng.reporters.JUnitReportReporter -->
<testsuite skipped="0" hostname="DESKTOP-75OLIUH" name="MC.TestSetF" tests="13" failures="0" timestamp="08 Feb 2018 18:43:35 GMT" time="715.815" errors="0">
  <testcase name="TC_409_MC_ME_B" time="41.069" classname="MC.TestSetF"/>
  <testcase name="TC_405_MC_FF_A" time="59.855" classname="MC.TestSetF"/>
  <testcase name="CalculateMortgatePayment_HardCodedValues" time="58.394" classname="MC.TestSetF"/>
  <testcase name="TC_402_MC_GC_A" time="51.461" classname="MC.TestSetF"/>
  <testcase name="TC_412_DownAndUPonly_FF" time="71.718" classname="MC.TestSetF"/>
  <testcase name="TC_403_MC_GC_B" time="51.424" classname="MC.TestSetF"/>
  <testcase name="TC_404_MC_GC_C" time="48.557" classname="MC.TestSetF"/>
  <testcase name="TC_407_MC_FF_C" time="59.572" classname="MC.TestSetF"/>
  <testcase name="TC_10_MC_ME_C" time="50.963" classname="MC.TestSetF"/>
  <testcase name="TC_406_MC_FF_B" time="54.530" classname="MC.TestSetF"/>
  <testcase name="TC_413_DownAndUPonly_ME" time="57.689" classname="MC.TestSetF"/>
  <testcase name="TC_411_DownAndUPonly_CHROME" time="69.782" classname="MC.TestSetF"/>
  <testcase name="TC_408_MC_ME_A" time="40.801" classname="MC.TestSetF"/>
</testsuite> <!-- MC.TestSetF -->
