<?xml version="1.0" encoding="UTF-8"?>
<!-- Generated by org.testng.reporters.JUnitReportReporter -->
<testsuite skipped="0" hostname="DESKTOP-75OLIUH" name="Yahoo.TestSet_Yahoo" tests="1" failures="0" timestamp="27 Aug 2018 04:55:42 GMT" time="36.398" errors="0">
  <testcase name="TC_101_TBD" time="36.398" classname="Yahoo.TestSet_Yahoo"/>
</testsuite> <!-- Yahoo.TestSet_Yahoo -->
