<?xml version="1.0" encoding="UTF-8"?>
<!-- Generated by org.testng.reporters.JUnitReportReporter -->
<testsuite skipped="1" hostname="DESKTOP-75OLIUH" name="bing2.TestSet2_bing" tests="6" failures="0" timestamp="30 Sep 2018 06:25:37 GMT" time="887.496" errors="0">
  <testcase name="TC_SE_Firefox" time="71.202" classname="bing2.TestSet2_bing"/>
  <testcase name="TC_101_TBD" time="23.075" classname="bing2.TestSet2_bing"/>
  <testcase name="TC_SE_ie" time="658.263" classname="bing2.TestSet2_bing"/>
  <testcase name="TC_SE_CHROME" time="74.548" classname="bing2.TestSet2_bing"/>
  <testcase name="TC_SE_MicrosoftEdge" time="60.408" classname="bing2.TestSet2_bing"/>
  <testcase name="TC_SE_Opera" classname="bing2.TestSet2_bing">
    <skipped/>
  </testcase> <!-- TC_SE_Opera -->
</testsuite> <!-- bing2.TestSet2_bing -->
