<?xml version="1.0" encoding="UTF-8"?>
<!-- Generated by org.testng.reporters.JUnitReportReporter -->
<testsuite skipped="0" hostname="DESKTOP-75OLIUH" name="SecondClasssWith2Methods" tests="2" failures="0" timestamp="18 Dec 2017 02:17:36 GMT" time="58.534" errors="0">
  <testcase name="UsersAreAbleToSearch" time="58.079" classname="SecondClasssWith2Methods"/>
  <testcase name="test2" time="0.455" classname="SecondClasssWith2Methods"/>
</testsuite> <!-- SecondClasssWith2Methods -->
