<?xml version="1.0" encoding="UTF-8"?>
<!-- Generated by org.testng.reporters.JUnitReportReporter -->
<testsuite skipped="13" hostname="DESKTOP-75OLIUH" name="Nasdaq.TestSet_Nasdaq" tests="14" failures="0" timestamp="10 Sep 2018 03:53:50 GMT" time="37.102" errors="0">
  <testcase name="TC_114_TBD" time="37.102" classname="Nasdaq.TestSet_Nasdaq"/>
  <testcase name="TC_107_VerifyColor" classname="Nasdaq.TestSet_Nasdaq">
    <skipped/>
  </testcase> <!-- TC_107_VerifyColor -->
  <testcase name="TC_113_TBD" classname="Nasdaq.TestSet_Nasdaq">
    <skipped/>
  </testcase> <!-- TC_113_TBD -->
  <testcase name="TC_108_TBD" classname="Nasdaq.TestSet_Nasdaq">
    <skipped/>
  </testcase> <!-- TC_108_TBD -->
  <testcase name="TC_105_VerifyEPS" classname="Nasdaq.TestSet_Nasdaq">
    <skipped/>
  </testcase> <!-- TC_105_VerifyEPS -->
  <testcase name="TC_106_EPS_All_Pages" classname="Nasdaq.TestSet_Nasdaq">
    <skipped/>
  </testcase> <!-- TC_106_EPS_All_Pages -->
  <testcase name="TC_104_NA" classname="Nasdaq.TestSet_Nasdaq">
    <skipped/>
  </testcase> <!-- TC_104_NA -->
  <testcase name="TC_110_MarketDataColor" classname="Nasdaq.TestSet_Nasdaq">
    <skipped/>
  </testcase> <!-- TC_110_MarketDataColor -->
  <testcase name="TC_102_WebTableCount" classname="Nasdaq.TestSet_Nasdaq">
    <skipped/>
  </testcase> <!-- TC_102_WebTableCount -->
  <testcase name="TC_111_TBD" classname="Nasdaq.TestSet_Nasdaq">
    <skipped/>
  </testcase> <!-- TC_111_TBD -->
  <testcase name="TC_109_TBD" classname="Nasdaq.TestSet_Nasdaq">
    <skipped/>
  </testcase> <!-- TC_109_TBD -->
  <testcase name="TC_101_StockSearch" classname="Nasdaq.TestSet_Nasdaq">
    <skipped/>
  </testcase> <!-- TC_101_StockSearch -->
  <testcase name="TC_112_ValidateBoldTexts" classname="Nasdaq.TestSet_Nasdaq">
    <skipped/>
  </testcase> <!-- TC_112_ValidateBoldTexts -->
  <testcase name="TC_103_HashMap" classname="Nasdaq.TestSet_Nasdaq">
    <skipped/>
  </testcase> <!-- TC_103_HashMap -->
</testsuite> <!-- Nasdaq.TestSet_Nasdaq -->
