<?xml version="1.0" encoding="UTF-8"?>
<!-- Generated by org.testng.reporters.JUnitReportReporter -->
<testsuite skipped="0" hostname="DESKTOP-75OLIUH" name="SecondClasssWith2Methods" tests="2" failures="0" timestamp="02 Sep 2018 03:23:49 GMT" time="98.826" errors="0">
  <testcase name="test2" time="1.064" classname="SecondClasssWith2Methods"/>
  <testcase name="UsersAreAbleToSearch" time="97.762" classname="SecondClasssWith2Methods"/>
</testsuite> <!-- SecondClasssWith2Methods -->
