<?xml version="1.0" encoding="UTF-8"?>
<!-- Generated by org.testng.reporters.JUnitReportReporter -->
<testsuite skipped="0" hostname="DESKTOP-75OLIUH" name="walmart.TestSetB" tests="3" failures="0" timestamp="04 Oct 2017 02:53:03 GMT" time="263.622" errors="0">
  <testcase name="TC_503_mouseOver" time="47.977" classname="walmart.TestSetB"/>
  <testcase name="TC_502_SelectDropdownValue" time="69.764" classname="walmart.TestSetB"/>
  <testcase name="TC_501_UsersAreAbleToSearch" time="145.881" classname="walmart.TestSetB"/>
</testsuite> <!-- walmart.TestSetB -->
