<?xml version="1.0" encoding="UTF-8"?>
<!-- Generated by org.testng.reporters.JUnitReportReporter -->
<testsuite skipped="0" hostname="DESKTOP-75OLIUH" name="SecondClasssWith2Methods" tests="2" failures="0" timestamp="26 Sep 2018 02:22:43 GMT" time="57.553" errors="0">
  <testcase name="test2" time="0.613" classname="SecondClasssWith2Methods"/>
  <testcase name="UsersAreAbleToSearch" time="56.940" classname="SecondClasssWith2Methods"/>
</testsuite> <!-- SecondClasssWith2Methods -->
