<?xml version="1.0" encoding="UTF-8"?>
<!-- Generated by org.testng.reporters.JUnitReportReporter -->
<testsuite skipped="0" hostname="DESKTOP-75OLIUH" name="cat.TestSet_Cat" tests="6" failures="0" timestamp="26 Sep 2018 02:22:44 GMT" time="601.232" errors="0">
  <testcase name="TC_803_Pink" time="28.072" classname="cat.TestSet_Cat"/>
  <testcase name="TC_802_Red" time="34.648" classname="cat.TestSet_Cat"/>
  <testcase name="TC_804_Yellow" time="28.992" classname="cat.TestSet_Cat"/>
  <testcase name="TC_801_Green" time="28.885" classname="cat.TestSet_Cat"/>
  <testcase name="TC_805_TBD" time="452.413" classname="cat.TestSet_Cat"/>
  <testcase name="TC_806_TBD" time="28.222" classname="cat.TestSet_Cat"/>
</testsuite> <!-- cat.TestSet_Cat -->
