<?xml version="1.0" encoding="UTF-8"?>
<!-- Generated by org.testng.reporters.JUnitReportReporter -->
<testsuite skipped="0" hostname="DESKTOP-75OLIUH" name="cat.TestSet_Cat" tests="4" failures="0" timestamp="12 Jul 2018 07:28:10 GMT" time="119.301" errors="0">
  <testcase name="TC_803_Pink" time="29.568" classname="cat.TestSet_Cat"/>
  <testcase name="TC_804_Yellow" time="30.512" classname="cat.TestSet_Cat"/>
  <testcase name="TC_802_Red" time="31.179" classname="cat.TestSet_Cat"/>
  <testcase name="TC_801_Green" time="28.042" classname="cat.TestSet_Cat"/>
</testsuite> <!-- cat.TestSet_Cat -->
