<?xml version="1.0" encoding="UTF-8"?>
<!-- Generated by org.testng.reporters.JUnitReportReporter -->
<testsuite skipped="0" hostname="DESKTOP-75OLIUH" name="FirstClassWith2methods" tests="2" failures="0" timestamp="20 Nov 2017 00:36:34 GMT" time="84.252" errors="0">
  <testcase name="UsersAreAbleToSearch" time="83.799" classname="FirstClassWith2methods"/>
  <testcase name="test2" time="0.453" classname="FirstClassWith2methods"/>
</testsuite> <!-- FirstClassWith2methods -->
