<?xml version="1.0" encoding="UTF-8"?>
<!-- Generated by org.testng.reporters.JUnitReportReporter -->
<testsuite skipped="0" hostname="DESKTOP-75OLIUH" name="SecondClasssWith2Methods" tests="2" failures="0" timestamp="07 Jul 2018 06:37:05 GMT" time="58.107" errors="0">
  <testcase name="test2" time="0.373" classname="SecondClasssWith2Methods"/>
  <testcase name="UsersAreAbleToSearch" time="57.734" classname="SecondClasssWith2Methods"/>
</testsuite> <!-- SecondClasssWith2Methods -->
