<?xml version="1.0" encoding="UTF-8"?>
<!-- Generated by org.testng.reporters.JUnitReportReporter -->
<testsuite skipped="0" hostname="DESKTOP-75OLIUH" name="cat.TestSet_Cat" tests="6" failures="0" timestamp="09 Oct 2018 04:20:21 GMT" time="596.667" errors="0">
  <testcase name="TC_803_Pink" time="38.845" classname="cat.TestSet_Cat"/>
  <testcase name="TC_802_Red" time="50.439" classname="cat.TestSet_Cat"/>
  <testcase name="TC_804_Yellow" time="28.605" classname="cat.TestSet_Cat"/>
  <testcase name="TC_801_Green" time="34.043" classname="cat.TestSet_Cat"/>
  <testcase name="TC_805_TBD" time="420.118" classname="cat.TestSet_Cat"/>
  <testcase name="TC_806_TBD" time="24.617" classname="cat.TestSet_Cat"/>
</testsuite> <!-- cat.TestSet_Cat -->
