<?xml version="1.0" encoding="UTF-8"?>
<!-- Generated by org.testng.reporters.JUnitReportReporter -->
<testsuite skipped="0" hostname="DESKTOP-75OLIUH" name="FirstClassWith2methods" tests="2" failures="0" timestamp="19 Oct 2017 17:15:11 GMT" time="57.618" errors="0">
  <testcase name="test2" time="0.455" classname="FirstClassWith2methods"/>
  <testcase name="UsersAreAbleToSearch" time="57.163" classname="FirstClassWith2methods"/>
</testsuite> <!-- FirstClassWith2methods -->
