<?xml version="1.0" encoding="UTF-8"?>
<!-- Generated by org.testng.reporters.JUnitReportReporter -->
<testsuite skipped="0" hostname="DESKTOP-75OLIUH" name="MC.TestSetF" tests="13" failures="0" timestamp="21 Dec 2017 03:16:45 GMT" time="682.881" errors="0">
  <testcase name="TC_404_MC_GC_C" time="48.677" classname="MC.TestSetF"/>
  <testcase name="TC_403_MC_GC_B" time="48.795" classname="MC.TestSetF"/>
  <testcase name="TC_409_MC_ME_B" time="40.586" classname="MC.TestSetF"/>
  <testcase name="TC_408_MC_ME_A" time="41.558" classname="MC.TestSetF"/>
  <testcase name="TC_412_DownAndUPonly_FF" time="64.760" classname="MC.TestSetF"/>
  <testcase name="TC_402_MC_GC_A" time="48.149" classname="MC.TestSetF"/>
  <testcase name="CalculateMortgatePayment_HardCodedValues" time="46.680" classname="MC.TestSetF"/>
  <testcase name="TC_411_DownAndUPonly_CHROME" time="62.864" classname="MC.TestSetF"/>
  <testcase name="TC_406_MC_FF_B" time="53.931" classname="MC.TestSetF"/>
  <testcase name="TC_10_MC_ME_C" time="41.224" classname="MC.TestSetF"/>
  <testcase name="TC_413_DownAndUPonly_ME" time="80.215" classname="MC.TestSetF"/>
  <testcase name="TC_407_MC_FF_C" time="49.968" classname="MC.TestSetF"/>
  <testcase name="TC_405_MC_FF_A" time="55.474" classname="MC.TestSetF"/>
</testsuite> <!-- MC.TestSetF -->
