<?xml version="1.0" encoding="UTF-8"?>
<!-- Generated by org.testng.reporters.JUnitReportReporter -->
<testsuite skipped="0" hostname="DESKTOP-75OLIUH" name="amazon.TestSetAmazon" tests="2" failures="0" timestamp="13 Nov 2017 22:17:51 GMT" time="796.969" errors="0">
  <testcase name="TC_102" time="687.853" classname="amazon.TestSetAmazon"/>
  <testcase name="SearchOnLandingPage" time="109.116" classname="amazon.TestSetAmazon"/>
</testsuite> <!-- amazon.TestSetAmazon -->
