<?xml version="1.0" encoding="UTF-8"?>
<!-- Generated by org.testng.reporters.JUnitReportReporter -->
<testsuite skipped="0" hostname="DESKTOP-75OLIUH" name="facebook.testSetD" tests="5" failures="0" timestamp="25 Oct 2017 01:15:06 GMT" time="325.297" errors="0">
  <testcase name="LoginAndLogout_MicrosoftEdge" time="22.217" classname="facebook.testSetD"/>
  <testcase name="LoginAndLogout_IE" time="181.806" classname="facebook.testSetD"/>
  <testcase name="LoginAndLogout_4Browses" time="51.540" classname="facebook.testSetD"/>
  <testcase name="LoginAndLogout_Chrome" time="31.720" classname="facebook.testSetD"/>
  <testcase name="LoginAndLogout_Firefox" time="38.014" classname="facebook.testSetD"/>
</testsuite> <!-- facebook.testSetD -->
