<?xml version="1.0" encoding="UTF-8"?>
<!-- Generated by org.testng.reporters.JUnitReportReporter -->
<testsuite skipped="0" hostname="DESKTOP-75OLIUH" name="FirstClassWith2methods" tests="2" failures="0" timestamp="28 Nov 2017 23:48:09 GMT" time="75.538" errors="0">
  <testcase name="test2" time="0.206" classname="FirstClassWith2methods"/>
  <testcase name="UsersAreAbleToSearch" time="75.332" classname="FirstClassWith2methods"/>
</testsuite> <!-- FirstClassWith2methods -->
