<?xml version="1.0" encoding="UTF-8"?>
<!-- Generated by org.testng.reporters.JUnitReportReporter -->
<testsuite skipped="0" hostname="DESKTOP-75OLIUH" name="bing.TestSetBing" tests="6" failures="0" timestamp="07 May 2018 04:48:49 GMT" time="387.024" errors="0">
  <testcase name="TC_104_MicrosoftAppsForWindows" time="55.852" classname="bing.TestSetBing"/>
  <testcase name="TC_102_ViewImages" time="141.637" classname="bing.TestSetBing"/>
  <testcase name="TC_105_MicrosoftAppsForIphone" time="50.441" classname="bing.TestSetBing"/>
  <testcase name="TC_103_ExpectedMessageDisplay" time="23.319" classname="bing.TestSetBing"/>
  <testcase name="TC_101_searchOnBingHomePage" time="72.558" classname="bing.TestSetBing"/>
  <testcase name="TC_106_MicrosoftAppsForAndroid" time="43.217" classname="bing.TestSetBing"/>
</testsuite> <!-- bing.TestSetBing -->
