<?xml version="1.0" encoding="UTF-8"?>
<!-- Generated by org.testng.reporters.JUnitReportReporter -->
<testsuite skipped="0" hostname="DESKTOP-75OLIUH" name="FirstClassWith2methods" tests="2" failures="0" timestamp="01 Dec 2017 01:07:52 GMT" time="60.908" errors="0">
  <testcase name="test2" time="0.256" classname="FirstClassWith2methods"/>
  <testcase name="UsersAreAbleToSearch" time="60.652" classname="FirstClassWith2methods"/>
</testsuite> <!-- FirstClassWith2methods -->
