<?xml version="1.0" encoding="UTF-8"?>
<!-- Generated by org.testng.reporters.JUnitReportReporter -->
<testsuite skipped="0" hostname="DESKTOP-75OLIUH" name="SecondClasssWith2Methods" tests="2" failures="0" timestamp="21 Apr 2018 22:03:30 GMT" time="55.649" errors="0">
  <testcase name="UsersAreAbleToSearch" time="55.346" classname="SecondClasssWith2Methods"/>
  <testcase name="test2" time="0.303" classname="SecondClasssWith2Methods"/>
</testsuite> <!-- SecondClasssWith2Methods -->
