<?xml version="1.0" encoding="UTF-8"?>
<!-- Generated by org.testng.reporters.JUnitReportReporter -->
<testsuite skipped="0" hostname="DESKTOP-75OLIUH" name="MC.TestSetF" tests="13" failures="0" timestamp="20 Feb 2018 20:09:09 GMT" time="689.771" errors="0">
  <testcase name="TC_412_DownAndUPonly_FF" time="72.603" classname="MC.TestSetF"/>
  <testcase name="TC_407_MC_FF_C" time="59.770" classname="MC.TestSetF"/>
  <testcase name="TC_411_DownAndUPonly_CHROME" time="63.297" classname="MC.TestSetF"/>
  <testcase name="TC_413_DownAndUPonly_ME" time="57.638" classname="MC.TestSetF"/>
  <testcase name="TC_405_MC_FF_A" time="59.507" classname="MC.TestSetF"/>
  <testcase name="CalculateMortgatePayment_HardCodedValues" time="56.595" classname="MC.TestSetF"/>
  <testcase name="TC_409_MC_ME_B" time="40.123" classname="MC.TestSetF"/>
  <testcase name="TC_402_MC_GC_A" time="47.291" classname="MC.TestSetF"/>
  <testcase name="TC_403_MC_GC_B" time="47.963" classname="MC.TestSetF"/>
  <testcase name="TC_10_MC_ME_C" time="40.954" classname="MC.TestSetF"/>
  <testcase name="TC_406_MC_FF_B" time="56.058" classname="MC.TestSetF"/>
  <testcase name="TC_408_MC_ME_A" time="41.389" classname="MC.TestSetF"/>
  <testcase name="TC_404_MC_GC_C" time="46.583" classname="MC.TestSetF"/>
</testsuite> <!-- MC.TestSetF -->
