<?xml version="1.0" encoding="UTF-8"?>
<!-- Generated by org.testng.reporters.JUnitReportReporter -->
<testsuite skipped="0" hostname="DESKTOP-75OLIUH" name="FirstClassWith2methods" tests="2" failures="0" timestamp="17 Mar 2018 04:13:57 GMT" time="57.506" errors="0">
  <testcase name="UsersAreAbleToSearch" time="57.099" classname="FirstClassWith2methods"/>
  <testcase name="test2" time="0.407" classname="FirstClassWith2methods"/>
</testsuite> <!-- FirstClassWith2methods -->
