<?xml version="1.0" encoding="UTF-8"?>
<!-- Generated by org.testng.reporters.JUnitReportReporter -->
<testsuite skipped="1" hostname="DESKTOP-75OLIUH" name="bing2.TestSet2_bing" tests="6" failures="0" timestamp="20 Sep 2018 06:34:13 GMT" time="931.970" errors="0">
  <testcase name="TC_SE_ie" time="670.716" classname="bing2.TestSet2_bing"/>
  <testcase name="TC_SE_MicrosoftEdge" time="67.266" classname="bing2.TestSet2_bing"/>
  <testcase name="TC_SE_CHROME" time="82.448" classname="bing2.TestSet2_bing"/>
  <testcase name="TC_SE_Firefox" time="79.893" classname="bing2.TestSet2_bing"/>
  <testcase name="TC_101_TBD" time="31.647" classname="bing2.TestSet2_bing"/>
  <testcase name="TC_SE_Opera" classname="bing2.TestSet2_bing">
    <skipped/>
  </testcase> <!-- TC_SE_Opera -->
</testsuite> <!-- bing2.TestSet2_bing -->
