<?xml version="1.0" encoding="UTF-8"?>
<!-- Generated by org.testng.reporters.JUnitReportReporter -->
<testsuite skipped="0" hostname="DESKTOP-75OLIUH" name="FirstClassWith2methods" tests="2" failures="0" timestamp="23 Jan 2018 03:31:42 GMT" time="59.814" errors="0">
  <testcase name="test2" time="0.460" classname="FirstClassWith2methods"/>
  <testcase name="UsersAreAbleToSearch" time="59.354" classname="FirstClassWith2methods"/>
</testsuite> <!-- FirstClassWith2methods -->
