<?xml version="1.0" encoding="UTF-8"?>
<!-- Generated by org.testng.reporters.JUnitReportReporter -->
<testsuite skipped="0" hostname="DESKTOP-75OLIUH" name="MC.TestSetF" tests="13" failures="0" timestamp="31 Jan 2018 01:25:30 GMT" time="665.179" errors="0">
  <testcase name="TC_406_MC_FF_B" time="51.263" classname="MC.TestSetF"/>
  <testcase name="TC_413_DownAndUPonly_ME" time="57.262" classname="MC.TestSetF"/>
  <testcase name="TC_408_MC_ME_A" time="40.179" classname="MC.TestSetF"/>
  <testcase name="TC_407_MC_FF_C" time="53.098" classname="MC.TestSetF"/>
  <testcase name="TC_404_MC_GC_C" time="47.494" classname="MC.TestSetF"/>
  <testcase name="TC_10_MC_ME_C" time="41.118" classname="MC.TestSetF"/>
  <testcase name="TC_402_MC_GC_A" time="47.561" classname="MC.TestSetF"/>
  <testcase name="CalculateMortgatePayment_HardCodedValues" time="54.422" classname="MC.TestSetF"/>
  <testcase name="TC_409_MC_ME_B" time="41.043" classname="MC.TestSetF"/>
  <testcase name="TC_405_MC_FF_A" time="53.583" classname="MC.TestSetF"/>
  <testcase name="TC_411_DownAndUPonly_CHROME" time="64.195" classname="MC.TestSetF"/>
  <testcase name="TC_403_MC_GC_B" time="48.798" classname="MC.TestSetF"/>
  <testcase name="TC_412_DownAndUPonly_FF" time="65.163" classname="MC.TestSetF"/>
</testsuite> <!-- MC.TestSetF -->
