<?xml version="1.0" encoding="UTF-8"?>
<!-- Generated by org.testng.reporters.JUnitReportReporter -->
<testsuite skipped="0" hostname="DESKTOP-75OLIUH" name="ApplyFirst" tests="1" failures="0" timestamp="20 Aug 2018 04:24:23 GMT" time="0.020" errors="0">
  <testcase name="doThisBeforeAllTestsExecution" time="0.020" classname="ApplyFirst"/>
</testsuite> <!-- ApplyFirst -->
