<?xml version="1.0" encoding="UTF-8"?>
<!-- Generated by org.testng.reporters.JUnitReportReporter -->
<testsuite skipped="0" hostname="DESKTOP-75OLIUH" name="FromYouFlowers.FYF" tests="4" failures="0" timestamp="27 Aug 2018 09:29:20 GMT" time="209.834" errors="0">
  <testcase name="TC_03_SearchByColor" time="105.637" classname="FromYouFlowers.FYF"/>
  <testcase name="TC_02_HighlightAllInputs" time="37.930" classname="FromYouFlowers.FYF"/>
  <testcase name="TC_04_PrintPropertyValueInTheConsole" time="17.325" classname="FromYouFlowers.FYF"/>
  <testcase name="TC_101_MouseOver" time="48.942" classname="FromYouFlowers.FYF"/>
</testsuite> <!-- FromYouFlowers.FYF -->
