<?xml version="1.0" encoding="UTF-8"?>
<!-- Generated by org.testng.reporters.JUnitReportReporter -->
<testsuite skipped="0" hostname="DESKTOP-75OLIUH" name="ApplyFirst" tests="1" failures="0" timestamp="27 Feb 2018 05:07:52 GMT" time="0.115" errors="0">
  <testcase name="doThisBeforeAllTestsExecution" time="0.115" classname="ApplyFirst"/>
</testsuite> <!-- ApplyFirst -->
