<?xml version="1.0" encoding="UTF-8"?>
<!-- Generated by org.testng.reporters.JUnitReportReporter -->
<testsuite skipped="0" hostname="DESKTOP-75OLIUH" name="FromYouFlowers.FYF" tests="4" failures="0" timestamp="30 Jul 2018 07:16:15 GMT" time="182.152" errors="0">
  <testcase name="TC_04_PrintPropertyValueInTheConsole" time="14.921" classname="FromYouFlowers.FYF"/>
  <testcase name="TC_03_SearchByColor" time="102.651" classname="FromYouFlowers.FYF"/>
  <testcase name="TC_02_HighlightAllInputs" time="34.347" classname="FromYouFlowers.FYF"/>
  <testcase name="TC_101_MouseOver" time="30.233" classname="FromYouFlowers.FYF"/>
</testsuite> <!-- FromYouFlowers.FYF -->
