<?xml version="1.0" encoding="UTF-8"?>
<!-- Generated by org.testng.reporters.JUnitReportReporter -->
<testsuite skipped="0" hostname="DESKTOP-75OLIUH" name="SecondClasssWith2Methods" tests="2" failures="0" timestamp="13 Jul 2018 06:59:09 GMT" time="65.738" errors="0">
  <testcase name="test2" time="0.359" classname="SecondClasssWith2Methods"/>
  <testcase name="UsersAreAbleToSearch" time="65.379" classname="SecondClasssWith2Methods"/>
</testsuite> <!-- SecondClasssWith2Methods -->
