<?xml version="1.0" encoding="UTF-8"?>
<!-- Generated by org.testng.reporters.JUnitReportReporter -->
<testsuite skipped="0" hostname="DESKTOP-75OLIUH" name="FirstClassWith2methods" tests="2" failures="0" timestamp="18 Oct 2017 23:24:00 GMT" time="84.376" errors="0">
  <testcase name="test2" time="0.615" classname="FirstClassWith2methods"/>
  <testcase name="UsersAreAbleToSearch" time="83.761" classname="FirstClassWith2methods"/>
</testsuite> <!-- FirstClassWith2methods -->
