<?xml version="1.0" encoding="UTF-8"?>
<!-- Generated by org.testng.reporters.JUnitReportReporter -->
<testsuite skipped="0" hostname="DESKTOP-75OLIUH" name="SecondClasssWith2Methods" tests="2" failures="0" timestamp="13 May 2018 15:55:23 GMT" time="77.815" errors="0">
  <testcase name="UsersAreAbleToSearch" time="77.524" classname="SecondClasssWith2Methods"/>
  <testcase name="test2" time="0.291" classname="SecondClasssWith2Methods"/>
</testsuite> <!-- SecondClasssWith2Methods -->
