<?xml version="1.0" encoding="UTF-8"?>
<!-- Generated by org.testng.reporters.JUnitReportReporter -->
<testsuite skipped="0" hostname="DESKTOP-75OLIUH" name="SecondClasssWith2Methods" tests="2" failures="0" timestamp="18 May 2018 21:59:42 GMT" time="55.576" errors="0">
  <testcase name="UsersAreAbleToSearch" time="55.214" classname="SecondClasssWith2Methods"/>
  <testcase name="test2" time="0.362" classname="SecondClasssWith2Methods"/>
</testsuite> <!-- SecondClasssWith2Methods -->
