<?xml version="1.0" encoding="UTF-8"?>
<!-- Generated by org.testng.reporters.JUnitReportReporter -->
<testsuite skipped="0" hostname="DESKTOP-75OLIUH" name="MC.TestSetF" tests="13" failures="0" timestamp="03 Mar 2018 07:16:30 GMT" time="681.822" errors="0">
  <testcase name="TC_404_MC_GC_C" time="47.395" classname="MC.TestSetF"/>
  <testcase name="TC_405_MC_FF_A" time="54.716" classname="MC.TestSetF"/>
  <testcase name="CalculateMortgatePayment_HardCodedValues" time="55.009" classname="MC.TestSetF"/>
  <testcase name="TC_408_MC_ME_A" time="41.720" classname="MC.TestSetF"/>
  <testcase name="TC_10_MC_ME_C" time="41.965" classname="MC.TestSetF"/>
  <testcase name="TC_407_MC_FF_C" time="55.630" classname="MC.TestSetF"/>
  <testcase name="TC_402_MC_GC_A" time="47.610" classname="MC.TestSetF"/>
  <testcase name="TC_403_MC_GC_B" time="47.984" classname="MC.TestSetF"/>
  <testcase name="TC_413_DownAndUPonly_ME" time="58.385" classname="MC.TestSetF"/>
  <testcase name="TC_409_MC_ME_B" time="41.875" classname="MC.TestSetF"/>
  <testcase name="TC_406_MC_FF_B" time="55.650" classname="MC.TestSetF"/>
  <testcase name="TC_411_DownAndUPonly_CHROME" time="63.073" classname="MC.TestSetF"/>
  <testcase name="TC_412_DownAndUPonly_FF" time="70.810" classname="MC.TestSetF"/>
</testsuite> <!-- MC.TestSetF -->
