<?xml version="1.0" encoding="UTF-8"?>
<!-- Generated by org.testng.reporters.JUnitReportReporter -->
<testsuite skipped="0" hostname="DESKTOP-75OLIUH" name="Priotization" tests="7" failures="0" timestamp="28 Sep 2017 19:40:28 GMT" time="0.037" errors="0">
  <testcase name="A" time="0.016" classname="Priotization"/>
  <testcase name="F" time="0.004" classname="Priotization"/>
  <testcase name="D" time="0.006" classname="Priotization"/>
  <testcase name="E" time="0.005" classname="Priotization"/>
  <testcase name="B" time="0.003" classname="Priotization"/>
  <testcase name="C" time="0.001" classname="Priotization"/>
  <testcase name="G" time="0.002" classname="Priotization"/>
</testsuite> <!-- Priotization -->
