<?xml version="1.0" encoding="UTF-8"?>
<!-- Generated by org.testng.reporters.JUnitReportReporter -->
<testsuite skipped="0" hostname="DESKTOP-75OLIUH" name="MC.TestSetF" tests="13" failures="0" timestamp="05 Mar 2018 16:22:39 GMT" time="695.726" errors="0">
  <testcase name="TC_404_MC_GC_C" time="48.977" classname="MC.TestSetF"/>
  <testcase name="CalculateMortgatePayment_HardCodedValues" time="55.452" classname="MC.TestSetF"/>
  <testcase name="TC_402_MC_GC_A" time="48.161" classname="MC.TestSetF"/>
  <testcase name="TC_403_MC_GC_B" time="49.077" classname="MC.TestSetF"/>
  <testcase name="TC_406_MC_FF_B" time="57.255" classname="MC.TestSetF"/>
  <testcase name="TC_407_MC_FF_C" time="58.629" classname="MC.TestSetF"/>
  <testcase name="TC_405_MC_FF_A" time="60.895" classname="MC.TestSetF"/>
  <testcase name="TC_408_MC_ME_A" time="42.047" classname="MC.TestSetF"/>
  <testcase name="TC_409_MC_ME_B" time="40.930" classname="MC.TestSetF"/>
  <testcase name="TC_413_DownAndUPonly_ME" time="58.067" classname="MC.TestSetF"/>
  <testcase name="TC_411_DownAndUPonly_CHROME" time="62.054" classname="MC.TestSetF"/>
  <testcase name="TC_412_DownAndUPonly_FF" time="72.560" classname="MC.TestSetF"/>
  <testcase name="TC_10_MC_ME_C" time="41.622" classname="MC.TestSetF"/>
</testsuite> <!-- MC.TestSetF -->
