<?xml version="1.0" encoding="UTF-8"?>
<!-- Generated by org.testng.reporters.JUnitReportReporter -->
<testsuite skipped="1" hostname="DESKTOP-75OLIUH" name="bing2.TestSet2_bing" tests="6" failures="0" timestamp="10 Sep 2018 03:53:50 GMT" time="884.042" errors="0">
  <testcase name="TC_SE_MicrosoftEdge" time="59.349" classname="bing2.TestSet2_bing"/>
  <testcase name="TC_SE_CHROME" time="72.641" classname="bing2.TestSet2_bing"/>
  <testcase name="TC_SE_Firefox" time="69.701" classname="bing2.TestSet2_bing"/>
  <testcase name="TC_101_TBD" time="21.125" classname="bing2.TestSet2_bing"/>
  <testcase name="TC_SE_ie" time="661.226" classname="bing2.TestSet2_bing"/>
  <testcase name="TC_SE_Opera" classname="bing2.TestSet2_bing">
    <skipped/>
  </testcase> <!-- TC_SE_Opera -->
</testsuite> <!-- bing2.TestSet2_bing -->
