<?xml version="1.0" encoding="UTF-8"?>
<!-- Generated by org.testng.reporters.JUnitReportReporter -->
<testsuite skipped="0" hostname="DESKTOP-75OLIUH" name="cat.TestSet_Cat" tests="6" failures="0" timestamp="17 Jul 2018 19:32:56 GMT" time="536.997" errors="0">
  <testcase name="TC_803_Pink" time="32.866" classname="cat.TestSet_Cat"/>
  <testcase name="TC_802_Red" time="30.142" classname="cat.TestSet_Cat"/>
  <testcase name="TC_804_Yellow" time="31.542" classname="cat.TestSet_Cat"/>
  <testcase name="TC_801_Green" time="28.790" classname="cat.TestSet_Cat"/>
  <testcase name="TC_805_TBD" time="384.665" classname="cat.TestSet_Cat"/>
  <testcase name="TC_806_TBD" time="28.992" classname="cat.TestSet_Cat"/>
</testsuite> <!-- cat.TestSet_Cat -->
