<?xml version="1.0" encoding="UTF-8"?>
<!-- Generated by org.testng.reporters.JUnitReportReporter -->
<testsuite skipped="0" hostname="DESKTOP-75OLIUH" name="FromYouFlowers.FYF" tests="4" failures="0" timestamp="26 Jul 2018 21:29:17 GMT" time="189.482" errors="0">
  <testcase name="TC_03_SearchByColor" time="105.842" classname="FromYouFlowers.FYF"/>
  <testcase name="TC_04_PrintPropertyValueInTheConsole" time="15.212" classname="FromYouFlowers.FYF"/>
  <testcase name="TC_02_HighlightAllInputs" time="36.040" classname="FromYouFlowers.FYF"/>
  <testcase name="TC_101_MouseOver" time="32.388" classname="FromYouFlowers.FYF"/>
</testsuite> <!-- FromYouFlowers.FYF -->
