<?xml version="1.0" encoding="UTF-8"?>
<!-- Generated by org.testng.reporters.JUnitReportReporter -->
<testsuite skipped="0" hostname="DESKTOP-75OLIUH" name="SecondClasssWith2Methods" tests="2" failures="0" timestamp="21 Dec 2017 03:16:46 GMT" time="58.262" errors="0">
  <testcase name="test2" time="0.310" classname="SecondClasssWith2Methods"/>
  <testcase name="UsersAreAbleToSearch" time="57.952" classname="SecondClasssWith2Methods"/>
</testsuite> <!-- SecondClasssWith2Methods -->
