<?xml version="1.0" encoding="UTF-8"?>
<!-- Generated by org.testng.reporters.JUnitReportReporter -->
<testsuite skipped="0" hostname="DESKTOP-75OLIUH" name="amazon.TestSetAmazon" tests="5" failures="0" timestamp="15 Nov 2017 01:46:29 GMT" time="1055.637" errors="0">
  <testcase name="SearchOnLandingPage" time="110.682" classname="amazon.TestSetAmazon"/>
  <testcase name="TestCase_104" time="67.393" classname="amazon.TestSetAmazon"/>
  <testcase name="TC_102" time="713.747" classname="amazon.TestSetAmazon"/>
  <testcase name="TestCase_103" time="56.264" classname="amazon.TestSetAmazon"/>
  <testcase name="TestCase_105" time="107.551" classname="amazon.TestSetAmazon"/>
</testsuite> <!-- amazon.TestSetAmazon -->
