<?xml version="1.0" encoding="UTF-8"?>
<!-- Generated by org.testng.reporters.JUnitReportReporter -->
<testsuite skipped="0" hostname="DESKTOP-75OLIUH" name="AOL_ObjectRepositoryAndFunctionLibrary.AOL_LogOutVerificationPage" tests="1" failures="0" timestamp="05 Apr 2018 00:34:59 GMT" time="101.329" errors="0">
  <testcase name="TemporaryMethod_LogOutVerification" time="101.329" classname="AOL_ObjectRepositoryAndFunctionLibrary.AOL_LogOutVerificationPage"/>
</testsuite> <!-- AOL_ObjectRepositoryAndFunctionLibrary.AOL_LogOutVerificationPage -->
