<?xml version="1.0" encoding="UTF-8"?>
<!-- Generated by org.testng.reporters.JUnitReportReporter -->
<testsuite skipped="0" hostname="DESKTOP-75OLIUH" name="FromYouFlowers.FYF" tests="4" failures="0" timestamp="24 Sep 2018 06:28:06 GMT" time="205.616" errors="0">
  <testcase name="TC_03_SearchByColor" time="111.149" classname="FromYouFlowers.FYF"/>
  <testcase name="TC_04_PrintPropertyValueInTheConsole" time="18.068" classname="FromYouFlowers.FYF"/>
  <testcase name="TC_02_HighlightAllInputs" time="40.169" classname="FromYouFlowers.FYF"/>
  <testcase name="TC_101_MouseOver" time="36.230" classname="FromYouFlowers.FYF"/>
</testsuite> <!-- FromYouFlowers.FYF -->
