<?xml version="1.0" encoding="UTF-8"?>
<!-- Generated by org.testng.reporters.JUnitReportReporter -->
<testsuite skipped="0" hostname="DESKTOP-75OLIUH" name="automationPractive.TestSetG" tests="1" failures="0" timestamp="27 Aug 2018 09:29:20 GMT" time="23.955" errors="0">
  <testcase name="test_701_display_WebTableCellValues" time="23.955" classname="automationPractive.TestSetG"/>
</testsuite> <!-- automationPractive.TestSetG -->
