<?xml version="1.0" encoding="UTF-8"?>
<!-- Generated by org.testng.reporters.JUnitReportReporter -->
<testsuite skipped="0" hostname="DESKTOP-75OLIUH" name="FirstClassWith2methods" tests="2" failures="0" timestamp="16 Feb 2018 03:19:01 GMT" time="72.389" errors="0">
  <testcase name="test2" time="0.815" classname="FirstClassWith2methods"/>
  <testcase name="UsersAreAbleToSearch" time="71.574" classname="FirstClassWith2methods"/>
</testsuite> <!-- FirstClassWith2methods -->
