<?xml version="1.0" encoding="UTF-8"?>
<!-- Generated by org.testng.reporters.JUnitReportReporter -->
<testsuite skipped="0" hostname="DESKTOP-75OLIUH" name="FirstClassWith2methods" tests="2" failures="0" timestamp="22 Nov 2017 02:56:31 GMT" time="60.330" errors="0">
  <testcase name="UsersAreAbleToSearch" time="59.878" classname="FirstClassWith2methods"/>
  <testcase name="test2" time="0.452" classname="FirstClassWith2methods"/>
</testsuite> <!-- FirstClassWith2methods -->
