<?xml version="1.0" encoding="UTF-8"?>
<!-- Generated by org.testng.reporters.JUnitReportReporter -->
<testsuite skipped="0" hostname="DESKTOP-75OLIUH" name="MC.TestSetF" tests="13" failures="0" timestamp="11 Dec 2017 03:26:58 GMT" time="669.474" errors="0">
  <testcase name="TC_406_MC_FF_B" time="50.683" classname="MC.TestSetF"/>
  <testcase name="TC_412_DownAndUPonly_FF" time="63.678" classname="MC.TestSetF"/>
  <testcase name="TC_407_MC_FF_C" time="49.723" classname="MC.TestSetF"/>
  <testcase name="TC_405_MC_FF_A" time="53.095" classname="MC.TestSetF"/>
  <testcase name="TC_413_DownAndUPonly_ME" time="58.517" classname="MC.TestSetF"/>
  <testcase name="TC_408_MC_ME_A" time="40.572" classname="MC.TestSetF"/>
  <testcase name="TC_10_MC_ME_C" time="47.996" classname="MC.TestSetF"/>
  <testcase name="TC_402_MC_GC_A" time="54.230" classname="MC.TestSetF"/>
  <testcase name="CalculateMortgatePayment_HardCodedValues" time="54.761" classname="MC.TestSetF"/>
  <testcase name="TC_411_DownAndUPonly_CHROME" time="61.130" classname="MC.TestSetF"/>
  <testcase name="TC_404_MC_GC_C" time="47.483" classname="MC.TestSetF"/>
  <testcase name="TC_409_MC_ME_B" time="41.229" classname="MC.TestSetF"/>
  <testcase name="TC_403_MC_GC_B" time="46.377" classname="MC.TestSetF"/>
</testsuite> <!-- MC.TestSetF -->
