<?xml version="1.0" encoding="UTF-8"?>
<!-- Generated by org.testng.reporters.JUnitReportReporter -->
<testsuite skipped="0" hostname="DESKTOP-75OLIUH" name="FromYouFlowers.FYF" tests="4" failures="0" timestamp="27 Sep 2018 05:19:41 GMT" time="196.231" errors="0">
  <testcase name="TC_04_PrintPropertyValueInTheConsole" time="17.109" classname="FromYouFlowers.FYF"/>
  <testcase name="TC_02_HighlightAllInputs" time="39.406" classname="FromYouFlowers.FYF"/>
  <testcase name="TC_03_SearchByColor" time="105.420" classname="FromYouFlowers.FYF"/>
  <testcase name="TC_101_MouseOver" time="34.296" classname="FromYouFlowers.FYF"/>
</testsuite> <!-- FromYouFlowers.FYF -->
