<?xml version="1.0" encoding="UTF-8"?>
<!-- Generated by org.testng.reporters.JUnitReportReporter -->
<testsuite skipped="0" hostname="DESKTOP-75OLIUH" name="automationPractive.TestSetG" tests="1" failures="0" timestamp="15 Apr 2018 04:12:04 GMT" time="197.900" errors="0">
  <testcase name="test_701_display_WebTableCellValues" time="197.900" classname="automationPractive.TestSetG"/>
</testsuite> <!-- automationPractive.TestSetG -->
