<?xml version="1.0" encoding="UTF-8"?>
<!-- Generated by org.testng.reporters.JUnitReportReporter -->
<testsuite skipped="0" hostname="DESKTOP-75OLIUH" name="FromYouFlowers.FYF" tests="4" failures="0" timestamp="05 Sep 2018 06:11:50 GMT" time="408.490" errors="0">
  <testcase name="TC_02_HighlightAllInputs" time="37.695" classname="FromYouFlowers.FYF"/>
  <testcase name="TC_03_SearchByColor" time="111.170" classname="FromYouFlowers.FYF"/>
  <testcase name="TC_04_PrintPropertyValueInTheConsole" time="17.025" classname="FromYouFlowers.FYF"/>
  <testcase name="TC_101_MouseOver" time="242.600" classname="FromYouFlowers.FYF"/>
</testsuite> <!-- FromYouFlowers.FYF -->
