<?xml version="1.0" encoding="UTF-8"?>
<!-- Generated by org.testng.reporters.JUnitReportReporter -->
<testsuite skipped="2" hostname="DESKTOP-75OLIUH" name="MarriottAll.MarriottAllTestSet" tests="7" failures="0" timestamp="27 Sep 2018 05:19:42 GMT" time="156.474" errors="0">
  <testcase name="TC_102_ParametarizationViaDataProvider" time="61.846" classname="MarriottAll.MarriottAllTestSet"/>
  <testcase name="TC_102_ParametarizationViaDataProvider" time="13.328" classname="MarriottAll.MarriottAllTestSet"/>
  <testcase name="TC_102_ParametarizationViaDataProvider" time="38.720" classname="MarriottAll.MarriottAllTestSet"/>
  <testcase name="TC_102_ParametarizationViaDataProvider" time="17.947" classname="MarriottAll.MarriottAllTestSet"/>
  <testcase name="TC_102_ParametarizationViaDataProvider" time="24.633" classname="MarriottAll.MarriottAllTestSet"/>
  <testcase name="TC_101_SelectByKeybordInput" classname="MarriottAll.MarriottAllTestSet">
    <skipped/>
  </testcase> <!-- TC_101_SelectByKeybordInput -->
  <testcase name="TC_102_TBD" classname="MarriottAll.MarriottAllTestSet">
    <skipped/>
  </testcase> <!-- TC_102_TBD -->
</testsuite> <!-- MarriottAll.MarriottAllTestSet -->
