<?xml version="1.0" encoding="UTF-8"?>
<!-- Generated by org.testng.reporters.JUnitReportReporter -->
<testsuite skipped="11" hostname="DESKTOP-75OLIUH" name="FTD.TestSetK" tests="12" failures="0" timestamp="02 Apr 2018 02:28:23 GMT" time="91.047" errors="0">
  <testcase name="Tc_110_SNI_UsingFindBy" time="91.047" classname="FTD.TestSetK"/>
  <testcase name="TC_111_AnalystCoverage" classname="FTD.TestSetK">
    <skipped/>
  </testcase> <!-- TC_111_AnalystCoverage -->
  <testcase name="SelectA_Rose_MicorsoftEdge" classname="FTD.TestSetK">
    <skipped/>
  </testcase> <!-- SelectA_Rose_MicorsoftEdge -->
  <testcase name="SearchAbility" classname="FTD.TestSetK">
    <skipped/>
  </testcase> <!-- SearchAbility -->
  <testcase name="SelectA_Rose_FireFox" classname="FTD.TestSetK">
    <skipped/>
  </testcase> <!-- SelectA_Rose_FireFox -->
  <testcase name="SearchAbility_FlowerType" classname="FTD.TestSetK">
    <skipped/>
  </testcase> <!-- SearchAbility_FlowerType -->
  <testcase name="SelectA_Rose_GoogleChrome" classname="FTD.TestSetK">
    <skipped/>
  </testcase> <!-- SelectA_Rose_GoogleChrome -->
  <testcase name="SelectA_Rose_InternetExplorer" classname="FTD.TestSetK">
    <skipped/>
  </testcase> <!-- SelectA_Rose_InternetExplorer -->
  <testcase name="Tc_110_SNI" classname="FTD.TestSetK">
    <skipped/>
  </testcase> <!-- Tc_110_SNI -->
  <testcase name="SearchAbility_Keyword" classname="FTD.TestSetK">
    <skipped/>
  </testcase> <!-- SearchAbility_Keyword -->
  <testcase name="TC_107_All8selectors_EMWRLA" classname="FTD.TestSetK">
    <skipped/>
  </testcase> <!-- TC_107_All8selectors_EMWRLA -->
  <testcase name="MousOverAllLinks" classname="FTD.TestSetK">
    <skipped/>
  </testcase> <!-- MousOverAllLinks -->
</testsuite> <!-- FTD.TestSetK -->
