<?xml version="1.0" encoding="UTF-8"?>
<!-- Generated by org.testng.reporters.JUnitReportReporter -->
<testsuite skipped="0" hostname="DESKTOP-75OLIUH" name="experiment.ImranExperiment" tests="1" failures="0" timestamp="02 Apr 2018 22:01:07 GMT" time="20.611" errors="0">
  <testcase name="te" time="20.611" classname="experiment.ImranExperiment"/>
</testsuite> <!-- experiment.ImranExperiment -->
