<?xml version="1.0" encoding="UTF-8"?>
<!-- Generated by org.testng.reporters.JUnitReportReporter -->
<testsuite skipped="0" hostname="DESKTOP-75OLIUH" name="FirstClassWith2methods" tests="2" failures="0" timestamp="07 Dec 2017 04:34:38 GMT" time="60.840" errors="0">
  <testcase name="UsersAreAbleToSearch" time="60.434" classname="FirstClassWith2methods"/>
  <testcase name="test2" time="0.406" classname="FirstClassWith2methods"/>
</testsuite> <!-- FirstClassWith2methods -->
