<?xml version="1.0" encoding="UTF-8"?>
<!-- Generated by org.testng.reporters.JUnitReportReporter -->
<testsuite skipped="0" hostname="DESKTOP-75OLIUH" name="FromYouFlowers.FYF" tests="4" failures="0" timestamp="28 Jul 2018 21:19:46 GMT" time="183.159" errors="0">
  <testcase name="TC_04_PrintPropertyValueInTheConsole" time="14.965" classname="FromYouFlowers.FYF"/>
  <testcase name="TC_03_SearchByColor" time="102.435" classname="FromYouFlowers.FYF"/>
  <testcase name="TC_02_HighlightAllInputs" time="35.630" classname="FromYouFlowers.FYF"/>
  <testcase name="TC_101_MouseOver" time="30.129" classname="FromYouFlowers.FYF"/>
</testsuite> <!-- FromYouFlowers.FYF -->
