<?xml version="1.0" encoding="UTF-8"?>
<!-- Generated by org.testng.reporters.JUnitReportReporter -->
<testsuite skipped="1" hostname="DESKTOP-75OLIUH" name="groupon.TestSet_E" tests="2" failures="0" timestamp="18 Oct 2017 22:27:43 GMT" time="39.001" errors="0">
  <testcase name="TC_402_LinkCount" time="39.001" classname="groupon.TestSet_E"/>
  <testcase name="TC_801_testOne" classname="groupon.TestSet_E">
    <skipped/>
  </testcase> <!-- TC_801_testOne -->
</testsuite> <!-- groupon.TestSet_E -->
