<?xml version="1.0" encoding="UTF-8"?>
<!-- Generated by org.testng.reporters.JUnitReportReporter -->
<testsuite skipped="1" hostname="DESKTOP-75OLIUH" name="bing2.TestSet2_bing" tests="6" failures="0" timestamp="27 Aug 2018 09:29:20 GMT" time="892.240" errors="0">
  <testcase name="TC_SE_Firefox" time="69.830" classname="bing2.TestSet2_bing"/>
  <testcase name="TC_SE_MicrosoftEdge" time="59.786" classname="bing2.TestSet2_bing"/>
  <testcase name="TC_SE_ie" time="667.094" classname="bing2.TestSet2_bing"/>
  <testcase name="TC_SE_CHROME" time="74.206" classname="bing2.TestSet2_bing"/>
  <testcase name="TC_101_TBD" time="21.324" classname="bing2.TestSet2_bing"/>
  <testcase name="TC_SE_Opera" classname="bing2.TestSet2_bing">
    <skipped/>
  </testcase> <!-- TC_SE_Opera -->
</testsuite> <!-- bing2.TestSet2_bing -->
