<?xml version="1.0" encoding="UTF-8"?>
<!-- Generated by org.testng.reporters.JUnitReportReporter -->
<testsuite skipped="0" hostname="DESKTOP-75OLIUH" name="MC.TestSetF" tests="13" failures="0" timestamp="01 Feb 2018 03:02:37 GMT" time="732.472" errors="0">
  <testcase name="TC_405_MC_FF_A" time="91.167" classname="MC.TestSetF"/>
  <testcase name="TC_413_DownAndUPonly_ME" time="57.639" classname="MC.TestSetF"/>
  <testcase name="TC_412_DownAndUPonly_FF" time="72.650" classname="MC.TestSetF"/>
  <testcase name="TC_403_MC_GC_B" time="48.561" classname="MC.TestSetF"/>
  <testcase name="TC_404_MC_GC_C" time="48.565" classname="MC.TestSetF"/>
  <testcase name="TC_409_MC_ME_B" time="42.999" classname="MC.TestSetF"/>
  <testcase name="TC_10_MC_ME_C" time="43.259" classname="MC.TestSetF"/>
  <testcase name="TC_407_MC_FF_C" time="59.588" classname="MC.TestSetF"/>
  <testcase name="TC_406_MC_FF_B" time="58.430" classname="MC.TestSetF"/>
  <testcase name="TC_411_DownAndUPonly_CHROME" time="63.518" classname="MC.TestSetF"/>
  <testcase name="TC_408_MC_ME_A" time="41.271" classname="MC.TestSetF"/>
  <testcase name="CalculateMortgatePayment_HardCodedValues" time="56.423" classname="MC.TestSetF"/>
  <testcase name="TC_402_MC_GC_A" time="48.402" classname="MC.TestSetF"/>
</testsuite> <!-- MC.TestSetF -->
