<?xml version="1.0" encoding="UTF-8"?>
<!-- Generated by org.testng.reporters.JUnitReportReporter -->
<testsuite skipped="0" hostname="DESKTOP-75OLIUH" name="automationPractive.TestSetG" tests="1" failures="0" timestamp="16 Feb 2018 03:19:01 GMT" time="35.690" errors="0">
  <testcase name="test_701_display_WebTableCellValues" time="35.690" classname="automationPractive.TestSetG"/>
</testsuite> <!-- automationPractive.TestSetG -->
