<?xml version="1.0" encoding="UTF-8"?>
<!-- Generated by org.testng.reporters.JUnitReportReporter -->
<testsuite skipped="0" hostname="DESKTOP-75OLIUH" name="FirstClassWith2methods" tests="2" failures="0" timestamp="05 Mar 2018 16:22:40 GMT" time="75.110" errors="0">
  <testcase name="UsersAreAbleToSearch" time="74.332" classname="FirstClassWith2methods"/>
  <testcase name="test2" time="0.778" classname="FirstClassWith2methods"/>
</testsuite> <!-- FirstClassWith2methods -->
