<?xml version="1.0" encoding="UTF-8"?>
<!-- Generated by org.testng.reporters.JUnitReportReporter -->
<testsuite skipped="1" hostname="DESKTOP-75OLIUH" name="hsbc.TestSetC" tests="4" failures="0" timestamp="18 Oct 2017 16:39:46 GMT" time="452.681" errors="0">
  <testcase name="scrollUpAndDown" time="79.188" classname="hsbc.TestSetC"/>
  <testcase name="displayMousOverDropdownList" time="26.433" classname="hsbc.TestSetC"/>
  <testcase name="CountryListOnOnlineBanking" time="347.060" classname="hsbc.TestSetC"/>
  <testcase name="CountryListOnOnlineBanking3Browsers" classname="hsbc.TestSetC">
    <skipped/>
  </testcase> <!-- CountryListOnOnlineBanking3Browsers -->
</testsuite> <!-- hsbc.TestSetC -->
