<?xml version="1.0" encoding="UTF-8"?>
<!-- Generated by org.testng.reporters.JUnitReportReporter -->
<testsuite skipped="0" hostname="DESKTOP-75OLIUH" name="SecondClasssWith2Methods" tests="2" failures="0" timestamp="28 Sep 2017 19:26:57 GMT" time="53.291" errors="0">
  <testcase name="test2" time="0.404" classname="SecondClasssWith2Methods"/>
  <testcase name="UsersAreAbleToSearch" time="52.887" classname="SecondClasssWith2Methods"/>
</testsuite> <!-- SecondClasssWith2Methods -->
