<?xml version="1.0" encoding="UTF-8"?>
<!-- Generated by org.testng.reporters.JUnitReportReporter -->
<testsuite skipped="0" hostname="DESKTOP-75OLIUH" name="FirstClassWith2methods" tests="2" failures="0" timestamp="25 Feb 2018 03:25:31 GMT" time="77.509" errors="0">
  <testcase name="test2" time="0.823" classname="FirstClassWith2methods"/>
  <testcase name="UsersAreAbleToSearch" time="76.686" classname="FirstClassWith2methods"/>
</testsuite> <!-- FirstClassWith2methods -->
