<?xml version="1.0" encoding="UTF-8"?>
<!-- Generated by org.testng.reporters.JUnitReportReporter -->
<testsuite skipped="0" hostname="DESKTOP-75OLIUH" name="FromYouFlowers.FYF" tests="4" failures="0" timestamp="22 Jun 2018 05:22:43 GMT" time="203.786" errors="0">
  <testcase name="TC_02_HighlightAllInputs" time="35.628" classname="FromYouFlowers.FYF"/>
  <testcase name="TC_03_SearchByColor" time="104.451" classname="FromYouFlowers.FYF"/>
  <testcase name="TC_04_PrintPropertyValueInTheConsole" time="15.623" classname="FromYouFlowers.FYF"/>
  <testcase name="TC_101_MouseOver" time="48.084" classname="FromYouFlowers.FYF"/>
</testsuite> <!-- FromYouFlowers.FYF -->
