<?xml version="1.0" encoding="UTF-8"?>
<!-- Generated by org.testng.reporters.JUnitReportReporter -->
<testsuite skipped="0" hostname="DESKTOP-75OLIUH" name="FirstClassWith2methods" tests="2" failures="0" timestamp="25 Oct 2017 00:27:33 GMT" time="78.556" errors="0">
  <testcase name="test2" time="0.505" classname="FirstClassWith2methods"/>
  <testcase name="UsersAreAbleToSearch" time="78.051" classname="FirstClassWith2methods"/>
</testsuite> <!-- FirstClassWith2methods -->
