<?xml version="1.0" encoding="UTF-8"?>
<!-- Generated by org.testng.reporters.JUnitReportReporter -->
<testsuite skipped="0" hostname="DESKTOP-75OLIUH" name="MC.TestSetF" tests="13" failures="0" timestamp="06 Feb 2018 03:01:33 GMT" time="723.540" errors="0">
  <testcase name="TC_411_DownAndUPonly_CHROME" time="66.125" classname="MC.TestSetF"/>
  <testcase name="TC_405_MC_FF_A" time="60.745" classname="MC.TestSetF"/>
  <testcase name="TC_407_MC_FF_C" time="56.007" classname="MC.TestSetF"/>
  <testcase name="TC_413_DownAndUPonly_ME" time="60.494" classname="MC.TestSetF"/>
  <testcase name="TC_404_MC_GC_C" time="74.933" classname="MC.TestSetF"/>
  <testcase name="CalculateMortgatePayment_HardCodedValues" time="54.665" classname="MC.TestSetF"/>
  <testcase name="TC_10_MC_ME_C" time="42.406" classname="MC.TestSetF"/>
  <testcase name="TC_406_MC_FF_B" time="53.082" classname="MC.TestSetF"/>
  <testcase name="TC_412_DownAndUPonly_FF" time="69.095" classname="MC.TestSetF"/>
  <testcase name="TC_408_MC_ME_A" time="40.460" classname="MC.TestSetF"/>
  <testcase name="TC_409_MC_ME_B" time="42.274" classname="MC.TestSetF"/>
  <testcase name="TC_403_MC_GC_B" time="53.640" classname="MC.TestSetF"/>
  <testcase name="TC_402_MC_GC_A" time="49.614" classname="MC.TestSetF"/>
</testsuite> <!-- MC.TestSetF -->
