<?xml version="1.0" encoding="UTF-8"?>
<!-- Generated by org.testng.reporters.JUnitReportReporter -->
<testsuite skipped="0" hostname="DESKTOP-75OLIUH" name="ApplyFirst" tests="1" failures="0" timestamp="11 Jul 2018 00:41:41 GMT" time="0.018" errors="0">
  <testcase name="doThisBeforeAllTestsExecution" time="0.018" classname="ApplyFirst"/>
</testsuite> <!-- ApplyFirst -->
