<?xml version="1.0" encoding="UTF-8"?>
<!-- Generated by org.testng.reporters.JUnitReportReporter -->
<testsuite skipped="0" hostname="DESKTOP-75OLIUH" name="MyMath.TestSetMath" tests="2" failures="0" timestamp="28 Jul 2018 21:19:46 GMT" time="275.019" errors="0">
  <testcase name="TC_104_CheckStockOnAllPage" time="274.043" classname="MyMath.TestSetMath"/>
  <testcase name="TC_102" time="0.976" classname="MyMath.TestSetMath"/>
</testsuite> <!-- MyMath.TestSetMath -->
