<?xml version="1.0" encoding="UTF-8"?>
<!-- Generated by org.testng.reporters.JUnitReportReporter -->
<testsuite skipped="0" hostname="DESKTOP-75OLIUH" name="MC.TestSetF" tests="13" failures="0" timestamp="02 Jan 2018 02:56:32 GMT" time="665.484" errors="0">
  <testcase name="TC_411_DownAndUPonly_CHROME" time="62.673" classname="MC.TestSetF"/>
  <testcase name="TC_409_MC_ME_B" time="40.510" classname="MC.TestSetF"/>
  <testcase name="TC_403_MC_GC_B" time="48.059" classname="MC.TestSetF"/>
  <testcase name="TC_412_DownAndUPonly_FF" time="68.817" classname="MC.TestSetF"/>
  <testcase name="TC_413_DownAndUPonly_ME" time="57.844" classname="MC.TestSetF"/>
  <testcase name="TC_404_MC_GC_C" time="47.975" classname="MC.TestSetF"/>
  <testcase name="TC_407_MC_FF_C" time="51.835" classname="MC.TestSetF"/>
  <testcase name="TC_402_MC_GC_A" time="48.965" classname="MC.TestSetF"/>
  <testcase name="TC_406_MC_FF_B" time="51.169" classname="MC.TestSetF"/>
  <testcase name="TC_408_MC_ME_A" time="41.073" classname="MC.TestSetF"/>
  <testcase name="TC_10_MC_ME_C" time="41.488" classname="MC.TestSetF"/>
  <testcase name="CalculateMortgatePayment_HardCodedValues" time="49.504" classname="MC.TestSetF"/>
  <testcase name="TC_405_MC_FF_A" time="55.572" classname="MC.TestSetF"/>
</testsuite> <!-- MC.TestSetF -->
