<?xml version="1.0" encoding="UTF-8"?>
<!-- Generated by org.testng.reporters.JUnitReportReporter -->
<testsuite skipped="0" hostname="DESKTOP-75OLIUH" name="SecondClasssWith2Methods" tests="2" failures="0" timestamp="19 Mar 2018 04:10:04 GMT" time="64.961" errors="0">
  <testcase name="UsersAreAbleToSearch" time="62.791" classname="SecondClasssWith2Methods"/>
  <testcase name="test2" time="2.170" classname="SecondClasssWith2Methods"/>
</testsuite> <!-- SecondClasssWith2Methods -->
