<?xml version="1.0" encoding="UTF-8"?>
<!-- Generated by org.testng.reporters.JUnitReportReporter -->
<testsuite skipped="0" hostname="DESKTOP-75OLIUH" name="FirstClassWith2methods" tests="2" failures="0" timestamp="27 Feb 2018 05:07:52 GMT" time="64.275" errors="0">
  <testcase name="test2" time="0.457" classname="FirstClassWith2methods"/>
  <testcase name="UsersAreAbleToSearch" time="63.818" classname="FirstClassWith2methods"/>
</testsuite> <!-- FirstClassWith2methods -->
