<?xml version="1.0" encoding="UTF-8"?>
<!-- Generated by org.testng.reporters.JUnitReportReporter -->
<testsuite skipped="0" hostname="DESKTOP-75OLIUH" name="FirstClassWith2methods" tests="2" failures="0" timestamp="25 Oct 2017 01:15:06 GMT" time="57.339" errors="0">
  <testcase name="test2" time="0.512" classname="FirstClassWith2methods"/>
  <testcase name="UsersAreAbleToSearch" time="56.827" classname="FirstClassWith2methods"/>
</testsuite> <!-- FirstClassWith2methods -->
