<?xml version="1.0" encoding="UTF-8"?>
<!-- Generated by org.testng.reporters.JUnitReportReporter -->
<testsuite skipped="0" hostname="DESKTOP-75OLIUH" name="SecondClasssWith2Methods" tests="2" failures="0" timestamp="17 Oct 2017 18:13:11 GMT" time="61.343" errors="0">
  <testcase name="test2" time="0.454" classname="SecondClasssWith2Methods"/>
  <testcase name="UsersAreAbleToSearch" time="60.889" classname="SecondClasssWith2Methods"/>
</testsuite> <!-- SecondClasssWith2Methods -->
