<?xml version="1.0" encoding="UTF-8"?>
<!-- Generated by org.testng.reporters.JUnitReportReporter -->
<testsuite skipped="0" hostname="DESKTOP-75OLIUH" name="MyMath.TestSetMath" tests="2" failures="0" timestamp="26 Jul 2018 21:29:17 GMT" time="337.253" errors="0">
  <testcase name="TC_104_CheckStockOnAllPage" time="336.288" classname="MyMath.TestSetMath"/>
  <testcase name="TC_102" time="0.965" classname="MyMath.TestSetMath"/>
</testsuite> <!-- MyMath.TestSetMath -->
