<?xml version="1.0" encoding="UTF-8"?>
<!-- Generated by org.testng.reporters.JUnitReportReporter -->
<testsuite skipped="0" hostname="DESKTOP-75OLIUH" name="SecondClasssWith2Methods" tests="2" failures="0" timestamp="17 Jul 2018 19:32:57 GMT" time="58.274" errors="0">
  <testcase name="test2" time="0.311" classname="SecondClasssWith2Methods"/>
  <testcase name="UsersAreAbleToSearch" time="57.963" classname="SecondClasssWith2Methods"/>
</testsuite> <!-- SecondClasssWith2Methods -->
