<?xml version="1.0" encoding="UTF-8"?>
<!-- Generated by org.testng.reporters.JUnitReportReporter -->
<testsuite skipped="0" hostname="DESKTOP-75OLIUH" name="automationPractive.TestSetG" tests="1" failures="0" timestamp="26 Sep 2018 02:22:44 GMT" time="28.653" errors="0">
  <testcase name="test_701_display_WebTableCellValues" time="28.653" classname="automationPractive.TestSetG"/>
</testsuite> <!-- automationPractive.TestSetG -->
