<?xml version="1.0" encoding="UTF-8"?>
<!-- Generated by org.testng.reporters.JUnitReportReporter -->
<testsuite skipped="0" hostname="DESKTOP-75OLIUH" name="SecondClasssWith2Methods" tests="2" failures="0" timestamp="24 Apr 2018 11:42:09 GMT" time="53.387" errors="0">
  <testcase name="UsersAreAbleToSearch" time="53.085" classname="SecondClasssWith2Methods"/>
  <testcase name="test2" time="0.302" classname="SecondClasssWith2Methods"/>
</testsuite> <!-- SecondClasssWith2Methods -->
