<?xml version="1.0" encoding="UTF-8"?>
<!-- Generated by org.testng.reporters.JUnitReportReporter -->
<testsuite skipped="0" hostname="DESKTOP-75OLIUH" name="FirstClassWith2methods" tests="2" failures="0" timestamp="20 Dec 2017 03:16:18 GMT" time="83.186" errors="0">
  <testcase name="test2" time="0.700" classname="FirstClassWith2methods"/>
  <testcase name="UsersAreAbleToSearch" time="82.486" classname="FirstClassWith2methods"/>
</testsuite> <!-- FirstClassWith2methods -->
