<?xml version="1.0" encoding="UTF-8"?>
<!-- Generated by org.testng.reporters.JUnitReportReporter -->
<testsuite skipped="0" hostname="DESKTOP-75OLIUH" name="FirstClassWith2methods" tests="2" failures="0" timestamp="10 Oct 2017 18:51:32 GMT" time="70.999" errors="0">
  <testcase name="UsersAreAbleToSearch" time="70.595" classname="FirstClassWith2methods"/>
  <testcase name="test2" time="0.404" classname="FirstClassWith2methods"/>
</testsuite> <!-- FirstClassWith2methods -->
