<?xml version="1.0" encoding="UTF-8"?>
<!-- Generated by org.testng.reporters.JUnitReportReporter -->
<testsuite skipped="0" hostname="DESKTOP-75OLIUH" name="SecondClasssWith2Methods" tests="2" failures="0" timestamp="23 Feb 2018 04:06:54 GMT" time="56.904" errors="0">
  <testcase name="test2" time="0.456" classname="SecondClasssWith2Methods"/>
  <testcase name="UsersAreAbleToSearch" time="56.448" classname="SecondClasssWith2Methods"/>
</testsuite> <!-- SecondClasssWith2Methods -->
