<?xml version="1.0" encoding="UTF-8"?>
<!-- Generated by org.testng.reporters.JUnitReportReporter -->
<testsuite skipped="0" hostname="DESKTOP-75OLIUH" name="SecondClasssWith2Methods" tests="2" failures="0" timestamp="19 Oct 2017 15:02:52 GMT" time="170.080" errors="0">
  <testcase name="test2" time="0.352" classname="SecondClasssWith2Methods"/>
  <testcase name="UsersAreAbleToSearch" time="169.728" classname="SecondClasssWith2Methods"/>
</testsuite> <!-- SecondClasssWith2Methods -->
