<?xml version="1.0" encoding="UTF-8"?>
<!-- Generated by org.testng.reporters.JUnitReportReporter -->
<testsuite skipped="3" hostname="DESKTOP-75OLIUH" name="FromYouFlowers.FYF" tests="4" failures="0" timestamp="24 Jun 2018 07:20:49 GMT" time="30.903" errors="0">
  <testcase name="TC_101_MouseOver" time="30.903" classname="FromYouFlowers.FYF"/>
  <testcase name="TC_03_SearchByColor" classname="FromYouFlowers.FYF">
    <skipped/>
  </testcase> <!-- TC_03_SearchByColor -->
  <testcase name="TC_04_PrintPropertyValueInTheConsole" classname="FromYouFlowers.FYF">
    <skipped/>
  </testcase> <!-- TC_04_PrintPropertyValueInTheConsole -->
  <testcase name="TC_02_HighlightAllInputs" classname="FromYouFlowers.FYF">
    <skipped/>
  </testcase> <!-- TC_02_HighlightAllInputs -->
</testsuite> <!-- FromYouFlowers.FYF -->
