<?xml version="1.0" encoding="UTF-8"?>
<!-- Generated by org.testng.reporters.JUnitReportReporter -->
<testsuite skipped="0" hostname="DESKTOP-75OLIUH" name="MyMath.TestSetMath" tests="2" failures="0" timestamp="24 Sep 2018 06:28:06 GMT" time="232.537" errors="0">
  <testcase name="TC_104_CheckStockOnAllPage" time="229.747" classname="MyMath.TestSetMath"/>
  <testcase name="TC_102" time="2.790" classname="MyMath.TestSetMath"/>
</testsuite> <!-- MyMath.TestSetMath -->
