<?xml version="1.0" encoding="UTF-8"?>
<!-- Generated by org.testng.reporters.JUnitReportReporter -->
<testsuite skipped="0" hostname="DESKTOP-75OLIUH" name="FirstClassWith2methods" tests="2" failures="0" timestamp="20 Oct 2017 16:54:52 GMT" time="69.155" errors="0">
  <testcase name="test2" time="0.454" classname="FirstClassWith2methods"/>
  <testcase name="UsersAreAbleToSearch" time="68.701" classname="FirstClassWith2methods"/>
</testsuite> <!-- FirstClassWith2methods -->
