<?xml version="1.0" encoding="UTF-8"?>
<!-- Generated by org.testng.reporters.JUnitReportReporter -->
<testsuite skipped="0" hostname="DESKTOP-75OLIUH" name="Nasdaq.TestSet_Nasdaq" tests="3" failures="0" timestamp="15 Jul 2018 01:34:40 GMT" time="224.212" errors="0">
  <testcase name="TC_102_WebTableCount" time="70.596" classname="Nasdaq.TestSet_Nasdaq"/>
  <testcase name="TC_103_HashMap" time="37.402" classname="Nasdaq.TestSet_Nasdaq"/>
  <testcase name="TC_101_StockSearch" time="116.214" classname="Nasdaq.TestSet_Nasdaq"/>
</testsuite> <!-- Nasdaq.TestSet_Nasdaq -->
