<?xml version="1.0" encoding="UTF-8"?>
<!-- Generated by org.testng.reporters.JUnitReportReporter -->
<testsuite skipped="0" hostname="DESKTOP-75OLIUH" name="automationPractive.TestSetG" tests="1" failures="0" timestamp="02 Jan 2018 02:56:32 GMT" time="25.604" errors="0">
  <testcase name="test_701_display_WebTableCellValues" time="25.604" classname="automationPractive.TestSetG"/>
</testsuite> <!-- automationPractive.TestSetG -->
