<?xml version="1.0" encoding="UTF-8"?>
<!-- Generated by org.testng.reporters.JUnitReportReporter -->
<testsuite skipped="0" hostname="DESKTOP-75OLIUH" name="MC.TestSetF" tests="13" failures="0" timestamp="21 Apr 2018 22:03:29 GMT" time="686.900" errors="0">
  <testcase name="TC_403_MC_GC_B" time="47.292" classname="MC.TestSetF"/>
  <testcase name="TC_10_MC_ME_C" time="40.783" classname="MC.TestSetF"/>
  <testcase name="TC_404_MC_GC_C" time="53.128" classname="MC.TestSetF"/>
  <testcase name="TC_412_DownAndUPonly_FF" time="70.436" classname="MC.TestSetF"/>
  <testcase name="TC_411_DownAndUPonly_CHROME" time="62.154" classname="MC.TestSetF"/>
  <testcase name="TC_409_MC_ME_B" time="41.921" classname="MC.TestSetF"/>
  <testcase name="TC_405_MC_FF_A" time="60.071" classname="MC.TestSetF"/>
  <testcase name="CalculateMortgatePayment_HardCodedValues" time="53.646" classname="MC.TestSetF"/>
  <testcase name="TC_408_MC_ME_A" time="40.344" classname="MC.TestSetF"/>
  <testcase name="TC_402_MC_GC_A" time="51.624" classname="MC.TestSetF"/>
  <testcase name="TC_413_DownAndUPonly_ME" time="57.146" classname="MC.TestSetF"/>
  <testcase name="TC_407_MC_FF_C" time="54.688" classname="MC.TestSetF"/>
  <testcase name="TC_406_MC_FF_B" time="53.667" classname="MC.TestSetF"/>
</testsuite> <!-- MC.TestSetF -->
