<?xml version="1.0" encoding="UTF-8"?>
<!-- Generated by org.testng.reporters.JUnitReportReporter -->
<testsuite skipped="0" hostname="DESKTOP-75OLIUH" name="MC.TestSetF" tests="13" failures="0" timestamp="26 Jan 2018 03:44:25 GMT" time="677.037" errors="0">
  <testcase name="TC_413_DownAndUPonly_ME" time="58.121" classname="MC.TestSetF"/>
  <testcase name="TC_412_DownAndUPonly_FF" time="66.852" classname="MC.TestSetF"/>
  <testcase name="TC_411_DownAndUPonly_CHROME" time="63.282" classname="MC.TestSetF"/>
  <testcase name="TC_408_MC_ME_A" time="40.779" classname="MC.TestSetF"/>
  <testcase name="TC_402_MC_GC_A" time="48.516" classname="MC.TestSetF"/>
  <testcase name="TC_409_MC_ME_B" time="40.710" classname="MC.TestSetF"/>
  <testcase name="TC_403_MC_GC_B" time="50.050" classname="MC.TestSetF"/>
  <testcase name="TC_407_MC_FF_C" time="53.353" classname="MC.TestSetF"/>
  <testcase name="TC_406_MC_FF_B" time="52.323" classname="MC.TestSetF"/>
  <testcase name="TC_405_MC_FF_A" time="57.228" classname="MC.TestSetF"/>
  <testcase name="CalculateMortgatePayment_HardCodedValues" time="55.812" classname="MC.TestSetF"/>
  <testcase name="TC_404_MC_GC_C" time="48.886" classname="MC.TestSetF"/>
  <testcase name="TC_10_MC_ME_C" time="41.125" classname="MC.TestSetF"/>
</testsuite> <!-- MC.TestSetF -->
