<?xml version="1.0" encoding="UTF-8"?>
<!-- Generated by org.testng.reporters.JUnitReportReporter -->
<testsuite skipped="0" hostname="DESKTOP-75OLIUH" name="MC.TestSetF" tests="13" failures="0" timestamp="01 Apr 2018 19:31:24 GMT" time="684.221" errors="0">
  <testcase name="TC_412_DownAndUPonly_FF" time="68.674" classname="MC.TestSetF"/>
  <testcase name="TC_406_MC_FF_B" time="54.906" classname="MC.TestSetF"/>
  <testcase name="TC_405_MC_FF_A" time="55.994" classname="MC.TestSetF"/>
  <testcase name="TC_407_MC_FF_C" time="54.232" classname="MC.TestSetF"/>
  <testcase name="TC_408_MC_ME_A" time="41.752" classname="MC.TestSetF"/>
  <testcase name="TC_409_MC_ME_B" time="41.500" classname="MC.TestSetF"/>
  <testcase name="TC_413_DownAndUPonly_ME" time="58.920" classname="MC.TestSetF"/>
  <testcase name="TC_402_MC_GC_A" time="48.704" classname="MC.TestSetF"/>
  <testcase name="TC_403_MC_GC_B" time="49.191" classname="MC.TestSetF"/>
  <testcase name="TC_411_DownAndUPonly_CHROME" time="63.711" classname="MC.TestSetF"/>
  <testcase name="TC_404_MC_GC_C" time="48.286" classname="MC.TestSetF"/>
  <testcase name="CalculateMortgatePayment_HardCodedValues" time="55.906" classname="MC.TestSetF"/>
  <testcase name="TC_10_MC_ME_C" time="42.445" classname="MC.TestSetF"/>
</testsuite> <!-- MC.TestSetF -->
