<?xml version="1.0" encoding="UTF-8"?>
<!-- Generated by org.testng.reporters.JUnitReportReporter -->
<testsuite skipped="0" hostname="DESKTOP-75OLIUH" name="MC.TestSetF" tests="13" failures="0" timestamp="24 Apr 2018 11:42:09 GMT" time="674.940" errors="0">
  <testcase name="TC_412_DownAndUPonly_FF" time="67.271" classname="MC.TestSetF"/>
  <testcase name="TC_408_MC_ME_A" time="40.378" classname="MC.TestSetF"/>
  <testcase name="TC_406_MC_FF_B" time="53.872" classname="MC.TestSetF"/>
  <testcase name="TC_413_DownAndUPonly_ME" time="57.272" classname="MC.TestSetF"/>
  <testcase name="TC_402_MC_GC_A" time="51.215" classname="MC.TestSetF"/>
  <testcase name="TC_403_MC_GC_B" time="47.575" classname="MC.TestSetF"/>
  <testcase name="TC_409_MC_ME_B" time="39.973" classname="MC.TestSetF"/>
  <testcase name="TC_411_DownAndUPonly_CHROME" time="62.151" classname="MC.TestSetF"/>
  <testcase name="CalculateMortgatePayment_HardCodedValues" time="55.012" classname="MC.TestSetF"/>
  <testcase name="TC_10_MC_ME_C" time="41.161" classname="MC.TestSetF"/>
  <testcase name="TC_407_MC_FF_C" time="54.538" classname="MC.TestSetF"/>
  <testcase name="TC_404_MC_GC_C" time="47.839" classname="MC.TestSetF"/>
  <testcase name="TC_405_MC_FF_A" time="56.683" classname="MC.TestSetF"/>
</testsuite> <!-- MC.TestSetF -->
