<?xml version="1.0" encoding="UTF-8"?>
<!-- Generated by org.testng.reporters.JUnitReportReporter -->
<testsuite skipped="0" hostname="DESKTOP-75OLIUH" name="FromYouFlowers.FYF" tests="4" failures="0" timestamp="30 Sep 2018 06:25:37 GMT" time="211.771" errors="0">
  <testcase name="TC_03_SearchByColor" time="110.787" classname="FromYouFlowers.FYF"/>
  <testcase name="TC_02_HighlightAllInputs" time="43.146" classname="FromYouFlowers.FYF"/>
  <testcase name="TC_04_PrintPropertyValueInTheConsole" time="18.665" classname="FromYouFlowers.FYF"/>
  <testcase name="TC_101_MouseOver" time="39.173" classname="FromYouFlowers.FYF"/>
</testsuite> <!-- FromYouFlowers.FYF -->
