<?xml version="1.0" encoding="UTF-8"?>
<!-- Generated by org.testng.reporters.JUnitReportReporter -->
<testsuite skipped="0" hostname="DESKTOP-75OLIUH" name="MyMath.TestSetMath" tests="2" failures="0" timestamp="09 Oct 2018 04:20:21 GMT" time="233.828" errors="0">
  <testcase name="TC_104_CheckStockOnAllPage" time="232.576" classname="MyMath.TestSetMath"/>
  <testcase name="TC_102" time="1.252" classname="MyMath.TestSetMath"/>
</testsuite> <!-- MyMath.TestSetMath -->
