<?xml version="1.0" encoding="UTF-8"?>
<!-- Generated by org.testng.reporters.JUnitReportReporter -->
<testsuite skipped="0" hostname="DESKTOP-75OLIUH" name="PlayWithTestNG" tests="2" failures="0" timestamp="28 Sep 2017 02:45:43 GMT" time="56.514" errors="0">
  <testcase name="UsersAreAbleToSearch" time="56.512" classname="PlayWithTestNG"/>
  <testcase name="test2" time="0.002" classname="PlayWithTestNG"/>
</testsuite> <!-- PlayWithTestNG -->
