<?xml version="1.0" encoding="UTF-8"?>
<!-- Generated by org.testng.reporters.JUnitReportReporter -->
<testsuite skipped="0" hostname="DESKTOP-75OLIUH" name="FromYouFlowers.FYF" tests="4" failures="0" timestamp="26 Sep 2018 02:22:43 GMT" time="200.681" errors="0">
  <testcase name="TC_03_SearchByColor" time="107.548" classname="FromYouFlowers.FYF"/>
  <testcase name="TC_02_HighlightAllInputs" time="40.501" classname="FromYouFlowers.FYF"/>
  <testcase name="TC_04_PrintPropertyValueInTheConsole" time="16.566" classname="FromYouFlowers.FYF"/>
  <testcase name="TC_101_MouseOver" time="36.066" classname="FromYouFlowers.FYF"/>
</testsuite> <!-- FromYouFlowers.FYF -->
