<?xml version="1.0" encoding="UTF-8"?>
<!-- Generated by org.testng.reporters.JUnitReportReporter -->
<testsuite skipped="0" hostname="DESKTOP-75OLIUH" name="AOL_AutomationScripts.Automation_Test_SuiteOne" tests="9" failures="0" timestamp="07 May 2018 04:48:49 GMT" time="766.568" errors="0">
  <testcase name="TC_107_HighlightAllLinks" time="48.970" classname="AOL_AutomationScripts.Automation_Test_SuiteOne"/>
  <testcase name="TC_104_POM_SendEmailAutomatically" time="67.184" classname="AOL_AutomationScripts.Automation_Test_SuiteOne"/>
  <testcase name="TC_106_SearchResultInImageFormate" time="228.958" classname="AOL_AutomationScripts.Automation_Test_SuiteOne"/>
  <testcase name="TC_109_NavigateToWeatherPage" time="34.968" classname="AOL_AutomationScripts.Automation_Test_SuiteOne"/>
  <testcase name="TC_108_WeatherInfo" time="47.635" classname="AOL_AutomationScripts.Automation_Test_SuiteOne"/>
  <testcase name="TC_103_POM_EmailCountInTheInbox" time="59.635" classname="AOL_AutomationScripts.Automation_Test_SuiteOne"/>
  <testcase name="TC_102_POM_ScrollDownOnPersonalFinancePage" time="82.047" classname="AOL_AutomationScripts.Automation_Test_SuiteOne"/>
  <testcase name="TC_105_SearchCheckAfterLogin" time="126.191" classname="AOL_AutomationScripts.Automation_Test_SuiteOne"/>
  <testcase name="TC_101_LoginCheck_AutomationObjectModel" time="70.980" classname="AOL_AutomationScripts.Automation_Test_SuiteOne"/>
</testsuite> <!-- AOL_AutomationScripts.Automation_Test_SuiteOne -->
