<?xml version="1.0" encoding="UTF-8"?>
<!-- Generated by org.testng.reporters.JUnitReportReporter -->
<testsuite skipped="0" hostname="DESKTOP-75OLIUH" name="ApplyFirst" tests="1" failures="0" timestamp="05 Sep 2018 06:11:50 GMT" time="0.585" errors="0">
  <testcase name="doThisBeforeAllTestsExecution" time="0.585" classname="ApplyFirst"/>
</testsuite> <!-- ApplyFirst -->
