<?xml version="1.0" encoding="UTF-8"?>
<!-- Generated by org.testng.reporters.JUnitReportReporter -->
<testsuite skipped="0" hostname="DESKTOP-75OLIUH" name="FirstClassWith2methods" tests="2" failures="0" timestamp="06 Feb 2018 03:01:33 GMT" time="79.096" errors="0">
  <testcase name="test2" time="0.527" classname="FirstClassWith2methods"/>
  <testcase name="UsersAreAbleToSearch" time="78.569" classname="FirstClassWith2methods"/>
</testsuite> <!-- FirstClassWith2methods -->
