<?xml version="1.0" encoding="UTF-8"?>
<!-- Generated by org.testng.reporters.JUnitReportReporter -->
<testsuite skipped="0" hostname="DESKTOP-75OLIUH" name="MC.TestSetF" tests="13" failures="0" timestamp="14 Apr 2018 04:51:54 GMT" time="688.649" errors="0">
  <testcase name="TC_10_MC_ME_C" time="41.407" classname="MC.TestSetF"/>
  <testcase name="TC_412_DownAndUPonly_FF" time="70.384" classname="MC.TestSetF"/>
  <testcase name="TC_407_MC_FF_C" time="56.233" classname="MC.TestSetF"/>
  <testcase name="TC_403_MC_GC_B" time="47.882" classname="MC.TestSetF"/>
  <testcase name="TC_409_MC_ME_B" time="40.802" classname="MC.TestSetF"/>
  <testcase name="TC_402_MC_GC_A" time="51.247" classname="MC.TestSetF"/>
  <testcase name="TC_413_DownAndUPonly_ME" time="58.147" classname="MC.TestSetF"/>
  <testcase name="TC_406_MC_FF_B" time="56.669" classname="MC.TestSetF"/>
  <testcase name="TC_408_MC_ME_A" time="40.526" classname="MC.TestSetF"/>
  <testcase name="TC_404_MC_GC_C" time="49.573" classname="MC.TestSetF"/>
  <testcase name="TC_405_MC_FF_A" time="58.441" classname="MC.TestSetF"/>
  <testcase name="CalculateMortgatePayment_HardCodedValues" time="55.585" classname="MC.TestSetF"/>
  <testcase name="TC_411_DownAndUPonly_CHROME" time="61.753" classname="MC.TestSetF"/>
</testsuite> <!-- MC.TestSetF -->
