<?xml version="1.0" encoding="UTF-8"?>
<!-- Generated by org.testng.reporters.JUnitReportReporter -->
<testsuite skipped="0" hostname="DESKTOP-75OLIUH" name="automationPractive.TestSetG" tests="1" failures="0" timestamp="03 Jul 2018 18:34:10 GMT" time="26.792" errors="0">
  <testcase name="test_701_display_WebTableCellValues" time="26.792" classname="automationPractive.TestSetG"/>
</testsuite> <!-- automationPractive.TestSetG -->
