<?xml version="1.0" encoding="UTF-8"?>
<!-- Generated by org.testng.reporters.JUnitReportReporter -->
<testsuite skipped="0" hostname="DESKTOP-75OLIUH" name="MC.TestSetF" tests="13" failures="0" timestamp="24 Jan 2018 02:27:46 GMT" time="675.123" errors="0">
  <testcase name="CalculateMortgatePayment_HardCodedValues" time="56.758" classname="MC.TestSetF"/>
  <testcase name="TC_406_MC_FF_B" time="53.202" classname="MC.TestSetF"/>
  <testcase name="TC_407_MC_FF_C" time="50.986" classname="MC.TestSetF"/>
  <testcase name="TC_402_MC_GC_A" time="48.277" classname="MC.TestSetF"/>
  <testcase name="TC_10_MC_ME_C" time="41.290" classname="MC.TestSetF"/>
  <testcase name="TC_413_DownAndUPonly_ME" time="57.799" classname="MC.TestSetF"/>
  <testcase name="TC_405_MC_FF_A" time="54.810" classname="MC.TestSetF"/>
  <testcase name="TC_409_MC_ME_B" time="40.978" classname="MC.TestSetF"/>
  <testcase name="TC_411_DownAndUPonly_CHROME" time="64.103" classname="MC.TestSetF"/>
  <testcase name="TC_404_MC_GC_C" time="49.826" classname="MC.TestSetF"/>
  <testcase name="TC_403_MC_GC_B" time="49.569" classname="MC.TestSetF"/>
  <testcase name="TC_408_MC_ME_A" time="40.850" classname="MC.TestSetF"/>
  <testcase name="TC_412_DownAndUPonly_FF" time="66.675" classname="MC.TestSetF"/>
</testsuite> <!-- MC.TestSetF -->
