<?xml version="1.0" encoding="UTF-8"?>
<!-- Generated by org.testng.reporters.JUnitReportReporter -->
<testsuite skipped="0" hostname="DESKTOP-75OLIUH" name="ApplyFirst" tests="1" failures="0" timestamp="25 May 2018 05:01:55 GMT" time="0.248" errors="0">
  <testcase name="doThisBeforeAllTestsExecution" time="0.248" classname="ApplyFirst"/>
</testsuite> <!-- ApplyFirst -->
