<?xml version="1.0" encoding="UTF-8"?>
<!-- Generated by org.testng.reporters.JUnitReportReporter -->
<testsuite skipped="0" hostname="DESKTOP-75OLIUH" name="AOL_ObjectRepositoryAndFunctionLibrary.LoginPage" tests="1" failures="0" timestamp="04 Apr 2018 22:52:57 GMT" time="20.379" errors="0">
  <testcase name="test" time="20.379" classname="AOL_ObjectRepositoryAndFunctionLibrary.LoginPage"/>
</testsuite> <!-- AOL_ObjectRepositoryAndFunctionLibrary.LoginPage -->
