<?xml version="1.0" encoding="UTF-8"?>
<!-- Generated by org.testng.reporters.JUnitReportReporter -->
<testsuite skipped="0" hostname="DESKTOP-75OLIUH" name="FirstClassWith2methods" tests="2" failures="0" timestamp="07 Oct 2017 00:48:15 GMT" time="123.440" errors="0">
  <testcase name="UsersAreAbleToSearch" time="123.136" classname="FirstClassWith2methods"/>
  <testcase name="test2" time="0.304" classname="FirstClassWith2methods"/>
</testsuite> <!-- FirstClassWith2methods -->
