<?xml version="1.0" encoding="UTF-8"?>
<!-- Generated by org.testng.reporters.JUnitReportReporter -->
<testsuite skipped="3" hostname="DESKTOP-75OLIUH" name="groupon.TestSet_E" tests="4" failures="0" timestamp="19 Oct 2017 16:49:40 GMT" time="29.466" errors="0">
  <testcase name="TC_404_HighlightElementsUnderCOUPON" time="29.466" classname="groupon.TestSet_E"/>
  <testcase name="TC_402_LinkCount" classname="groupon.TestSet_E">
    <skipped/>
  </testcase> <!-- TC_402_LinkCount -->
  <testcase name="Highlignt" classname="groupon.TestSet_E">
    <skipped/>
  </testcase> <!-- Highlignt -->
  <testcase name="TC_801_testOne" classname="groupon.TestSet_E">
    <skipped/>
  </testcase> <!-- TC_801_testOne -->
</testsuite> <!-- groupon.TestSet_E -->
