<?xml version="1.0" encoding="UTF-8"?>
<!-- Generated by org.testng.reporters.JUnitReportReporter -->
<testsuite skipped="0" hostname="DESKTOP-75OLIUH" name="cat.TestSet_Cat" tests="4" failures="0" timestamp="13 Jul 2018 06:59:09 GMT" time="131.606" errors="0">
  <testcase name="TC_804_Yellow" time="36.072" classname="cat.TestSet_Cat"/>
  <testcase name="TC_803_Pink" time="31.356" classname="cat.TestSet_Cat"/>
  <testcase name="TC_802_Red" time="34.358" classname="cat.TestSet_Cat"/>
  <testcase name="TC_801_Green" time="29.820" classname="cat.TestSet_Cat"/>
</testsuite> <!-- cat.TestSet_Cat -->
