<?xml version="1.0" encoding="UTF-8"?>
<!-- Generated by org.testng.reporters.JUnitReportReporter -->
<testsuite skipped="0" hostname="DESKTOP-75OLIUH" name="FirstClassWith2methods" tests="2" failures="0" timestamp="14 Mar 2018 04:45:48 GMT" time="69.751" errors="0">
  <testcase name="UsersAreAbleToSearch" time="68.942" classname="FirstClassWith2methods"/>
  <testcase name="test2" time="0.809" classname="FirstClassWith2methods"/>
</testsuite> <!-- FirstClassWith2methods -->
