<?xml version="1.0" encoding="UTF-8"?>
<!-- Generated by org.testng.reporters.JUnitReportReporter -->
<testsuite skipped="0" hostname="DESKTOP-75OLIUH" name="FirstClassWith2methods" tests="2" failures="0" timestamp="25 Nov 2017 19:25:11 GMT" time="59.771" errors="0">
  <testcase name="test2" time="0.203" classname="FirstClassWith2methods"/>
  <testcase name="UsersAreAbleToSearch" time="59.568" classname="FirstClassWith2methods"/>
</testsuite> <!-- FirstClassWith2methods -->
