<?xml version="1.0" encoding="UTF-8"?>
<!-- Generated by org.testng.reporters.JUnitReportReporter -->
<testsuite skipped="1" hostname="DESKTOP-75OLIUH" name="FirstClassWith2methods" tests="2" failures="0" timestamp="19 Jul 2018 06:14:23 GMT" time="88.170" errors="0">
  <testcase name="UsersAreAbleToSearch" time="88.170" classname="FirstClassWith2methods"/>
  <testcase name="test2" classname="FirstClassWith2methods">
    <skipped/>
  </testcase> <!-- test2 -->
</testsuite> <!-- FirstClassWith2methods -->
