<?xml version="1.0" encoding="UTF-8"?>
<!-- Generated by org.testng.reporters.JUnitReportReporter -->
<testsuite skipped="0" hostname="DESKTOP-75OLIUH" name="FirstClassWith2methods" tests="2" failures="0" timestamp="03 Mar 2018 07:16:30 GMT" time="60.995" errors="0">
  <testcase name="UsersAreAbleToSearch" time="60.482" classname="FirstClassWith2methods"/>
  <testcase name="test2" time="0.513" classname="FirstClassWith2methods"/>
</testsuite> <!-- FirstClassWith2methods -->
