<?xml version="1.0" encoding="UTF-8"?>
<!-- Generated by org.testng.reporters.JUnitReportReporter -->
<testsuite skipped="0" hostname="DESKTOP-75OLIUH" name="FirstClassWith2methods" tests="2" failures="0" timestamp="28 Sep 2017 19:29:01 GMT" time="54.463" errors="0">
  <testcase name="test2" time="0.411" classname="FirstClassWith2methods"/>
  <testcase name="UsersAreAbleToSearch" time="54.052" classname="FirstClassWith2methods"/>
</testsuite> <!-- FirstClassWith2methods -->
