<?xml version="1.0" encoding="UTF-8"?>
<!-- Generated by org.testng.reporters.JUnitReportReporter -->
<testsuite skipped="0" hostname="DESKTOP-75OLIUH" name="ApplyFirst" tests="1" failures="0" timestamp="27 Mar 2018 21:29:59 GMT" time="0.169" errors="0">
  <testcase name="doThisBeforeAllTestsExecution" time="0.169" classname="ApplyFirst"/>
</testsuite> <!-- ApplyFirst -->
