<?xml version="1.0" encoding="UTF-8"?>
<!-- Generated by org.testng.reporters.JUnitReportReporter -->
<testsuite skipped="0" hostname="DESKTOP-75OLIUH" name="bbb.TestSetI" tests="6" failures="0" timestamp="26 Dec 2017 01:25:46 GMT" time="307.858" errors="0">
  <testcase name="TC_904" time="48.913" classname="bbb.TestSetI"/>
  <testcase name="TC_901" time="50.993" classname="bbb.TestSetI"/>
  <testcase name="TC_902" time="66.532" classname="bbb.TestSetI"/>
  <testcase name="TC_903_MouseOver" time="49.216" classname="bbb.TestSetI"/>
  <testcase name="TC_905" time="57.021" classname="bbb.TestSetI"/>
  <testcase name="TC_906_RegistrationFormFillUp" time="35.183" classname="bbb.TestSetI"/>
</testsuite> <!-- bbb.TestSetI -->
