<?xml version="1.0" encoding="UTF-8"?>
<!-- Generated by org.testng.reporters.JUnitReportReporter -->
<testsuite skipped="0" hostname="DESKTOP-75OLIUH" name="MC.TestSetF" tests="13" failures="0" timestamp="01 Apr 2018 17:37:53 GMT" time="704.862" errors="0">
  <testcase name="TC_406_MC_FF_B" time="55.828" classname="MC.TestSetF"/>
  <testcase name="TC_409_MC_ME_B" time="42.173" classname="MC.TestSetF"/>
  <testcase name="TC_412_DownAndUPonly_FF" time="72.297" classname="MC.TestSetF"/>
  <testcase name="CalculateMortgatePayment_HardCodedValues" time="57.419" classname="MC.TestSetF"/>
  <testcase name="TC_10_MC_ME_C" time="43.010" classname="MC.TestSetF"/>
  <testcase name="TC_408_MC_ME_A" time="42.421" classname="MC.TestSetF"/>
  <testcase name="TC_405_MC_FF_A" time="58.952" classname="MC.TestSetF"/>
  <testcase name="TC_404_MC_GC_C" time="48.024" classname="MC.TestSetF"/>
  <testcase name="TC_402_MC_GC_A" time="49.609" classname="MC.TestSetF"/>
  <testcase name="TC_407_MC_FF_C" time="57.982" classname="MC.TestSetF"/>
  <testcase name="TC_413_DownAndUPonly_ME" time="58.803" classname="MC.TestSetF"/>
  <testcase name="TC_411_DownAndUPonly_CHROME" time="67.028" classname="MC.TestSetF"/>
  <testcase name="TC_403_MC_GC_B" time="51.316" classname="MC.TestSetF"/>
</testsuite> <!-- MC.TestSetF -->
