<?xml version="1.0" encoding="UTF-8"?>
<!-- Generated by org.testng.reporters.JUnitReportReporter -->
<testsuite skipped="0" hostname="DESKTOP-75OLIUH" name="SecondClasssWith2Methods" tests="2" failures="0" timestamp="17 Oct 2017 23:42:18 GMT" time="56.151" errors="0">
  <testcase name="test2" time="0.508" classname="SecondClasssWith2Methods"/>
  <testcase name="UsersAreAbleToSearch" time="55.643" classname="SecondClasssWith2Methods"/>
</testsuite> <!-- SecondClasssWith2Methods -->
