<?xml version="1.0" encoding="UTF-8"?>
<!-- Generated by org.testng.reporters.JUnitReportReporter -->
<testsuite skipped="0" hostname="DESKTOP-75OLIUH" name="cat.TestSet_Cat" tests="6" failures="0" timestamp="20 Aug 2018 04:24:24 GMT" time="533.851" errors="1">
  <testcase name="TC_803_Pink" time="34.763" classname="cat.TestSet_Cat"/>
  <testcase name="TC_802_Red" time="33.026" classname="cat.TestSet_Cat"/>
  <testcase name="TC_804_Yellow" time="34.051" classname="cat.TestSet_Cat"/>
  <testcase name="TC_801_Green" time="31.978" classname="cat.TestSet_Cat"/>
  <testcase name="TC_805_TBD" time="366.436" classname="cat.TestSet_Cat"/>
  <testcase name="TC_806_TBD" time="33.597" classname="cat.TestSet_Cat">
    <error type="org.openqa.selenium.ElementClickInterceptedException" message="Element &lt;a href=&quot;http://twitter.com/vetstreet&quot;&gt; is not clickable at point (985.1750030517578,643.0999755859375) because another element &lt;div class=&quot;mobileStickyBg&quot;&gt; obscures it
Build info: version: &#039;3.6.0&#039;, revision: &#039;6fbf3ec767&#039;, time: &#039;2017-09-27T16:15:40.131Z&#039;
System info: host: &#039;DESKTOP-75OLIUH&#039;, ip: &#039;192.168.1.105&#039;, os.name: &#039;Windows 10&#039;, os.arch: &#039;amd64&#039;, os.version: &#039;10.0&#039;, java.version: &#039;1.8.0_144&#039;
Driver info: org.openqa.selenium.firefox.FirefoxDriver
Capabilities [{moz:profile=C:\Users\imran\AppData\Local\Temp\rust_mozprofile.U8Opf9Smj2gD, rotatable=false, timeouts={implicit=0, pageLoad=300000, script=30000}, pageLoadStrategy=normal, moz:headless=false, platform=XP, moz:accessibilityChecks=false, moz:useNonSpecCompliantPointerOrigin=false, acceptInsecureCerts=true, browserVersion=61.0.1, platformVersion=10.0, moz:processID=17552, browserName=firefox, javascriptEnabled=true, platformName=XP, moz:webdriverClick=true}]
Session ID: 2f6619a8-002f-4685-9e39-532e0e30f010">
      <![CDATA[org.openqa.selenium.ElementClickInterceptedException: Element <a href="http://twitter.com/vetstreet"> is not clickable at point (985.1750030517578,643.0999755859375) because another element <div class="mobileStickyBg"> obscures it
Build info: version: '3.6.0', revision: '6fbf3ec767', time: '2017-09-27T16:15:40.131Z'
System info: host: 'DESKTOP-75OLIUH', ip: '192.168.1.105', os.name: 'Windows 10', os.arch: 'amd64', os.version: '10.0', java.version: '1.8.0_144'
Driver info: org.openqa.selenium.firefox.FirefoxDriver
Capabilities [{moz:profile=C:\Users\imran\AppData\Local\Temp\rust_mozprofile.U8Opf9Smj2gD, rotatable=false, timeouts={implicit=0, pageLoad=300000, script=30000}, pageLoadStrategy=normal, moz:headless=false, platform=XP, moz:accessibilityChecks=false, moz:useNonSpecCompliantPointerOrigin=false, acceptInsecureCerts=true, browserVersion=61.0.1, platformVersion=10.0, moz:processID=17552, browserName=firefox, javascriptEnabled=true, platformName=XP, moz:webdriverClick=true}]
Session ID: 2f6619a8-002f-4685-9e39-532e0e30f010
	at sun.reflect.NativeConstructorAccessorImpl.newInstance0(Native Method)
	at sun.reflect.NativeConstructorAccessorImpl.newInstance(Unknown Source)
	at sun.reflect.DelegatingConstructorAccessorImpl.newInstance(Unknown Source)
	at java.lang.reflect.Constructor.newInstance(Unknown Source)
	at org.openqa.selenium.remote.http.W3CHttpResponseCodec.createException(W3CHttpResponseCodec.java:185)
	at org.openqa.selenium.remote.http.W3CHttpResponseCodec.decode(W3CHttpResponseCodec.java:120)
	at org.openqa.selenium.remote.http.W3CHttpResponseCodec.decode(W3CHttpResponseCodec.java:49)
	at org.openqa.selenium.remote.HttpCommandExecutor.execute(HttpCommandExecutor.java:164)
	at org.openqa.selenium.remote.service.DriverCommandExecutor.execute(DriverCommandExecutor.java:83)
	at org.openqa.selenium.remote.RemoteWebDriver.execute(RemoteWebDriver.java:586)
	at org.openqa.selenium.remote.RemoteWebElement.execute(RemoteWebElement.java:279)
	at org.openqa.selenium.remote.RemoteWebElement.click(RemoteWebElement.java:83)
	at cat.TestSet_Cat.TC_806_TBD(TestSet_Cat.java:147)
	at sun.reflect.NativeMethodAccessorImpl.invoke0(Native Method)
	at sun.reflect.NativeMethodAccessorImpl.invoke(Unknown Source)
	at sun.reflect.DelegatingMethodAccessorImpl.invoke(Unknown Source)
	at java.lang.reflect.Method.invoke(Unknown Source)
	at org.testng.internal.MethodInvocationHelper.invokeMethod(MethodInvocationHelper.java:108)
	at org.testng.internal.Invoker.invokeMethod(Invoker.java:661)
	at org.testng.internal.Invoker.invokeTestMethod(Invoker.java:869)
	at org.testng.internal.Invoker.invokeTestMethods(Invoker.java:1193)
	at org.testng.internal.TestMethodWorker.invokeTestMethods(TestMethodWorker.java:126)
	at org.testng.internal.TestMethodWorker.run(TestMethodWorker.java:109)
	at org.testng.TestRunner.privateRun(TestRunner.java:744)
	at org.testng.TestRunner.run(TestRunner.java:602)
	at org.testng.SuiteRunner.runTest(SuiteRunner.java:380)
	at org.testng.SuiteRunner.runSequentially(SuiteRunner.java:375)
	at org.testng.SuiteRunner.privateRun(SuiteRunner.java:340)
	at org.testng.SuiteRunner.run(SuiteRunner.java:289)
	at org.testng.SuiteRunnerWorker.runSuite(SuiteRunnerWorker.java:52)
	at org.testng.SuiteRunnerWorker.run(SuiteRunnerWorker.java:86)
	at org.testng.TestNG.runSuitesSequentially(TestNG.java:1301)
	at org.testng.TestNG.runSuitesLocally(TestNG.java:1226)
	at org.testng.TestNG.runSuites(TestNG.java:1144)
	at org.testng.TestNG.run(TestNG.java:1115)
	at org.testng.remote.AbstractRemoteTestNG.run(AbstractRemoteTestNG.java:126)
	at org.testng.remote.RemoteTestNG.initAndRun(RemoteTestNG.java:137)
	at org.testng.remote.RemoteTestNG.main(RemoteTestNG.java:58)
]]>
    </error>
  </testcase> <!-- TC_806_TBD -->
</testsuite> <!-- cat.TestSet_Cat -->
