<?xml version="1.0" encoding="UTF-8"?>
<!-- Generated by org.testng.reporters.JUnitReportReporter -->
<testsuite skipped="1" hostname="DESKTOP-75OLIUH" name="bing2.TestSet2_bing" tests="6" failures="0" timestamp="24 Sep 2018 06:28:06 GMT" time="546.349" errors="0">
  <testcase name="TC_SE_CHROME" time="78.719" classname="bing2.TestSet2_bing"/>
  <testcase name="TC_SE_ie" time="311.947" classname="bing2.TestSet2_bing"/>
  <testcase name="TC_101_TBD" time="22.484" classname="bing2.TestSet2_bing"/>
  <testcase name="TC_SE_Firefox" time="73.803" classname="bing2.TestSet2_bing"/>
  <testcase name="TC_SE_MicrosoftEdge" time="59.396" classname="bing2.TestSet2_bing"/>
  <testcase name="TC_SE_Opera" classname="bing2.TestSet2_bing">
    <skipped/>
  </testcase> <!-- TC_SE_Opera -->
</testsuite> <!-- bing2.TestSet2_bing -->
