<?xml version="1.0" encoding="UTF-8"?>
<!-- Generated by org.testng.reporters.JUnitReportReporter -->
<testsuite skipped="0" hostname="DESKTOP-75OLIUH" name="MC.TestSetF" tests="13" failures="0" timestamp="07 Mar 2018 02:23:09 GMT" time="699.236" errors="0">
  <testcase name="TC_409_MC_ME_B" time="41.771" classname="MC.TestSetF"/>
  <testcase name="TC_403_MC_GC_B" time="47.372" classname="MC.TestSetF"/>
  <testcase name="TC_405_MC_FF_A" time="59.908" classname="MC.TestSetF"/>
  <testcase name="TC_402_MC_GC_A" time="49.090" classname="MC.TestSetF"/>
  <testcase name="TC_412_DownAndUPonly_FF" time="70.416" classname="MC.TestSetF"/>
  <testcase name="CalculateMortgatePayment_HardCodedValues" time="55.165" classname="MC.TestSetF"/>
  <testcase name="TC_404_MC_GC_C" time="48.858" classname="MC.TestSetF"/>
  <testcase name="TC_413_DownAndUPonly_ME" time="58.881" classname="MC.TestSetF"/>
  <testcase name="TC_411_DownAndUPonly_CHROME" time="64.719" classname="MC.TestSetF"/>
  <testcase name="TC_406_MC_FF_B" time="58.657" classname="MC.TestSetF"/>
  <testcase name="TC_408_MC_ME_A" time="42.606" classname="MC.TestSetF"/>
  <testcase name="TC_10_MC_ME_C" time="43.101" classname="MC.TestSetF"/>
  <testcase name="TC_407_MC_FF_C" time="58.692" classname="MC.TestSetF"/>
</testsuite> <!-- MC.TestSetF -->
