<?xml version="1.0" encoding="UTF-8"?>
<!-- Generated by org.testng.reporters.JUnitReportReporter -->
<testsuite skipped="0" hostname="DESKTOP-75OLIUH" name="FirstClassWith2methods" tests="2" failures="0" timestamp="08 Dec 2017 03:26:53 GMT" time="57.536" errors="0">
  <testcase name="test2" time="0.353" classname="FirstClassWith2methods"/>
  <testcase name="UsersAreAbleToSearch" time="57.183" classname="FirstClassWith2methods"/>
</testsuite> <!-- FirstClassWith2methods -->
