<?xml version="1.0" encoding="UTF-8"?>
<!-- Generated by org.testng.reporters.JUnitReportReporter -->
<testsuite skipped="0" hostname="DESKTOP-75OLIUH" name="cat.TestSet_Cat" tests="6" failures="0" timestamp="10 Sep 2018 03:53:50 GMT" time="507.726" errors="0">
  <testcase name="TC_803_Pink" time="29.913" classname="cat.TestSet_Cat"/>
  <testcase name="TC_802_Red" time="35.336" classname="cat.TestSet_Cat"/>
  <testcase name="TC_804_Yellow" time="29.518" classname="cat.TestSet_Cat"/>
  <testcase name="TC_801_Green" time="28.440" classname="cat.TestSet_Cat"/>
  <testcase name="TC_805_TBD" time="354.732" classname="cat.TestSet_Cat"/>
  <testcase name="TC_806_TBD" time="29.787" classname="cat.TestSet_Cat"/>
</testsuite> <!-- cat.TestSet_Cat -->
