<?xml version="1.0" encoding="UTF-8"?>
<!-- Generated by org.testng.reporters.JUnitReportReporter -->
<testsuite skipped="6" hostname="DESKTOP-75OLIUH" name="Dow.TestSet_Dow" tests="7" failures="0" timestamp="23 Jul 2018 04:12:58 GMT" time="19.487" errors="0">
  <testcase name="TC_107_TBD" time="19.487" classname="Dow.TestSet_Dow"/>
  <testcase name="TC_102_WideRangeOfCSSselectors" classname="Dow.TestSet_Dow">
    <skipped/>
  </testcase> <!-- TC_102_WideRangeOfCSSselectors -->
  <testcase name="TC_105_DropdownValidation" classname="Dow.TestSet_Dow">
    <skipped/>
  </testcase> <!-- TC_105_DropdownValidation -->
  <testcase name="TC_101_HighlightLinksAndButton" classname="Dow.TestSet_Dow">
    <skipped/>
  </testcase> <!-- TC_101_HighlightLinksAndButton -->
  <testcase name="TC_104_NA" classname="Dow.TestSet_Dow">
    <skipped/>
  </testcase> <!-- TC_104_NA -->
  <testcase name="TC_103_CSSselectorS" classname="Dow.TestSet_Dow">
    <skipped/>
  </testcase> <!-- TC_103_CSSselectorS -->
  <testcase name="TC_106_NA_PracticeCSSselector" classname="Dow.TestSet_Dow">
    <skipped/>
  </testcase> <!-- TC_106_NA_PracticeCSSselector -->
</testsuite> <!-- Dow.TestSet_Dow -->
