<?xml version="1.0" encoding="UTF-8"?>
<!-- Generated by org.testng.reporters.JUnitReportReporter -->
<testsuite skipped="0" hostname="DESKTOP-75OLIUH" name="automationPractive.TestSetG" tests="1" failures="0" timestamp="09 Oct 2018 04:20:21 GMT" time="27.681" errors="0">
  <testcase name="test_701_display_WebTableCellValues" time="27.681" classname="automationPractive.TestSetG"/>
</testsuite> <!-- automationPractive.TestSetG -->
