<?xml version="1.0" encoding="UTF-8"?>
<!-- Generated by org.testng.reporters.JUnitReportReporter -->
<testsuite skipped="0" hostname="DESKTOP-75OLIUH" name="FirstClassWith2methods" tests="2" failures="0" timestamp="22 Dec 2017 02:13:12 GMT" time="80.162" errors="0">
  <testcase name="UsersAreAbleToSearch" time="79.705" classname="FirstClassWith2methods"/>
  <testcase name="test2" time="0.457" classname="FirstClassWith2methods"/>
</testsuite> <!-- FirstClassWith2methods -->
