<?xml version="1.0" encoding="UTF-8"?>
<!-- Generated by org.testng.reporters.JUnitReportReporter -->
<testsuite skipped="0" hostname="DESKTOP-75OLIUH" name="MyMath.TestSetMath" tests="2" failures="0" timestamp="09 Sep 2018 16:45:42 GMT" time="245.095" errors="0">
  <testcase name="TC_104_CheckStockOnAllPage" time="243.911" classname="MyMath.TestSetMath"/>
  <testcase name="TC_102" time="1.184" classname="MyMath.TestSetMath"/>
</testsuite> <!-- MyMath.TestSetMath -->
