<?xml version="1.0" encoding="UTF-8"?>
<!-- Generated by org.testng.reporters.JUnitReportReporter -->
<testsuite skipped="0" hostname="DESKTOP-75OLIUH" name="SecondClasssWith2Methods" tests="2" failures="0" timestamp="18 Oct 2017 21:37:45 GMT" time="58.288" errors="0">
  <testcase name="test2" time="0.403" classname="SecondClasssWith2Methods"/>
  <testcase name="UsersAreAbleToSearch" time="57.885" classname="SecondClasssWith2Methods"/>
</testsuite> <!-- SecondClasssWith2Methods -->
