<?xml version="1.0" encoding="UTF-8"?>
<!-- Generated by org.testng.reporters.JUnitReportReporter -->
<testsuite skipped="0" hostname="DESKTOP-75OLIUH" name="FirstClassWith2methods" tests="2" failures="0" timestamp="11 Dec 2017 03:26:58 GMT" time="65.223" errors="0">
  <testcase name="UsersAreAbleToSearch" time="64.770" classname="FirstClassWith2methods"/>
  <testcase name="test2" time="0.453" classname="FirstClassWith2methods"/>
</testsuite> <!-- FirstClassWith2methods -->
