<?xml version="1.0" encoding="UTF-8"?>
<!-- Generated by org.testng.reporters.JUnitReportReporter -->
<testsuite skipped="0" hostname="DESKTOP-75OLIUH" name="SecondClasssWith2Methods" tests="2" failures="0" timestamp="01 Jun 2018 05:00:06 GMT" time="54.771" errors="0">
  <testcase name="UsersAreAbleToSearch" time="54.354" classname="SecondClasssWith2Methods"/>
  <testcase name="test2" time="0.417" classname="SecondClasssWith2Methods"/>
</testsuite> <!-- SecondClasssWith2Methods -->
