<?xml version="1.0" encoding="UTF-8"?>
<!-- Generated by org.testng.reporters.JUnitReportReporter -->
<testsuite skipped="0" hostname="DESKTOP-75OLIUH" name="FromYouFlowers.FYF" tests="4" failures="0" timestamp="17 Jul 2018 19:32:57 GMT" time="187.590" errors="0">
  <testcase name="TC_02_HighlightAllInputs" time="35.579" classname="FromYouFlowers.FYF"/>
  <testcase name="TC_04_PrintPropertyValueInTheConsole" time="15.002" classname="FromYouFlowers.FYF"/>
  <testcase name="TC_03_SearchByColor" time="104.505" classname="FromYouFlowers.FYF"/>
  <testcase name="TC_101_MouseOver" time="32.504" classname="FromYouFlowers.FYF"/>
</testsuite> <!-- FromYouFlowers.FYF -->
