<?xml version="1.0" encoding="UTF-8"?>
<!-- Generated by org.testng.reporters.JUnitReportReporter -->
<testsuite skipped="0" hostname="DESKTOP-75OLIUH" name="FirstClassWith2methods" tests="2" failures="0" timestamp="19 Oct 2017 16:49:40 GMT" time="61.565" errors="0">
  <testcase name="test2" time="0.507" classname="FirstClassWith2methods"/>
  <testcase name="UsersAreAbleToSearch" time="61.058" classname="FirstClassWith2methods"/>
</testsuite> <!-- FirstClassWith2methods -->
