<?xml version="1.0" encoding="UTF-8"?>
<!-- Generated by org.testng.reporters.JUnitReportReporter -->
<testsuite skipped="0" hostname="DESKTOP-75OLIUH" name="MC.TestSetF" tests="13" failures="0" timestamp="27 Dec 2017 02:40:23 GMT" time="1176.755" errors="0">
  <testcase name="TC_412_DownAndUPonly_FF" time="136.802" classname="MC.TestSetF"/>
  <testcase name="TC_411_DownAndUPonly_CHROME" time="156.973" classname="MC.TestSetF"/>
  <testcase name="TC_404_MC_GC_C" time="87.998" classname="MC.TestSetF"/>
  <testcase name="TC_413_DownAndUPonly_ME" time="65.826" classname="MC.TestSetF"/>
  <testcase name="TC_406_MC_FF_B" time="133.514" classname="MC.TestSetF"/>
  <testcase name="TC_408_MC_ME_A" time="48.082" classname="MC.TestSetF"/>
  <testcase name="TC_402_MC_GC_A" time="87.823" classname="MC.TestSetF"/>
  <testcase name="TC_10_MC_ME_C" time="52.161" classname="MC.TestSetF"/>
  <testcase name="CalculateMortgatePayment_HardCodedValues" time="89.616" classname="MC.TestSetF"/>
  <testcase name="TC_409_MC_ME_B" time="47.738" classname="MC.TestSetF"/>
  <testcase name="TC_407_MC_FF_C" time="89.483" classname="MC.TestSetF"/>
  <testcase name="TC_403_MC_GC_B" time="87.250" classname="MC.TestSetF"/>
  <testcase name="TC_405_MC_FF_A" time="93.489" classname="MC.TestSetF"/>
</testsuite> <!-- MC.TestSetF -->
