<?xml version="1.0" encoding="UTF-8"?>
<!-- Generated by org.testng.reporters.JUnitReportReporter -->
<testsuite skipped="0" hostname="DESKTOP-75OLIUH" name="cat.TestSet_Cat" tests="6" failures="0" timestamp="24 Sep 2018 06:28:06 GMT" time="539.644" errors="0">
  <testcase name="TC_803_Pink" time="37.273" classname="cat.TestSet_Cat"/>
  <testcase name="TC_802_Red" time="44.699" classname="cat.TestSet_Cat"/>
  <testcase name="TC_804_Yellow" time="33.283" classname="cat.TestSet_Cat"/>
  <testcase name="TC_801_Green" time="33.563" classname="cat.TestSet_Cat"/>
  <testcase name="TC_805_TBD" time="359.874" classname="cat.TestSet_Cat"/>
  <testcase name="TC_806_TBD" time="30.952" classname="cat.TestSet_Cat"/>
</testsuite> <!-- cat.TestSet_Cat -->
