<?xml version="1.0" encoding="UTF-8"?>
<!-- Generated by org.testng.reporters.JUnitReportReporter -->
<testsuite skipped="0" hostname="DESKTOP-75OLIUH" name="ApplyFirst" tests="1" failures="0" timestamp="20 Dec 2017 03:16:18 GMT" time="0.370" errors="0">
  <testcase name="doThisBeforeAllTestsExecution" time="0.370" classname="ApplyFirst"/>
</testsuite> <!-- ApplyFirst -->
