<?xml version="1.0" encoding="UTF-8"?>
<!-- Generated by org.testng.reporters.JUnitReportReporter -->
<testsuite skipped="0" hostname="DESKTOP-75OLIUH" name="ApplyFirst" tests="1" failures="0" timestamp="02 Mar 2018 21:38:38 GMT" time="0.156" errors="0">
  <testcase name="doThisBeforeAllTestsExecution" time="0.156" classname="ApplyFirst"/>
</testsuite> <!-- ApplyFirst -->
