<?xml version="1.0" encoding="UTF-8"?>
<!-- Generated by org.testng.reporters.JUnitReportReporter -->
<testsuite skipped="0" hostname="DESKTOP-75OLIUH" name="MyMath.TestSetMath" tests="2" failures="0" timestamp="20 Aug 2018 04:24:23 GMT" time="269.220" errors="0">
  <testcase name="TC_104_CheckStockOnAllPage" time="268.243" classname="MyMath.TestSetMath"/>
  <testcase name="TC_102" time="0.977" classname="MyMath.TestSetMath"/>
</testsuite> <!-- MyMath.TestSetMath -->
