<?xml version="1.0" encoding="UTF-8"?>
<!-- Generated by org.testng.reporters.JUnitReportReporter -->
<testsuite skipped="0" hostname="DESKTOP-75OLIUH" name="SecondClasssWith2Methods" tests="2" failures="0" timestamp="06 Apr 2018 14:39:31 GMT" time="57.957" errors="0">
  <testcase name="test2" time="0.767" classname="SecondClasssWith2Methods"/>
  <testcase name="UsersAreAbleToSearch" time="57.190" classname="SecondClasssWith2Methods"/>
</testsuite> <!-- SecondClasssWith2Methods -->
