<?xml version="1.0" encoding="UTF-8"?>
<!-- Generated by org.testng.reporters.JUnitReportReporter -->
<testsuite skipped="1" hostname="DESKTOP-75OLIUH" name="hsbc.TestSetC" tests="4" failures="0" timestamp="17 Oct 2017 18:13:11 GMT" time="446.900" errors="0">
  <testcase name="CountryListOnOnlineBanking" time="349.633" classname="hsbc.TestSetC"/>
  <testcase name="displayMousOverDropdownList" time="72.019" classname="hsbc.TestSetC"/>
  <testcase name="scrollUpAndDown" time="25.248" classname="hsbc.TestSetC"/>
  <testcase name="CountryListOnOnlineBanking3Browsers" classname="hsbc.TestSetC">
    <skipped/>
  </testcase> <!-- CountryListOnOnlineBanking3Browsers -->
</testsuite> <!-- hsbc.TestSetC -->
