<?xml version="1.0" encoding="UTF-8"?>
<!-- Generated by org.testng.reporters.JUnitReportReporter -->
<testsuite skipped="0" hostname="DESKTOP-75OLIUH" name="MC.TestSetF" tests="13" failures="0" timestamp="20 Dec 2017 03:16:18 GMT" time="660.506" errors="0">
  <testcase name="TC_404_MC_GC_C" time="48.814" classname="MC.TestSetF"/>
  <testcase name="TC_405_MC_FF_A" time="54.363" classname="MC.TestSetF"/>
  <testcase name="TC_10_MC_ME_C" time="41.721" classname="MC.TestSetF"/>
  <testcase name="TC_403_MC_GC_B" time="48.140" classname="MC.TestSetF"/>
  <testcase name="TC_407_MC_FF_C" time="50.694" classname="MC.TestSetF"/>
  <testcase name="TC_408_MC_ME_A" time="41.253" classname="MC.TestSetF"/>
  <testcase name="CalculateMortgatePayment_HardCodedValues" time="46.805" classname="MC.TestSetF"/>
  <testcase name="TC_406_MC_FF_B" time="50.295" classname="MC.TestSetF"/>
  <testcase name="TC_402_MC_GC_A" time="49.831" classname="MC.TestSetF"/>
  <testcase name="TC_411_DownAndUPonly_CHROME" time="62.905" classname="MC.TestSetF"/>
  <testcase name="TC_409_MC_ME_B" time="40.672" classname="MC.TestSetF"/>
  <testcase name="TC_413_DownAndUPonly_ME" time="57.903" classname="MC.TestSetF"/>
  <testcase name="TC_412_DownAndUPonly_FF" time="67.110" classname="MC.TestSetF"/>
</testsuite> <!-- MC.TestSetF -->
