<?xml version="1.0" encoding="UTF-8"?>
<!-- Generated by org.testng.reporters.JUnitReportReporter -->
<testsuite skipped="0" hostname="DESKTOP-75OLIUH" name="FirstClassWith2methods" tests="2" failures="0" timestamp="04 Mar 2018 16:27:17 GMT" time="72.569" errors="0">
  <testcase name="UsersAreAbleToSearch" time="72.114" classname="FirstClassWith2methods"/>
  <testcase name="test2" time="0.455" classname="FirstClassWith2methods"/>
</testsuite> <!-- FirstClassWith2methods -->
