<?xml version="1.0" encoding="UTF-8"?>
<!-- Generated by org.testng.reporters.JUnitReportReporter -->
<testsuite skipped="0" hostname="DESKTOP-75OLIUH" name="automationPractive.TestSetG" tests="1" failures="0" timestamp="07 Jul 2018 06:37:05 GMT" time="23.836" errors="0">
  <testcase name="test_701_display_WebTableCellValues" time="23.836" classname="automationPractive.TestSetG"/>
</testsuite> <!-- automationPractive.TestSetG -->
