<?xml version="1.0" encoding="UTF-8"?>
<!-- Generated by org.testng.reporters.JUnitReportReporter -->
<testsuite skipped="0" hostname="DESKTOP-75OLIUH" name="cat.TestSet_Cat" tests="6" failures="0" timestamp="28 Jul 2018 21:19:47 GMT" time="498.473" errors="0">
  <testcase name="TC_803_Pink" time="26.679" classname="cat.TestSet_Cat"/>
  <testcase name="TC_802_Red" time="30.071" classname="cat.TestSet_Cat"/>
  <testcase name="TC_804_Yellow" time="33.784" classname="cat.TestSet_Cat"/>
  <testcase name="TC_801_Green" time="26.349" classname="cat.TestSet_Cat"/>
  <testcase name="TC_805_TBD" time="355.229" classname="cat.TestSet_Cat"/>
  <testcase name="TC_806_TBD" time="26.361" classname="cat.TestSet_Cat"/>
</testsuite> <!-- cat.TestSet_Cat -->
