<?xml version="1.0" encoding="UTF-8"?>
<!-- Generated by org.testng.reporters.JUnitReportReporter -->
<testsuite skipped="0" hostname="DESKTOP-75OLIUH" name="SecondClasssWith2Methods" tests="2" failures="0" timestamp="15 Apr 2018 04:12:04 GMT" time="55.351" errors="0">
  <testcase name="test2" time="0.254" classname="SecondClasssWith2Methods"/>
  <testcase name="UsersAreAbleToSearch" time="55.097" classname="SecondClasssWith2Methods"/>
</testsuite> <!-- SecondClasssWith2Methods -->
