<?xml version="1.0" encoding="UTF-8"?>
<!-- Generated by org.testng.reporters.JUnitReportReporter -->
<testsuite skipped="0" hostname="DESKTOP-75OLIUH" name="Nasdaq.TestSet_Nasdaq" tests="3" failures="0" timestamp="13 Jul 2018 06:59:09 GMT" time="218.937" errors="0">
  <testcase name="TC_103_HashMap" time="34.577" classname="Nasdaq.TestSet_Nasdaq"/>
  <testcase name="TC_101_StockSearch" time="116.416" classname="Nasdaq.TestSet_Nasdaq"/>
  <testcase name="TC_102_WebTableCount" time="67.944" classname="Nasdaq.TestSet_Nasdaq"/>
</testsuite> <!-- Nasdaq.TestSet_Nasdaq -->
