<?xml version="1.0" encoding="UTF-8"?>
<!-- Generated by org.testng.reporters.JUnitReportReporter -->
<testsuite skipped="0" hostname="DESKTOP-75OLIUH" name="hsbc.TestSetC" tests="3" failures="0" timestamp="10 Oct 2017 18:51:32 GMT" time="415.168" errors="0">
  <testcase name="displayMousOverDropdownList" time="32.369" classname="hsbc.TestSetC"/>
  <testcase name="CountryListOnOnlineBanking" time="348.565" classname="hsbc.TestSetC"/>
  <testcase name="scrollUpAndDown" time="34.234" classname="hsbc.TestSetC"/>
</testsuite> <!-- hsbc.TestSetC -->
