<?xml version="1.0" encoding="UTF-8"?>
<!-- Generated by org.testng.reporters.JUnitReportReporter -->
<testsuite skipped="0" hostname="DESKTOP-75OLIUH" name="MyMath.TestSetMath_Version2" tests="2" failures="0" timestamp="09 Sep 2018 17:57:49 GMT" time="253.350" errors="0">
  <testcase name="TC_104_CheckStockOnAllPage" time="252.096" classname="MyMath.TestSetMath_Version2"/>
  <testcase name="TC_102" time="1.254" classname="MyMath.TestSetMath_Version2"/>
</testsuite> <!-- MyMath.TestSetMath_Version2 -->
