<?xml version="1.0" encoding="UTF-8"?>
<!-- Generated by org.testng.reporters.JUnitReportReporter -->
<testsuite skipped="0" hostname="DESKTOP-75OLIUH" name="MC.TestSetF" tests="13" failures="0" timestamp="10 Apr 2018 04:37:23 GMT" time="686.182" errors="0">
  <testcase name="TC_406_MC_FF_B" time="55.998" classname="MC.TestSetF"/>
  <testcase name="TC_413_DownAndUPonly_ME" time="59.297" classname="MC.TestSetF"/>
  <testcase name="TC_10_MC_ME_C" time="42.314" classname="MC.TestSetF"/>
  <testcase name="TC_408_MC_ME_A" time="41.547" classname="MC.TestSetF"/>
  <testcase name="TC_411_DownAndUPonly_CHROME" time="62.833" classname="MC.TestSetF"/>
  <testcase name="TC_409_MC_ME_B" time="41.705" classname="MC.TestSetF"/>
  <testcase name="TC_404_MC_GC_C" time="48.425" classname="MC.TestSetF"/>
  <testcase name="TC_412_DownAndUPonly_FF" time="69.528" classname="MC.TestSetF"/>
  <testcase name="TC_407_MC_FF_C" time="52.616" classname="MC.TestSetF"/>
  <testcase name="CalculateMortgatePayment_HardCodedValues" time="54.426" classname="MC.TestSetF"/>
  <testcase name="TC_402_MC_GC_A" time="51.244" classname="MC.TestSetF"/>
  <testcase name="TC_405_MC_FF_A" time="57.951" classname="MC.TestSetF"/>
  <testcase name="TC_403_MC_GC_B" time="48.298" classname="MC.TestSetF"/>
</testsuite> <!-- MC.TestSetF -->
