<?xml version="1.0" encoding="UTF-8"?>
<!-- Generated by org.testng.reporters.JUnitReportReporter -->
<testsuite skipped="0" hostname="DESKTOP-75OLIUH" name="SecondClasssWith2Methods" tests="2" failures="0" timestamp="22 Jun 2018 05:22:43 GMT" time="54.573" errors="0">
  <testcase name="test2" time="0.310" classname="SecondClasssWith2Methods"/>
  <testcase name="UsersAreAbleToSearch" time="54.263" classname="SecondClasssWith2Methods"/>
</testsuite> <!-- SecondClasssWith2Methods -->
