<?xml version="1.0" encoding="UTF-8"?>
<!-- Generated by org.testng.reporters.JUnitReportReporter -->
<testsuite skipped="0" hostname="DESKTOP-75OLIUH" name="FromYouFlowers.FYF" tests="4" failures="0" timestamp="20 Sep 2018 06:34:13 GMT" time="198.984" errors="0">
  <testcase name="TC_02_HighlightAllInputs" time="38.867" classname="FromYouFlowers.FYF"/>
  <testcase name="TC_03_SearchByColor" time="107.988" classname="FromYouFlowers.FYF"/>
  <testcase name="TC_04_PrintPropertyValueInTheConsole" time="17.467" classname="FromYouFlowers.FYF"/>
  <testcase name="TC_101_MouseOver" time="34.662" classname="FromYouFlowers.FYF"/>
</testsuite> <!-- FromYouFlowers.FYF -->
