<?xml version="1.0" encoding="UTF-8"?>
<!-- Generated by org.testng.reporters.JUnitReportReporter -->
<testsuite skipped="0" hostname="DESKTOP-75OLIUH" name="FirstClassWith2methods" tests="2" failures="0" timestamp="29 Jan 2018 01:38:28 GMT" time="71.813" errors="0">
  <testcase name="test2" time="0.555" classname="FirstClassWith2methods"/>
  <testcase name="UsersAreAbleToSearch" time="71.258" classname="FirstClassWith2methods"/>
</testsuite> <!-- FirstClassWith2methods -->
