<?xml version="1.0" encoding="UTF-8"?>
<!-- Generated by org.testng.reporters.JUnitReportReporter -->
<testsuite skipped="0" hostname="DESKTOP-75OLIUH" name="SecondClasssWith2Methods" tests="2" failures="0" timestamp="20 Oct 2017 16:54:52 GMT" time="63.336" errors="0">
  <testcase name="test2" time="0.405" classname="SecondClasssWith2Methods"/>
  <testcase name="UsersAreAbleToSearch" time="62.931" classname="SecondClasssWith2Methods"/>
</testsuite> <!-- SecondClasssWith2Methods -->
