<?xml version="1.0" encoding="UTF-8"?>
<!-- Generated by org.testng.reporters.JUnitReportReporter -->
<testsuite skipped="0" hostname="DESKTOP-75OLIUH" name="ApplyFirst" tests="1" failures="0" timestamp="01 Apr 2018 17:37:53 GMT" time="0.148" errors="0">
  <testcase name="doThisBeforeAllTestsExecution" time="0.148" classname="ApplyFirst"/>
</testsuite> <!-- ApplyFirst -->
