<?xml version="1.0" encoding="UTF-8"?>
<!-- Generated by org.testng.reporters.JUnitReportReporter -->
<testsuite skipped="0" hostname="DESKTOP-75OLIUH" name="ApplyFirst" tests="1" failures="0" timestamp="05 Mar 2018 16:22:39 GMT" time="0.114" errors="0">
  <testcase name="doThisBeforeAllTestsExecution" time="0.114" classname="ApplyFirst"/>
</testsuite> <!-- ApplyFirst -->
