<?xml version="1.0" encoding="UTF-8"?>
<!-- Generated by org.testng.reporters.JUnitReportReporter -->
<testsuite skipped="0" hostname="DESKTOP-75OLIUH" name="cat.TestSet_Cat" tests="6" failures="0" timestamp="30 Sep 2018 06:25:38 GMT" time="703.168" errors="0">
  <testcase name="TC_803_Pink" time="38.429" classname="cat.TestSet_Cat"/>
  <testcase name="TC_802_Red" time="44.464" classname="cat.TestSet_Cat"/>
  <testcase name="TC_804_Yellow" time="43.265" classname="cat.TestSet_Cat"/>
  <testcase name="TC_801_Green" time="44.790" classname="cat.TestSet_Cat"/>
  <testcase name="TC_805_TBD" time="499.665" classname="cat.TestSet_Cat"/>
  <testcase name="TC_806_TBD" time="32.555" classname="cat.TestSet_Cat"/>
</testsuite> <!-- cat.TestSet_Cat -->
