<?xml version="1.0" encoding="UTF-8"?>
<!-- Generated by org.testng.reporters.JUnitReportReporter -->
<testsuite skipped="0" hostname="DESKTOP-75OLIUH" name="FirstClassWith2methods" tests="2" failures="0" timestamp="25 Nov 2017 03:43:59 GMT" time="64.912" errors="0">
  <testcase name="UsersAreAbleToSearch" time="64.658" classname="FirstClassWith2methods"/>
  <testcase name="test2" time="0.254" classname="FirstClassWith2methods"/>
</testsuite> <!-- FirstClassWith2methods -->
