<?xml version="1.0" encoding="UTF-8"?>
<!-- Generated by org.testng.reporters.JUnitReportReporter -->
<testsuite skipped="0" hostname="DESKTOP-75OLIUH" name="SecondClasssWith2Methods" tests="2" failures="0" timestamp="10 Apr 2018 04:37:23 GMT" time="52.857" errors="0">
  <testcase name="UsersAreAbleToSearch" time="52.377" classname="SecondClasssWith2Methods"/>
  <testcase name="test2" time="0.480" classname="SecondClasssWith2Methods"/>
</testsuite> <!-- SecondClasssWith2Methods -->
