<?xml version="1.0" encoding="UTF-8"?>
<!-- Generated by org.testng.reporters.JUnitReportReporter -->
<testsuite skipped="0" hostname="DESKTOP-75OLIUH" name="amazon.TestSetAmazon" tests="2" failures="0" timestamp="11 Nov 2017 16:09:32 GMT" time="771.576" errors="0">
  <testcase name="SearchOnLandingPage" time="98.262" classname="amazon.TestSetAmazon"/>
  <testcase name="TC_102" time="673.314" classname="amazon.TestSetAmazon"/>
</testsuite> <!-- amazon.TestSetAmazon -->
