<?xml version="1.0" encoding="UTF-8"?>
<!-- Generated by org.testng.reporters.JUnitReportReporter -->
<testsuite skipped="0" hostname="DESKTOP-75OLIUH" name="ApplyFirst" tests="1" failures="0" timestamp="15 Apr 2018 04:12:04 GMT" time="0.019" errors="0">
  <testcase name="doThisBeforeAllTestsExecution" time="0.019" classname="ApplyFirst"/>
</testsuite> <!-- ApplyFirst -->
