<?xml version="1.0" encoding="UTF-8"?>
<!-- Generated by org.testng.reporters.JUnitReportReporter -->
<testsuite skipped="0" hostname="DESKTOP-75OLIUH" name="MC.TestSetF" tests="13" failures="0" timestamp="16 Feb 2018 03:19:00 GMT" time="824.478" errors="0">
  <testcase name="TC_411_DownAndUPonly_CHROME" time="65.310" classname="MC.TestSetF"/>
  <testcase name="TC_10_MC_ME_C" time="57.016" classname="MC.TestSetF"/>
  <testcase name="TC_406_MC_FF_B" time="66.099" classname="MC.TestSetF"/>
  <testcase name="TC_407_MC_FF_C" time="73.274" classname="MC.TestSetF"/>
  <testcase name="TC_402_MC_GC_A" time="67.816" classname="MC.TestSetF"/>
  <testcase name="TC_405_MC_FF_A" time="83.758" classname="MC.TestSetF"/>
  <testcase name="TC_413_DownAndUPonly_ME" time="58.623" classname="MC.TestSetF"/>
  <testcase name="TC_408_MC_ME_A" time="43.253" classname="MC.TestSetF"/>
  <testcase name="TC_412_DownAndUPonly_FF" time="78.246" classname="MC.TestSetF"/>
  <testcase name="TC_404_MC_GC_C" time="67.002" classname="MC.TestSetF"/>
  <testcase name="TC_409_MC_ME_B" time="43.258" classname="MC.TestSetF"/>
  <testcase name="CalculateMortgatePayment_HardCodedValues" time="65.969" classname="MC.TestSetF"/>
  <testcase name="TC_403_MC_GC_B" time="54.854" classname="MC.TestSetF"/>
</testsuite> <!-- MC.TestSetF -->
