<?xml version="1.0" encoding="UTF-8"?>
<!-- Generated by org.testng.reporters.JUnitReportReporter -->
<testsuite skipped="0" hostname="DESKTOP-75OLIUH" name="FirstClassWith2methods" tests="2" failures="0" timestamp="28 Sep 2017 02:52:45 GMT" time="54.959" errors="0">
  <testcase name="UsersAreAbleToSearch" time="54.473" classname="FirstClassWith2methods"/>
  <testcase name="test2" time="0.486" classname="FirstClassWith2methods"/>
</testsuite> <!-- FirstClassWith2methods -->
