<?xml version="1.0" encoding="UTF-8"?>
<!-- Generated by org.testng.reporters.JUnitReportReporter -->
<testsuite skipped="0" hostname="DESKTOP-75OLIUH" name="SecondClasssWith2Methods" tests="2" failures="0" timestamp="23 Jul 2018 04:12:58 GMT" time="58.054" errors="0">
  <testcase name="UsersAreAbleToSearch" time="57.635" classname="SecondClasssWith2Methods"/>
  <testcase name="test2" time="0.419" classname="SecondClasssWith2Methods"/>
</testsuite> <!-- SecondClasssWith2Methods -->
