<?xml version="1.0" encoding="UTF-8"?>
<!-- Generated by org.testng.reporters.JUnitReportReporter -->
<testsuite skipped="1" hostname="DESKTOP-75OLIUH" name="bing2.TestSet2_bing" tests="6" failures="0" timestamp="05 Sep 2018 06:11:50 GMT" time="939.631" errors="0">
  <testcase name="TC_SE_CHROME" time="72.189" classname="bing2.TestSet2_bing"/>
  <testcase name="TC_SE_ie" time="715.638" classname="bing2.TestSet2_bing"/>
  <testcase name="TC_101_TBD" time="21.048" classname="bing2.TestSet2_bing"/>
  <testcase name="TC_SE_Firefox" time="70.199" classname="bing2.TestSet2_bing"/>
  <testcase name="TC_SE_MicrosoftEdge" time="60.557" classname="bing2.TestSet2_bing"/>
  <testcase name="TC_SE_Opera" classname="bing2.TestSet2_bing">
    <skipped/>
  </testcase> <!-- TC_SE_Opera -->
</testsuite> <!-- bing2.TestSet2_bing -->
