<?xml version="1.0" encoding="UTF-8"?>
<!-- Generated by org.testng.reporters.JUnitReportReporter -->
<testsuite skipped="0" hostname="DESKTOP-75OLIUH" name="MC.TestSetF" tests="13" failures="0" timestamp="04 Mar 2018 16:27:17 GMT" time="697.386" errors="0">
  <testcase name="TC_411_DownAndUPonly_CHROME" time="62.702" classname="MC.TestSetF"/>
  <testcase name="TC_405_MC_FF_A" time="61.552" classname="MC.TestSetF"/>
  <testcase name="TC_413_DownAndUPonly_ME" time="58.892" classname="MC.TestSetF"/>
  <testcase name="TC_409_MC_ME_B" time="40.725" classname="MC.TestSetF"/>
  <testcase name="TC_407_MC_FF_C" time="59.134" classname="MC.TestSetF"/>
  <testcase name="TC_402_MC_GC_A" time="48.376" classname="MC.TestSetF"/>
  <testcase name="TC_412_DownAndUPonly_FF" time="72.439" classname="MC.TestSetF"/>
  <testcase name="TC_10_MC_ME_C" time="41.847" classname="MC.TestSetF"/>
  <testcase name="TC_408_MC_ME_A" time="41.871" classname="MC.TestSetF"/>
  <testcase name="CalculateMortgatePayment_HardCodedValues" time="55.282" classname="MC.TestSetF"/>
  <testcase name="TC_406_MC_FF_B" time="58.271" classname="MC.TestSetF"/>
  <testcase name="TC_404_MC_GC_C" time="47.842" classname="MC.TestSetF"/>
  <testcase name="TC_403_MC_GC_B" time="48.453" classname="MC.TestSetF"/>
</testsuite> <!-- MC.TestSetF -->
