<?xml version="1.0" encoding="UTF-8"?>
<!-- Generated by org.testng.reporters.JUnitReportReporter -->
<testsuite skipped="0" hostname="DESKTOP-75OLIUH" name="bing.TestSetBing" tests="1" failures="0" timestamp="24 Apr 2018 11:42:09 GMT" time="93.523" errors="0">
  <testcase name="TC_101_searchOnBingHomePage" time="93.523" classname="bing.TestSetBing"/>
</testsuite> <!-- bing.TestSetBing -->
