<?xml version="1.0" encoding="UTF-8"?>
<!-- Generated by org.testng.reporters.JUnitReportReporter -->
<testsuite skipped="0" hostname="DESKTOP-75OLIUH" name="automationPractive.TestSetG" tests="1" failures="0" timestamp="03 Apr 2018 21:28:04 GMT" time="44.889" errors="0">
  <testcase name="test_701_display_WebTableCellValues" time="44.889" classname="automationPractive.TestSetG"/>
</testsuite> <!-- automationPractive.TestSetG -->
