<?xml version="1.0" encoding="UTF-8"?>
<!-- Generated by org.testng.reporters.JUnitReportReporter -->
<testsuite skipped="0" hostname="DESKTOP-75OLIUH" name="SecondClasssWith2Methods" tests="2" failures="0" timestamp="25 May 2018 05:01:56 GMT" time="411.678" errors="0">
  <testcase name="UsersAreAbleToSearch" time="391.388" classname="SecondClasssWith2Methods"/>
  <testcase name="test2" time="20.290" classname="SecondClasssWith2Methods"/>
</testsuite> <!-- SecondClasssWith2Methods -->
