<?xml version="1.0" encoding="UTF-8"?>
<!-- Generated by org.testng.reporters.JUnitReportReporter -->
<testsuite skipped="0" hostname="DESKTOP-75OLIUH" name="MyMath.TestSetMath" tests="2" failures="0" timestamp="30 Jul 2018 07:16:15 GMT" time="279.741" errors="0">
  <testcase name="TC_104_CheckStockOnAllPage" time="278.629" classname="MyMath.TestSetMath"/>
  <testcase name="TC_102" time="1.112" classname="MyMath.TestSetMath"/>
</testsuite> <!-- MyMath.TestSetMath -->
