<?xml version="1.0" encoding="UTF-8"?>
<!-- Generated by org.testng.reporters.JUnitReportReporter -->
<testsuite skipped="0" hostname="DESKTOP-75OLIUH" name="FirstClassWith2methods" tests="2" failures="0" timestamp="24 Jan 2018 02:27:46 GMT" time="60.748" errors="0">
  <testcase name="test2" time="0.508" classname="FirstClassWith2methods"/>
  <testcase name="UsersAreAbleToSearch" time="60.240" classname="FirstClassWith2methods"/>
</testsuite> <!-- FirstClassWith2methods -->
