<?xml version="1.0" encoding="UTF-8"?>
<!-- Generated by org.testng.reporters.JUnitReportReporter -->
<testsuite skipped="0" hostname="DESKTOP-75OLIUH" name="SecondClasssWith2Methods" tests="2" failures="0" timestamp="19 Oct 2017 18:32:00 GMT" time="59.089" errors="0">
  <testcase name="test2" time="0.504" classname="SecondClasssWith2Methods"/>
  <testcase name="UsersAreAbleToSearch" time="58.585" classname="SecondClasssWith2Methods"/>
</testsuite> <!-- SecondClasssWith2Methods -->
