<?xml version="1.0" encoding="UTF-8"?>
<!-- Generated by org.testng.reporters.JUnitReportReporter -->
<testsuite skipped="0" hostname="DESKTOP-75OLIUH" name="walmart.TestSetB" tests="1" failures="0" timestamp="04 Oct 2017 01:54:06 GMT" time="139.034" errors="0">
  <testcase name="UsersAreAbleToSearch" time="139.034" classname="walmart.TestSetB"/>
</testsuite> <!-- walmart.TestSetB -->
