<?xml version="1.0" encoding="UTF-8"?>
<!-- Generated by org.testng.reporters.JUnitReportReporter -->
<testsuite skipped="0" hostname="DESKTOP-75OLIUH" name="ApplyFirst" tests="1" failures="0" timestamp="23 Feb 2018 04:06:54 GMT" time="0.229" errors="0">
  <testcase name="doThisBeforeAllTestsExecution" time="0.229" classname="ApplyFirst"/>
</testsuite> <!-- ApplyFirst -->
