<?xml version="1.0" encoding="UTF-8"?>
<!-- Generated by org.testng.reporters.JUnitReportReporter -->
<testsuite skipped="0" hostname="DESKTOP-75OLIUH" name="SecondClasssWith2Methods" tests="2" failures="0" timestamp="17 Apr 2018 22:40:39 GMT" time="63.115" errors="0">
  <testcase name="UsersAreAbleToSearch" time="62.811" classname="SecondClasssWith2Methods"/>
  <testcase name="test2" time="0.304" classname="SecondClasssWith2Methods"/>
</testsuite> <!-- SecondClasssWith2Methods -->
