<?xml version="1.0" encoding="UTF-8"?>
<!-- Generated by org.testng.reporters.JUnitReportReporter -->
<testsuite skipped="0" hostname="DESKTOP-75OLIUH" name="SecondClasssWith2Methods" tests="2" failures="0" timestamp="06 May 2018 04:49:03 GMT" time="98.466" errors="0">
  <testcase name="UsersAreAbleToSearch" time="98.110" classname="SecondClasssWith2Methods"/>
  <testcase name="test2" time="0.356" classname="SecondClasssWith2Methods"/>
</testsuite> <!-- SecondClasssWith2Methods -->
