<?xml version="1.0" encoding="UTF-8"?>
<!-- Generated by org.testng.reporters.JUnitReportReporter -->
<testsuite skipped="2" hostname="DESKTOP-75OLIUH" name="MarriottAll.MarriottAllTestSet" tests="7" failures="0" timestamp="30 Sep 2018 06:25:37 GMT" time="147.046" errors="0">
  <testcase name="TC_102_ParametarizationViaDataProvider" time="18.015" classname="MarriottAll.MarriottAllTestSet"/>
  <testcase name="TC_102_ParametarizationViaDataProvider" time="30.371" classname="MarriottAll.MarriottAllTestSet"/>
  <testcase name="TC_102_ParametarizationViaDataProvider" time="12.970" classname="MarriottAll.MarriottAllTestSet"/>
  <testcase name="TC_102_ParametarizationViaDataProvider" time="59.393" classname="MarriottAll.MarriottAllTestSet"/>
  <testcase name="TC_102_ParametarizationViaDataProvider" time="26.297" classname="MarriottAll.MarriottAllTestSet"/>
  <testcase name="TC_101_SelectByKeybordInput" classname="MarriottAll.MarriottAllTestSet">
    <skipped/>
  </testcase> <!-- TC_101_SelectByKeybordInput -->
  <testcase name="TC_102_TBD" classname="MarriottAll.MarriottAllTestSet">
    <skipped/>
  </testcase> <!-- TC_102_TBD -->
</testsuite> <!-- MarriottAll.MarriottAllTestSet -->
