<?xml version="1.0" encoding="UTF-8"?>
<!-- Generated by org.testng.reporters.JUnitReportReporter -->
<testsuite skipped="0" hostname="DESKTOP-75OLIUH" name="SecondClasssWith2Methods" tests="2" failures="0" timestamp="20 Nov 2017 02:58:49 GMT" time="82.472" errors="0">
  <testcase name="test2" time="0.403" classname="SecondClasssWith2Methods"/>
  <testcase name="UsersAreAbleToSearch" time="82.069" classname="SecondClasssWith2Methods"/>
</testsuite> <!-- SecondClasssWith2Methods -->
