<?xml version="1.0" encoding="UTF-8"?>
<!-- Generated by org.testng.reporters.JUnitReportReporter -->
<testsuite skipped="1" hostname="DESKTOP-75OLIUH" name="bing2.TestSet2_bing" tests="6" failures="0" timestamp="02 Sep 2018 03:23:49 GMT" time="953.349" errors="0">
  <testcase name="TC_SE_Firefox" time="71.947" classname="bing2.TestSet2_bing"/>
  <testcase name="TC_SE_MicrosoftEdge" time="59.842" classname="bing2.TestSet2_bing"/>
  <testcase name="TC_SE_ie" time="727.729" classname="bing2.TestSet2_bing"/>
  <testcase name="TC_SE_CHROME" time="70.351" classname="bing2.TestSet2_bing"/>
  <testcase name="TC_101_TBD" time="23.480" classname="bing2.TestSet2_bing"/>
  <testcase name="TC_SE_Opera" classname="bing2.TestSet2_bing">
    <skipped/>
  </testcase> <!-- TC_SE_Opera -->
</testsuite> <!-- bing2.TestSet2_bing -->
