<?xml version="1.0" encoding="UTF-8"?>
<!-- Generated by org.testng.reporters.JUnitReportReporter -->
<testsuite skipped="0" hostname="DESKTOP-75OLIUH" name="MC.TestSetF" tests="13" failures="0" timestamp="02 Mar 2018 21:38:37 GMT" time="698.507" errors="0">
  <testcase name="TC_407_MC_FF_C" time="58.311" classname="MC.TestSetF"/>
  <testcase name="TC_406_MC_FF_B" time="58.370" classname="MC.TestSetF"/>
  <testcase name="TC_10_MC_ME_C" time="42.038" classname="MC.TestSetF"/>
  <testcase name="TC_405_MC_FF_A" time="60.244" classname="MC.TestSetF"/>
  <testcase name="TC_413_DownAndUPonly_ME" time="58.444" classname="MC.TestSetF"/>
  <testcase name="TC_408_MC_ME_A" time="41.709" classname="MC.TestSetF"/>
  <testcase name="CalculateMortgatePayment_HardCodedValues" time="56.207" classname="MC.TestSetF"/>
  <testcase name="TC_411_DownAndUPonly_CHROME" time="62.114" classname="MC.TestSetF"/>
  <testcase name="TC_409_MC_ME_B" time="41.791" classname="MC.TestSetF"/>
  <testcase name="TC_404_MC_GC_C" time="48.626" classname="MC.TestSetF"/>
  <testcase name="TC_412_DownAndUPonly_FF" time="75.338" classname="MC.TestSetF"/>
  <testcase name="TC_402_MC_GC_A" time="48.403" classname="MC.TestSetF"/>
  <testcase name="TC_403_MC_GC_B" time="46.912" classname="MC.TestSetF"/>
</testsuite> <!-- MC.TestSetF -->
