<?xml version="1.0" encoding="UTF-8"?>
<!-- Generated by org.testng.reporters.JUnitReportReporter -->
<testsuite skipped="0" hostname="DESKTOP-75OLIUH" name="cat.TestSet_Cat" tests="6" failures="0" timestamp="05 Sep 2018 06:11:50 GMT" time="746.914" errors="0">
  <testcase name="TC_803_Pink" time="31.637" classname="cat.TestSet_Cat"/>
  <testcase name="TC_802_Red" time="170.308" classname="cat.TestSet_Cat"/>
  <testcase name="TC_804_Yellow" time="33.127" classname="cat.TestSet_Cat"/>
  <testcase name="TC_801_Green" time="88.928" classname="cat.TestSet_Cat"/>
  <testcase name="TC_805_TBD" time="383.914" classname="cat.TestSet_Cat"/>
  <testcase name="TC_806_TBD" time="39.000" classname="cat.TestSet_Cat"/>
</testsuite> <!-- cat.TestSet_Cat -->
