<?xml version="1.0" encoding="UTF-8"?>
<!-- Generated by org.testng.reporters.JUnitReportReporter -->
<testsuite skipped="0" hostname="DESKTOP-75OLIUH" name="SecondClasssWith2Methods" tests="2" failures="0" timestamp="01 Dec 2017 01:07:52 GMT" time="57.835" errors="0">
  <testcase name="test2" time="0.204" classname="SecondClasssWith2Methods"/>
  <testcase name="UsersAreAbleToSearch" time="57.631" classname="SecondClasssWith2Methods"/>
</testsuite> <!-- SecondClasssWith2Methods -->
